2025-01-04T21:48:26.427+02:00  INFO 7088 --- [KafkaTemplate] [main] com.maria.AuctionServiceApplication      : Starting AuctionServiceApplication using Java 21 with PID 7088 (/Users/mryhnwbyzqy/Desktop/Auction/AuctionService/target/classes started by mryhnwbyzqy in /Users/mryhnwbyzqy/Desktop/Auction)
2025-01-04T21:48:26.432+02:00  INFO 7088 --- [KafkaTemplate] [main] com.maria.AuctionServiceApplication      : No active profile set, falling back to 1 default profile: "default"
2025-01-04T21:48:28.084+02:00  INFO 7088 --- [KafkaTemplate] [main] .s.d.r.c.RepositoryConfigurationDelegate : Multiple Spring Data modules found, entering strict repository configuration mode
2025-01-04T21:48:28.088+02:00  INFO 7088 --- [KafkaTemplate] [main] .s.d.r.c.RepositoryConfigurationDelegate : Bootstrapping Spring Data Reactive MongoDB repositories in DEFAULT mode.
2025-01-04T21:48:28.187+02:00  INFO 7088 --- [KafkaTemplate] [main] .RepositoryConfigurationExtensionSupport : Spring Data Reactive MongoDB - Could not safely identify store assignment for repository candidate interface com.maria.repository.AuctionRepository; If you want this repository to be a Reactive MongoDB repository, consider annotating your entities with one of these annotations: org.springframework.data.mongodb.core.mapping.Document (preferred), or consider extending one of the following types with your repository: org.springframework.data.mongodb.repository.ReactiveMongoRepository
2025-01-04T21:48:28.192+02:00  INFO 7088 --- [KafkaTemplate] [main] .s.d.r.c.RepositoryConfigurationDelegate : Finished Spring Data repository scanning in 98 ms. Found 0 Reactive MongoDB repository interfaces.
2025-01-04T21:48:28.243+02:00  INFO 7088 --- [KafkaTemplate] [main] .s.d.r.c.RepositoryConfigurationDelegate : Multiple Spring Data modules found, entering strict repository configuration mode
2025-01-04T21:48:28.243+02:00  INFO 7088 --- [KafkaTemplate] [main] .s.d.r.c.RepositoryConfigurationDelegate : Bootstrapping Spring Data R2DBC repositories in DEFAULT mode.
2025-01-04T21:48:28.375+02:00  INFO 7088 --- [KafkaTemplate] [main] .s.d.r.c.RepositoryConfigurationDelegate : Finished Spring Data repository scanning in 131 ms. Found 1 R2DBC repository interface.
2025-01-04T21:48:28.418+02:00  INFO 7088 --- [KafkaTemplate] [main] .s.d.r.c.RepositoryConfigurationDelegate : Multiple Spring Data modules found, entering strict repository configuration mode
2025-01-04T21:48:28.419+02:00  INFO 7088 --- [KafkaTemplate] [main] .s.d.r.c.RepositoryConfigurationDelegate : Bootstrapping Spring Data Redis repositories in DEFAULT mode.
2025-01-04T21:48:28.438+02:00  INFO 7088 --- [KafkaTemplate] [main] .RepositoryConfigurationExtensionSupport : Spring Data Redis - Could not safely identify store assignment for repository candidate interface com.maria.repository.AuctionRepository; If you want this repository to be a Redis repository, consider annotating your entities with one of these annotations: org.springframework.data.redis.core.RedisHash (preferred), or consider extending one of the following types with your repository: org.springframework.data.keyvalue.repository.KeyValueRepository
2025-01-04T21:48:28.442+02:00  INFO 7088 --- [KafkaTemplate] [main] .s.d.r.c.RepositoryConfigurationDelegate : Finished Spring Data repository scanning in 14 ms. Found 0 Redis repository interfaces.
2025-01-04T21:48:31.139+02:00  INFO 7088 --- [KafkaTemplate] [main] com.maria.service.AuctionServiceImpl     : LOGS IS WORKS
2025-01-04T21:48:31.173+02:00  INFO 7088 --- [KafkaTemplate] [main] o.a.k.clients.consumer.ConsumerConfig    : ConsumerConfig values: 
	allow.auto.create.topics = true
	auto.commit.interval.ms = 5000
	auto.include.jmx.reporter = true
	auto.offset.reset = latest
	bootstrap.servers = [localhost:9092]
	check.crcs = true
	client.dns.lookup = use_all_dns_ips
	client.id = consumer-bid-consumer-group-1
	client.rack = 
	connections.max.idle.ms = 540000
	default.api.timeout.ms = 60000
	enable.auto.commit = false
	enable.metrics.push = true
	exclude.internal.topics = true
	fetch.max.bytes = 52428800
	fetch.max.wait.ms = 500
	fetch.min.bytes = 1
	group.id = bid-consumer-group
	group.instance.id = null
	group.protocol = classic
	group.remote.assignor = null
	heartbeat.interval.ms = 3000
	interceptor.classes = []
	internal.leave.group.on.close = true
	internal.throw.on.fetch.stable.offset.unsupported = false
	isolation.level = read_uncommitted
	key.deserializer = class org.apache.kafka.common.serialization.StringDeserializer
	max.partition.fetch.bytes = 1048576
	max.poll.interval.ms = 300000
	max.poll.records = 500
	metadata.max.age.ms = 300000
	metric.reporters = []
	metrics.num.samples = 2
	metrics.recording.level = INFO
	metrics.sample.window.ms = 30000
	partition.assignment.strategy = [class org.apache.kafka.clients.consumer.RangeAssignor, class org.apache.kafka.clients.consumer.CooperativeStickyAssignor]
	receive.buffer.bytes = 65536
	reconnect.backoff.max.ms = 1000
	reconnect.backoff.ms = 50
	request.timeout.ms = 30000
	retry.backoff.max.ms = 1000
	retry.backoff.ms = 100
	sasl.client.callback.handler.class = null
	sasl.jaas.config = null
	sasl.kerberos.kinit.cmd = /usr/bin/kinit
	sasl.kerberos.min.time.before.relogin = 60000
	sasl.kerberos.service.name = null
	sasl.kerberos.ticket.renew.jitter = 0.05
	sasl.kerberos.ticket.renew.window.factor = 0.8
	sasl.login.callback.handler.class = null
	sasl.login.class = null
	sasl.login.connect.timeout.ms = null
	sasl.login.read.timeout.ms = null
	sasl.login.refresh.buffer.seconds = 300
	sasl.login.refresh.min.period.seconds = 60
	sasl.login.refresh.window.factor = 0.8
	sasl.login.refresh.window.jitter = 0.05
	sasl.login.retry.backoff.max.ms = 10000
	sasl.login.retry.backoff.ms = 100
	sasl.mechanism = GSSAPI
	sasl.oauthbearer.clock.skew.seconds = 30
	sasl.oauthbearer.expected.audience = null
	sasl.oauthbearer.expected.issuer = null
	sasl.oauthbearer.jwks.endpoint.refresh.ms = 3600000
	sasl.oauthbearer.jwks.endpoint.retry.backoff.max.ms = 10000
	sasl.oauthbearer.jwks.endpoint.retry.backoff.ms = 100
	sasl.oauthbearer.jwks.endpoint.url = null
	sasl.oauthbearer.scope.claim.name = scope
	sasl.oauthbearer.sub.claim.name = sub
	sasl.oauthbearer.token.endpoint.url = null
	security.protocol = PLAINTEXT
	security.providers = null
	send.buffer.bytes = 131072
	session.timeout.ms = 45000
	socket.connection.setup.timeout.max.ms = 30000
	socket.connection.setup.timeout.ms = 10000
	ssl.cipher.suites = null
	ssl.enabled.protocols = [TLSv1.2, TLSv1.3]
	ssl.endpoint.identification.algorithm = https
	ssl.engine.factory.class = null
	ssl.key.password = null
	ssl.keymanager.algorithm = SunX509
	ssl.keystore.certificate.chain = null
	ssl.keystore.key = null
	ssl.keystore.location = null
	ssl.keystore.password = null
	ssl.keystore.type = JKS
	ssl.protocol = TLSv1.3
	ssl.provider = null
	ssl.secure.random.implementation = null
	ssl.trustmanager.algorithm = PKIX
	ssl.truststore.certificates = null
	ssl.truststore.location = null
	ssl.truststore.password = null
	ssl.truststore.type = JKS
	value.deserializer = class org.springframework.kafka.support.serializer.JsonDeserializer

2025-01-04T21:48:31.206+02:00  INFO 7088 --- [KafkaTemplate] [main] o.a.k.c.t.i.KafkaMetricsCollector        : initializing Kafka metrics collector
2025-01-04T21:48:31.536+02:00  INFO 7088 --- [KafkaTemplate] [main] o.a.kafka.common.utils.AppInfoParser     : Kafka version: 3.7.1
2025-01-04T21:48:31.538+02:00  INFO 7088 --- [KafkaTemplate] [main] o.a.kafka.common.utils.AppInfoParser     : Kafka commitId: e2494e6ffb89f828
2025-01-04T21:48:31.538+02:00  INFO 7088 --- [KafkaTemplate] [main] o.a.kafka.common.utils.AppInfoParser     : Kafka startTimeMs: 1736020111532
2025-01-04T21:48:31.548+02:00  INFO 7088 --- [KafkaTemplate] [reactive-kafka-bid-consumer-group-1] o.a.k.c.c.internals.LegacyKafkaConsumer  : [Consumer clientId=consumer-bid-consumer-group-1, groupId=bid-consumer-group] Subscribed to topic(s): new-bid-events
2025-01-04T21:48:31.556+02:00  INFO 7088 --- [KafkaTemplate] [main] o.a.k.clients.consumer.ConsumerConfig    : ConsumerConfig values: 
	allow.auto.create.topics = true
	auto.commit.interval.ms = 5000
	auto.include.jmx.reporter = true
	auto.offset.reset = latest
	bootstrap.servers = [localhost:9092]
	check.crcs = true
	client.dns.lookup = use_all_dns_ips
	client.id = consumer-acceptance-consumer-group-2
	client.rack = 
	connections.max.idle.ms = 540000
	default.api.timeout.ms = 60000
	enable.auto.commit = false
	enable.metrics.push = true
	exclude.internal.topics = true
	fetch.max.bytes = 52428800
	fetch.max.wait.ms = 500
	fetch.min.bytes = 1
	group.id = acceptance-consumer-group
	group.instance.id = null
	group.protocol = classic
	group.remote.assignor = null
	heartbeat.interval.ms = 3000
	interceptor.classes = []
	internal.leave.group.on.close = true
	internal.throw.on.fetch.stable.offset.unsupported = false
	isolation.level = read_uncommitted
	key.deserializer = class org.apache.kafka.common.serialization.StringDeserializer
	max.partition.fetch.bytes = 1048576
	max.poll.interval.ms = 300000
	max.poll.records = 500
	metadata.max.age.ms = 300000
	metric.reporters = []
	metrics.num.samples = 2
	metrics.recording.level = INFO
	metrics.sample.window.ms = 30000
	partition.assignment.strategy = [class org.apache.kafka.clients.consumer.RangeAssignor, class org.apache.kafka.clients.consumer.CooperativeStickyAssignor]
	receive.buffer.bytes = 65536
	reconnect.backoff.max.ms = 1000
	reconnect.backoff.ms = 50
	request.timeout.ms = 30000
	retry.backoff.max.ms = 1000
	retry.backoff.ms = 100
	sasl.client.callback.handler.class = null
	sasl.jaas.config = null
	sasl.kerberos.kinit.cmd = /usr/bin/kinit
	sasl.kerberos.min.time.before.relogin = 60000
	sasl.kerberos.service.name = null
	sasl.kerberos.ticket.renew.jitter = 0.05
	sasl.kerberos.ticket.renew.window.factor = 0.8
	sasl.login.callback.handler.class = null
	sasl.login.class = null
	sasl.login.connect.timeout.ms = null
	sasl.login.read.timeout.ms = null
	sasl.login.refresh.buffer.seconds = 300
	sasl.login.refresh.min.period.seconds = 60
	sasl.login.refresh.window.factor = 0.8
	sasl.login.refresh.window.jitter = 0.05
	sasl.login.retry.backoff.max.ms = 10000
	sasl.login.retry.backoff.ms = 100
	sasl.mechanism = GSSAPI
	sasl.oauthbearer.clock.skew.seconds = 30
	sasl.oauthbearer.expected.audience = null
	sasl.oauthbearer.expected.issuer = null
	sasl.oauthbearer.jwks.endpoint.refresh.ms = 3600000
	sasl.oauthbearer.jwks.endpoint.retry.backoff.max.ms = 10000
	sasl.oauthbearer.jwks.endpoint.retry.backoff.ms = 100
	sasl.oauthbearer.jwks.endpoint.url = null
	sasl.oauthbearer.scope.claim.name = scope
	sasl.oauthbearer.sub.claim.name = sub
	sasl.oauthbearer.token.endpoint.url = null
	security.protocol = PLAINTEXT
	security.providers = null
	send.buffer.bytes = 131072
	session.timeout.ms = 45000
	socket.connection.setup.timeout.max.ms = 30000
	socket.connection.setup.timeout.ms = 10000
	ssl.cipher.suites = null
	ssl.enabled.protocols = [TLSv1.2, TLSv1.3]
	ssl.endpoint.identification.algorithm = https
	ssl.engine.factory.class = null
	ssl.key.password = null
	ssl.keymanager.algorithm = SunX509
	ssl.keystore.certificate.chain = null
	ssl.keystore.key = null
	ssl.keystore.location = null
	ssl.keystore.password = null
	ssl.keystore.type = JKS
	ssl.protocol = TLSv1.3
	ssl.provider = null
	ssl.secure.random.implementation = null
	ssl.trustmanager.algorithm = PKIX
	ssl.truststore.certificates = null
	ssl.truststore.location = null
	ssl.truststore.password = null
	ssl.truststore.type = JKS
	value.deserializer = class org.springframework.kafka.support.serializer.JsonDeserializer

2025-01-04T21:48:31.558+02:00  INFO 7088 --- [KafkaTemplate] [main] o.a.k.c.t.i.KafkaMetricsCollector        : initializing Kafka metrics collector
2025-01-04T21:48:31.575+02:00  INFO 7088 --- [KafkaTemplate] [main] o.a.kafka.common.utils.AppInfoParser     : Kafka version: 3.7.1
2025-01-04T21:48:31.575+02:00  INFO 7088 --- [KafkaTemplate] [main] o.a.kafka.common.utils.AppInfoParser     : Kafka commitId: e2494e6ffb89f828
2025-01-04T21:48:31.575+02:00  INFO 7088 --- [KafkaTemplate] [main] o.a.kafka.common.utils.AppInfoParser     : Kafka startTimeMs: 1736020111575
2025-01-04T21:48:31.581+02:00  INFO 7088 --- [KafkaTemplate] [reactive-kafka-acceptance-consumer-group-2] o.a.k.c.c.internals.LegacyKafkaConsumer  : [Consumer clientId=consumer-acceptance-consumer-group-2, groupId=acceptance-consumer-group] Subscribed to topic(s): acceptance-events
2025-01-04T21:48:31.845+02:00  INFO 7088 --- [KafkaTemplate] [reactive-kafka-acceptance-consumer-group-2] org.apache.kafka.clients.Metadata        : [Consumer clientId=consumer-acceptance-consumer-group-2, groupId=acceptance-consumer-group] Cluster ID: 57X2_FiZTHyXgIN_cYpJ3A
2025-01-04T21:48:31.845+02:00  INFO 7088 --- [KafkaTemplate] [reactive-kafka-bid-consumer-group-1] org.apache.kafka.clients.Metadata        : [Consumer clientId=consumer-bid-consumer-group-1, groupId=bid-consumer-group] Cluster ID: 57X2_FiZTHyXgIN_cYpJ3A
2025-01-04T21:48:31.849+02:00  INFO 7088 --- [KafkaTemplate] [reactive-kafka-bid-consumer-group-1] o.a.k.c.c.internals.ConsumerCoordinator  : [Consumer clientId=consumer-bid-consumer-group-1, groupId=bid-consumer-group] Discovered group coordinator macbookair.lan:9092 (id: 2147483647 rack: null)
2025-01-04T21:48:31.849+02:00  INFO 7088 --- [KafkaTemplate] [reactive-kafka-acceptance-consumer-group-2] o.a.k.c.c.internals.ConsumerCoordinator  : [Consumer clientId=consumer-acceptance-consumer-group-2, groupId=acceptance-consumer-group] Discovered group coordinator macbookair.lan:9092 (id: 2147483647 rack: null)
2025-01-04T21:48:31.874+02:00  INFO 7088 --- [KafkaTemplate] [reactive-kafka-acceptance-consumer-group-2] o.a.k.c.c.internals.ConsumerCoordinator  : [Consumer clientId=consumer-acceptance-consumer-group-2, groupId=acceptance-consumer-group] (Re-)joining group
2025-01-04T21:48:31.874+02:00  INFO 7088 --- [KafkaTemplate] [reactive-kafka-bid-consumer-group-1] o.a.k.c.c.internals.ConsumerCoordinator  : [Consumer clientId=consumer-bid-consumer-group-1, groupId=bid-consumer-group] (Re-)joining group
2025-01-04T21:48:31.903+02:00  INFO 7088 --- [KafkaTemplate] [reactive-kafka-acceptance-consumer-group-2] o.a.k.c.c.internals.ConsumerCoordinator  : [Consumer clientId=consumer-acceptance-consumer-group-2, groupId=acceptance-consumer-group] Request joining group due to: need to re-join with the given member-id: consumer-acceptance-consumer-group-2-ea65a160-e4e6-4aa6-ac47-38d436788a01
2025-01-04T21:48:31.903+02:00  INFO 7088 --- [KafkaTemplate] [reactive-kafka-bid-consumer-group-1] o.a.k.c.c.internals.ConsumerCoordinator  : [Consumer clientId=consumer-bid-consumer-group-1, groupId=bid-consumer-group] Request joining group due to: need to re-join with the given member-id: consumer-bid-consumer-group-1-fdef218e-fed1-4a25-aed1-48bfcbf0bb71
2025-01-04T21:48:31.906+02:00  INFO 7088 --- [KafkaTemplate] [reactive-kafka-bid-consumer-group-1] o.a.k.c.c.internals.ConsumerCoordinator  : [Consumer clientId=consumer-bid-consumer-group-1, groupId=bid-consumer-group] (Re-)joining group
2025-01-04T21:48:31.907+02:00  INFO 7088 --- [KafkaTemplate] [reactive-kafka-acceptance-consumer-group-2] o.a.k.c.c.internals.ConsumerCoordinator  : [Consumer clientId=consumer-acceptance-consumer-group-2, groupId=acceptance-consumer-group] (Re-)joining group
2025-01-04T21:48:32.403+02:00  INFO 7088 --- [KafkaTemplate] [main] org.mongodb.driver.client                : MongoClient with metadata {"driver": {"name": "mongo-java-driver|reactive-streams|spring-boot", "version": "5.0.1"}, "os": {"type": "Darwin", "name": "Mac OS X", "architecture": "x86_64", "version": "15.1.1"}, "platform": "Java/Oracle Corporation/21+35-2513"} created with settings MongoClientSettings{readPreference=primary, writeConcern=WriteConcern{w=null, wTimeout=null ms, journal=null}, retryWrites=true, retryReads=true, readConcern=ReadConcern{level=null}, credential=null, transportSettings=NettyTransportSettings{eventLoopGroup=io.netty.channel.nio.NioEventLoopGroup@53d9af1, socketChannelClass=null, allocator=null, sslContext=null}, commandListeners=[], codecRegistry=ProvidersCodecRegistry{codecProviders=[ValueCodecProvider{}, BsonValueCodecProvider{}, DBRefCodecProvider{}, DBObjectCodecProvider{}, DocumentCodecProvider{}, CollectionCodecProvider{}, IterableCodecProvider{}, MapCodecProvider{}, GeoJsonCodecProvider{}, GridFSFileCodecProvider{}, Jsr310CodecProvider{}, JsonObjectCodecProvider{}, BsonCodecProvider{}, EnumCodecProvider{}, com.mongodb.client.model.mql.ExpressionCodecProvider@c89e263, com.mongodb.Jep395RecordCodecProvider@4d5ea776, com.mongodb.KotlinCodecProvider@5d68be4f]}, loggerSettings=LoggerSettings{maxDocumentLength=1000}, clusterSettings={hosts=[localhost:27017], srvServiceName=mongodb, mode=SINGLE, requiredClusterType=UNKNOWN, requiredReplicaSetName='null', serverSelector='null', clusterListeners='[]', serverSelectionTimeout='30000 ms', localThreshold='15 ms'}, socketSettings=SocketSettings{connectTimeoutMS=10000, readTimeoutMS=0, receiveBufferSize=0, proxySettings=ProxySettings{host=null, port=null, username=null, password=null}}, heartbeatSocketSettings=SocketSettings{connectTimeoutMS=10000, readTimeoutMS=10000, receiveBufferSize=0, proxySettings=ProxySettings{host=null, port=null, username=null, password=null}}, connectionPoolSettings=ConnectionPoolSettings{maxSize=100, minSize=0, maxWaitTimeMS=120000, maxConnectionLifeTimeMS=0, maxConnectionIdleTimeMS=0, maintenanceInitialDelayMS=0, maintenanceFrequencyMS=60000, connectionPoolListeners=[], maxConnecting=2}, serverSettings=ServerSettings{heartbeatFrequencyMS=10000, minHeartbeatFrequencyMS=500, serverListeners='[]', serverMonitorListeners='[]'}, sslSettings=SslSettings{enabled=false, invalidHostNameAllowed=false, context=null}, applicationName='null', compressorList=[], uuidRepresentation=JAVA_LEGACY, serverApi=null, autoEncryptionSettings=null, dnsClient=null, inetAddressResolver=null, contextProvider=null}
2025-01-04T21:48:32.488+02:00  INFO 7088 --- [KafkaTemplate] [cluster-ClusterId{value='677990901e0d5d1946ca8dbc', description='null'}-localhost:27017] org.mongodb.driver.cluster               : Monitor thread successfully connected to server with description ServerDescription{address=localhost:27017, type=STANDALONE, state=CONNECTED, ok=true, minWireVersion=0, maxWireVersion=25, maxDocumentSize=16777216, logicalSessionTimeoutMinutes=30, roundTripTimeNanos=62844333}
2025-01-04T21:48:33.404+02:00  INFO 7088 --- [KafkaTemplate] [main] o.a.k.clients.admin.AdminClientConfig    : AdminClientConfig values: 
	auto.include.jmx.reporter = true
	bootstrap.controllers = []
	bootstrap.servers = [localhost:9092]
	client.dns.lookup = use_all_dns_ips
	client.id = KafkaTemplate-admin-0
	connections.max.idle.ms = 300000
	default.api.timeout.ms = 60000
	enable.metrics.push = true
	metadata.max.age.ms = 300000
	metric.reporters = []
	metrics.num.samples = 2
	metrics.recording.level = INFO
	metrics.sample.window.ms = 30000
	receive.buffer.bytes = 65536
	reconnect.backoff.max.ms = 1000
	reconnect.backoff.ms = 50
	request.timeout.ms = 30000
	retries = 2147483647
	retry.backoff.max.ms = 1000
	retry.backoff.ms = 100
	sasl.client.callback.handler.class = null
	sasl.jaas.config = null
	sasl.kerberos.kinit.cmd = /usr/bin/kinit
	sasl.kerberos.min.time.before.relogin = 60000
	sasl.kerberos.service.name = null
	sasl.kerberos.ticket.renew.jitter = 0.05
	sasl.kerberos.ticket.renew.window.factor = 0.8
	sasl.login.callback.handler.class = null
	sasl.login.class = null
	sasl.login.connect.timeout.ms = null
	sasl.login.read.timeout.ms = null
	sasl.login.refresh.buffer.seconds = 300
	sasl.login.refresh.min.period.seconds = 60
	sasl.login.refresh.window.factor = 0.8
	sasl.login.refresh.window.jitter = 0.05
	sasl.login.retry.backoff.max.ms = 10000
	sasl.login.retry.backoff.ms = 100
	sasl.mechanism = GSSAPI
	sasl.oauthbearer.clock.skew.seconds = 30
	sasl.oauthbearer.expected.audience = null
	sasl.oauthbearer.expected.issuer = null
	sasl.oauthbearer.jwks.endpoint.refresh.ms = 3600000
	sasl.oauthbearer.jwks.endpoint.retry.backoff.max.ms = 10000
	sasl.oauthbearer.jwks.endpoint.retry.backoff.ms = 100
	sasl.oauthbearer.jwks.endpoint.url = null
	sasl.oauthbearer.scope.claim.name = scope
	sasl.oauthbearer.sub.claim.name = sub
	sasl.oauthbearer.token.endpoint.url = null
	security.protocol = PLAINTEXT
	security.providers = null
	send.buffer.bytes = 131072
	socket.connection.setup.timeout.max.ms = 30000
	socket.connection.setup.timeout.ms = 10000
	ssl.cipher.suites = null
	ssl.enabled.protocols = [TLSv1.2, TLSv1.3]
	ssl.endpoint.identification.algorithm = https
	ssl.engine.factory.class = null
	ssl.key.password = null
	ssl.keymanager.algorithm = SunX509
	ssl.keystore.certificate.chain = null
	ssl.keystore.key = null
	ssl.keystore.location = null
	ssl.keystore.password = null
	ssl.keystore.type = JKS
	ssl.protocol = TLSv1.3
	ssl.provider = null
	ssl.secure.random.implementation = null
	ssl.trustmanager.algorithm = PKIX
	ssl.truststore.certificates = null
	ssl.truststore.location = null
	ssl.truststore.password = null
	ssl.truststore.type = JKS

2025-01-04T21:48:33.435+02:00  INFO 7088 --- [KafkaTemplate] [main] o.a.kafka.common.utils.AppInfoParser     : Kafka version: 3.7.1
2025-01-04T21:48:33.435+02:00  INFO 7088 --- [KafkaTemplate] [main] o.a.kafka.common.utils.AppInfoParser     : Kafka commitId: e2494e6ffb89f828
2025-01-04T21:48:33.435+02:00  INFO 7088 --- [KafkaTemplate] [main] o.a.kafka.common.utils.AppInfoParser     : Kafka startTimeMs: 1736020113435
2025-01-04T21:48:33.468+02:00  INFO 7088 --- [KafkaTemplate] [kafka-admin-client-thread | KafkaTemplate-admin-0] o.a.kafka.common.utils.AppInfoParser     : App info kafka.admin.client for KafkaTemplate-admin-0 unregistered
2025-01-04T21:48:33.473+02:00  INFO 7088 --- [KafkaTemplate] [kafka-admin-client-thread | KafkaTemplate-admin-0] o.apache.kafka.common.metrics.Metrics    : Metrics scheduler closed
2025-01-04T21:48:33.474+02:00  INFO 7088 --- [KafkaTemplate] [kafka-admin-client-thread | KafkaTemplate-admin-0] o.apache.kafka.common.metrics.Metrics    : Closing reporter org.apache.kafka.common.metrics.JmxReporter
2025-01-04T21:48:33.474+02:00  INFO 7088 --- [KafkaTemplate] [kafka-admin-client-thread | KafkaTemplate-admin-0] o.apache.kafka.common.metrics.Metrics    : Metrics reporters closed
2025-01-04T21:48:33.531+02:00  INFO 7088 --- [KafkaTemplate] [main] o.s.b.web.embedded.netty.NettyWebServer  : Netty started on port 8084 (http)
2025-01-04T21:48:33.545+02:00  INFO 7088 --- [KafkaTemplate] [main] com.maria.AuctionServiceApplication      : Started AuctionServiceApplication in 8.078 seconds (process running for 8.843)
2025-01-04T21:49:07.579+02:00  INFO 7088 --- [KafkaTemplate] [reactive-kafka-acceptance-consumer-group-2] o.a.k.c.c.internals.ConsumerCoordinator  : [Consumer clientId=consumer-acceptance-consumer-group-2, groupId=acceptance-consumer-group] Successfully joined group with generation Generation{generationId=4, memberId='consumer-acceptance-consumer-group-2-ea65a160-e4e6-4aa6-ac47-38d436788a01', protocol='range'}
2025-01-04T21:49:07.579+02:00  INFO 7088 --- [KafkaTemplate] [reactive-kafka-bid-consumer-group-1] o.a.k.c.c.internals.ConsumerCoordinator  : [Consumer clientId=consumer-bid-consumer-group-1, groupId=bid-consumer-group] Successfully joined group with generation Generation{generationId=27, memberId='consumer-bid-consumer-group-1-fdef218e-fed1-4a25-aed1-48bfcbf0bb71', protocol='range'}
2025-01-04T21:49:07.636+02:00  INFO 7088 --- [KafkaTemplate] [reactive-kafka-bid-consumer-group-1] o.a.k.c.c.internals.ConsumerCoordinator  : [Consumer clientId=consumer-bid-consumer-group-1, groupId=bid-consumer-group] Finished assignment for group at generation 27: {consumer-bid-consumer-group-1-fdef218e-fed1-4a25-aed1-48bfcbf0bb71=Assignment(partitions=[new-bid-events-0])}
2025-01-04T21:49:07.636+02:00  INFO 7088 --- [KafkaTemplate] [reactive-kafka-acceptance-consumer-group-2] o.a.k.c.c.internals.ConsumerCoordinator  : [Consumer clientId=consumer-acceptance-consumer-group-2, groupId=acceptance-consumer-group] Finished assignment for group at generation 4: {consumer-acceptance-consumer-group-2-ea65a160-e4e6-4aa6-ac47-38d436788a01=Assignment(partitions=[acceptance-events-0])}
2025-01-04T21:49:07.656+02:00  INFO 7088 --- [KafkaTemplate] [reactive-kafka-bid-consumer-group-1] o.a.k.c.c.internals.ConsumerCoordinator  : [Consumer clientId=consumer-bid-consumer-group-1, groupId=bid-consumer-group] Successfully synced group in generation Generation{generationId=27, memberId='consumer-bid-consumer-group-1-fdef218e-fed1-4a25-aed1-48bfcbf0bb71', protocol='range'}
2025-01-04T21:49:07.656+02:00  INFO 7088 --- [KafkaTemplate] [reactive-kafka-acceptance-consumer-group-2] o.a.k.c.c.internals.ConsumerCoordinator  : [Consumer clientId=consumer-acceptance-consumer-group-2, groupId=acceptance-consumer-group] Successfully synced group in generation Generation{generationId=4, memberId='consumer-acceptance-consumer-group-2-ea65a160-e4e6-4aa6-ac47-38d436788a01', protocol='range'}
2025-01-04T21:49:07.662+02:00  INFO 7088 --- [KafkaTemplate] [reactive-kafka-bid-consumer-group-1] o.a.k.c.c.internals.ConsumerCoordinator  : [Consumer clientId=consumer-bid-consumer-group-1, groupId=bid-consumer-group] Notifying assignor about the new Assignment(partitions=[new-bid-events-0])
2025-01-04T21:49:07.662+02:00  INFO 7088 --- [KafkaTemplate] [reactive-kafka-acceptance-consumer-group-2] o.a.k.c.c.internals.ConsumerCoordinator  : [Consumer clientId=consumer-acceptance-consumer-group-2, groupId=acceptance-consumer-group] Notifying assignor about the new Assignment(partitions=[acceptance-events-0])
2025-01-04T21:49:07.666+02:00  INFO 7088 --- [KafkaTemplate] [reactive-kafka-acceptance-consumer-group-2] k.c.c.i.ConsumerRebalanceListenerInvoker : [Consumer clientId=consumer-acceptance-consumer-group-2, groupId=acceptance-consumer-group] Adding newly assigned partitions: acceptance-events-0
2025-01-04T21:49:07.666+02:00  INFO 7088 --- [KafkaTemplate] [reactive-kafka-bid-consumer-group-1] k.c.c.i.ConsumerRebalanceListenerInvoker : [Consumer clientId=consumer-bid-consumer-group-1, groupId=bid-consumer-group] Adding newly assigned partitions: new-bid-events-0
2025-01-04T21:49:07.681+02:00  INFO 7088 --- [KafkaTemplate] [reactive-kafka-acceptance-consumer-group-2] o.a.k.c.c.internals.ConsumerCoordinator  : [Consumer clientId=consumer-acceptance-consumer-group-2, groupId=acceptance-consumer-group] Found no committed offset for partition acceptance-events-0
2025-01-04T21:49:07.686+02:00  INFO 7088 --- [KafkaTemplate] [reactive-kafka-bid-consumer-group-1] o.a.k.c.c.internals.ConsumerUtils        : Setting offset for partition new-bid-events-0 to the committed offset FetchPosition{offset=13, offsetEpoch=Optional.empty, currentLeader=LeaderAndEpoch{leader=Optional[macbookair.lan:9092 (id: 0 rack: null)], epoch=0}}
2025-01-04T21:49:07.727+02:00  INFO 7088 --- [KafkaTemplate] [reactive-kafka-acceptance-consumer-group-2] o.a.k.c.c.internals.SubscriptionState    : [Consumer clientId=consumer-acceptance-consumer-group-2, groupId=acceptance-consumer-group] Resetting offset for partition acceptance-events-0 to position FetchPosition{offset=7, offsetEpoch=Optional.empty, currentLeader=LeaderAndEpoch{leader=Optional[macbookair.lan:9092 (id: 0 rack: null)], epoch=0}}.
2025-01-04T21:49:57.742+02:00  INFO 7101 --- [KafkaTemplate] [main] com.maria.AuctionServiceApplication      : Starting AuctionServiceApplication using Java 21 with PID 7101 (/Users/mryhnwbyzqy/Desktop/Auction/AuctionService/target/classes started by mryhnwbyzqy in /Users/mryhnwbyzqy/Desktop/Auction)
2025-01-04T21:49:57.746+02:00  INFO 7101 --- [KafkaTemplate] [main] com.maria.AuctionServiceApplication      : No active profile set, falling back to 1 default profile: "default"
2025-01-04T21:49:59.402+02:00  INFO 7101 --- [KafkaTemplate] [main] .s.d.r.c.RepositoryConfigurationDelegate : Multiple Spring Data modules found, entering strict repository configuration mode
2025-01-04T21:49:59.405+02:00  INFO 7101 --- [KafkaTemplate] [main] .s.d.r.c.RepositoryConfigurationDelegate : Bootstrapping Spring Data Reactive MongoDB repositories in DEFAULT mode.
2025-01-04T21:49:59.504+02:00  INFO 7101 --- [KafkaTemplate] [main] .RepositoryConfigurationExtensionSupport : Spring Data Reactive MongoDB - Could not safely identify store assignment for repository candidate interface com.maria.repository.AuctionRepository; If you want this repository to be a Reactive MongoDB repository, consider annotating your entities with one of these annotations: org.springframework.data.mongodb.core.mapping.Document (preferred), or consider extending one of the following types with your repository: org.springframework.data.mongodb.repository.ReactiveMongoRepository
2025-01-04T21:49:59.510+02:00  INFO 7101 --- [KafkaTemplate] [main] .s.d.r.c.RepositoryConfigurationDelegate : Finished Spring Data repository scanning in 99 ms. Found 0 Reactive MongoDB repository interfaces.
2025-01-04T21:49:59.558+02:00  INFO 7101 --- [KafkaTemplate] [main] .s.d.r.c.RepositoryConfigurationDelegate : Multiple Spring Data modules found, entering strict repository configuration mode
2025-01-04T21:49:59.559+02:00  INFO 7101 --- [KafkaTemplate] [main] .s.d.r.c.RepositoryConfigurationDelegate : Bootstrapping Spring Data R2DBC repositories in DEFAULT mode.
2025-01-04T21:49:59.687+02:00  INFO 7101 --- [KafkaTemplate] [main] .s.d.r.c.RepositoryConfigurationDelegate : Finished Spring Data repository scanning in 127 ms. Found 1 R2DBC repository interface.
2025-01-04T21:49:59.729+02:00  INFO 7101 --- [KafkaTemplate] [main] .s.d.r.c.RepositoryConfigurationDelegate : Multiple Spring Data modules found, entering strict repository configuration mode
2025-01-04T21:49:59.730+02:00  INFO 7101 --- [KafkaTemplate] [main] .s.d.r.c.RepositoryConfigurationDelegate : Bootstrapping Spring Data Redis repositories in DEFAULT mode.
2025-01-04T21:49:59.746+02:00  INFO 7101 --- [KafkaTemplate] [main] .RepositoryConfigurationExtensionSupport : Spring Data Redis - Could not safely identify store assignment for repository candidate interface com.maria.repository.AuctionRepository; If you want this repository to be a Redis repository, consider annotating your entities with one of these annotations: org.springframework.data.redis.core.RedisHash (preferred), or consider extending one of the following types with your repository: org.springframework.data.keyvalue.repository.KeyValueRepository
2025-01-04T21:49:59.750+02:00  INFO 7101 --- [KafkaTemplate] [main] .s.d.r.c.RepositoryConfigurationDelegate : Finished Spring Data repository scanning in 12 ms. Found 0 Redis repository interfaces.
2025-01-04T21:50:02.368+02:00  INFO 7101 --- [KafkaTemplate] [main] com.maria.service.AuctionServiceImpl     : LOGS IS WORKS
2025-01-04T21:50:02.401+02:00  INFO 7101 --- [KafkaTemplate] [main] o.a.k.clients.consumer.ConsumerConfig    : ConsumerConfig values: 
	allow.auto.create.topics = true
	auto.commit.interval.ms = 5000
	auto.include.jmx.reporter = true
	auto.offset.reset = latest
	bootstrap.servers = [localhost:9092]
	check.crcs = true
	client.dns.lookup = use_all_dns_ips
	client.id = consumer-bid-consumer-group-1
	client.rack = 
	connections.max.idle.ms = 540000
	default.api.timeout.ms = 60000
	enable.auto.commit = false
	enable.metrics.push = true
	exclude.internal.topics = true
	fetch.max.bytes = 52428800
	fetch.max.wait.ms = 500
	fetch.min.bytes = 1
	group.id = bid-consumer-group
	group.instance.id = null
	group.protocol = classic
	group.remote.assignor = null
	heartbeat.interval.ms = 3000
	interceptor.classes = []
	internal.leave.group.on.close = true
	internal.throw.on.fetch.stable.offset.unsupported = false
	isolation.level = read_uncommitted
	key.deserializer = class org.apache.kafka.common.serialization.StringDeserializer
	max.partition.fetch.bytes = 1048576
	max.poll.interval.ms = 300000
	max.poll.records = 500
	metadata.max.age.ms = 300000
	metric.reporters = []
	metrics.num.samples = 2
	metrics.recording.level = INFO
	metrics.sample.window.ms = 30000
	partition.assignment.strategy = [class org.apache.kafka.clients.consumer.RangeAssignor, class org.apache.kafka.clients.consumer.CooperativeStickyAssignor]
	receive.buffer.bytes = 65536
	reconnect.backoff.max.ms = 1000
	reconnect.backoff.ms = 50
	request.timeout.ms = 30000
	retry.backoff.max.ms = 1000
	retry.backoff.ms = 100
	sasl.client.callback.handler.class = null
	sasl.jaas.config = null
	sasl.kerberos.kinit.cmd = /usr/bin/kinit
	sasl.kerberos.min.time.before.relogin = 60000
	sasl.kerberos.service.name = null
	sasl.kerberos.ticket.renew.jitter = 0.05
	sasl.kerberos.ticket.renew.window.factor = 0.8
	sasl.login.callback.handler.class = null
	sasl.login.class = null
	sasl.login.connect.timeout.ms = null
	sasl.login.read.timeout.ms = null
	sasl.login.refresh.buffer.seconds = 300
	sasl.login.refresh.min.period.seconds = 60
	sasl.login.refresh.window.factor = 0.8
	sasl.login.refresh.window.jitter = 0.05
	sasl.login.retry.backoff.max.ms = 10000
	sasl.login.retry.backoff.ms = 100
	sasl.mechanism = GSSAPI
	sasl.oauthbearer.clock.skew.seconds = 30
	sasl.oauthbearer.expected.audience = null
	sasl.oauthbearer.expected.issuer = null
	sasl.oauthbearer.jwks.endpoint.refresh.ms = 3600000
	sasl.oauthbearer.jwks.endpoint.retry.backoff.max.ms = 10000
	sasl.oauthbearer.jwks.endpoint.retry.backoff.ms = 100
	sasl.oauthbearer.jwks.endpoint.url = null
	sasl.oauthbearer.scope.claim.name = scope
	sasl.oauthbearer.sub.claim.name = sub
	sasl.oauthbearer.token.endpoint.url = null
	security.protocol = PLAINTEXT
	security.providers = null
	send.buffer.bytes = 131072
	session.timeout.ms = 45000
	socket.connection.setup.timeout.max.ms = 30000
	socket.connection.setup.timeout.ms = 10000
	ssl.cipher.suites = null
	ssl.enabled.protocols = [TLSv1.2, TLSv1.3]
	ssl.endpoint.identification.algorithm = https
	ssl.engine.factory.class = null
	ssl.key.password = null
	ssl.keymanager.algorithm = SunX509
	ssl.keystore.certificate.chain = null
	ssl.keystore.key = null
	ssl.keystore.location = null
	ssl.keystore.password = null
	ssl.keystore.type = JKS
	ssl.protocol = TLSv1.3
	ssl.provider = null
	ssl.secure.random.implementation = null
	ssl.trustmanager.algorithm = PKIX
	ssl.truststore.certificates = null
	ssl.truststore.location = null
	ssl.truststore.password = null
	ssl.truststore.type = JKS
	value.deserializer = class org.springframework.kafka.support.serializer.JsonDeserializer

2025-01-04T21:50:02.441+02:00  INFO 7101 --- [KafkaTemplate] [main] o.a.k.c.t.i.KafkaMetricsCollector        : initializing Kafka metrics collector
2025-01-04T21:50:02.775+02:00  INFO 7101 --- [KafkaTemplate] [main] o.a.kafka.common.utils.AppInfoParser     : Kafka version: 3.7.1
2025-01-04T21:50:02.777+02:00  INFO 7101 --- [KafkaTemplate] [main] o.a.kafka.common.utils.AppInfoParser     : Kafka commitId: e2494e6ffb89f828
2025-01-04T21:50:02.777+02:00  INFO 7101 --- [KafkaTemplate] [main] o.a.kafka.common.utils.AppInfoParser     : Kafka startTimeMs: 1736020202770
2025-01-04T21:50:02.788+02:00  INFO 7101 --- [KafkaTemplate] [reactive-kafka-bid-consumer-group-1] o.a.k.c.c.internals.LegacyKafkaConsumer  : [Consumer clientId=consumer-bid-consumer-group-1, groupId=bid-consumer-group] Subscribed to topic(s): new-bid-events
2025-01-04T21:50:02.794+02:00  INFO 7101 --- [KafkaTemplate] [main] o.a.k.clients.consumer.ConsumerConfig    : ConsumerConfig values: 
	allow.auto.create.topics = true
	auto.commit.interval.ms = 5000
	auto.include.jmx.reporter = true
	auto.offset.reset = latest
	bootstrap.servers = [localhost:9092]
	check.crcs = true
	client.dns.lookup = use_all_dns_ips
	client.id = consumer-acceptance-consumer-group-2
	client.rack = 
	connections.max.idle.ms = 540000
	default.api.timeout.ms = 60000
	enable.auto.commit = false
	enable.metrics.push = true
	exclude.internal.topics = true
	fetch.max.bytes = 52428800
	fetch.max.wait.ms = 500
	fetch.min.bytes = 1
	group.id = acceptance-consumer-group
	group.instance.id = null
	group.protocol = classic
	group.remote.assignor = null
	heartbeat.interval.ms = 3000
	interceptor.classes = []
	internal.leave.group.on.close = true
	internal.throw.on.fetch.stable.offset.unsupported = false
	isolation.level = read_uncommitted
	key.deserializer = class org.apache.kafka.common.serialization.StringDeserializer
	max.partition.fetch.bytes = 1048576
	max.poll.interval.ms = 300000
	max.poll.records = 500
	metadata.max.age.ms = 300000
	metric.reporters = []
	metrics.num.samples = 2
	metrics.recording.level = INFO
	metrics.sample.window.ms = 30000
	partition.assignment.strategy = [class org.apache.kafka.clients.consumer.RangeAssignor, class org.apache.kafka.clients.consumer.CooperativeStickyAssignor]
	receive.buffer.bytes = 65536
	reconnect.backoff.max.ms = 1000
	reconnect.backoff.ms = 50
	request.timeout.ms = 30000
	retry.backoff.max.ms = 1000
	retry.backoff.ms = 100
	sasl.client.callback.handler.class = null
	sasl.jaas.config = null
	sasl.kerberos.kinit.cmd = /usr/bin/kinit
	sasl.kerberos.min.time.before.relogin = 60000
	sasl.kerberos.service.name = null
	sasl.kerberos.ticket.renew.jitter = 0.05
	sasl.kerberos.ticket.renew.window.factor = 0.8
	sasl.login.callback.handler.class = null
	sasl.login.class = null
	sasl.login.connect.timeout.ms = null
	sasl.login.read.timeout.ms = null
	sasl.login.refresh.buffer.seconds = 300
	sasl.login.refresh.min.period.seconds = 60
	sasl.login.refresh.window.factor = 0.8
	sasl.login.refresh.window.jitter = 0.05
	sasl.login.retry.backoff.max.ms = 10000
	sasl.login.retry.backoff.ms = 100
	sasl.mechanism = GSSAPI
	sasl.oauthbearer.clock.skew.seconds = 30
	sasl.oauthbearer.expected.audience = null
	sasl.oauthbearer.expected.issuer = null
	sasl.oauthbearer.jwks.endpoint.refresh.ms = 3600000
	sasl.oauthbearer.jwks.endpoint.retry.backoff.max.ms = 10000
	sasl.oauthbearer.jwks.endpoint.retry.backoff.ms = 100
	sasl.oauthbearer.jwks.endpoint.url = null
	sasl.oauthbearer.scope.claim.name = scope
	sasl.oauthbearer.sub.claim.name = sub
	sasl.oauthbearer.token.endpoint.url = null
	security.protocol = PLAINTEXT
	security.providers = null
	send.buffer.bytes = 131072
	session.timeout.ms = 45000
	socket.connection.setup.timeout.max.ms = 30000
	socket.connection.setup.timeout.ms = 10000
	ssl.cipher.suites = null
	ssl.enabled.protocols = [TLSv1.2, TLSv1.3]
	ssl.endpoint.identification.algorithm = https
	ssl.engine.factory.class = null
	ssl.key.password = null
	ssl.keymanager.algorithm = SunX509
	ssl.keystore.certificate.chain = null
	ssl.keystore.key = null
	ssl.keystore.location = null
	ssl.keystore.password = null
	ssl.keystore.type = JKS
	ssl.protocol = TLSv1.3
	ssl.provider = null
	ssl.secure.random.implementation = null
	ssl.trustmanager.algorithm = PKIX
	ssl.truststore.certificates = null
	ssl.truststore.location = null
	ssl.truststore.password = null
	ssl.truststore.type = JKS
	value.deserializer = class org.springframework.kafka.support.serializer.JsonDeserializer

2025-01-04T21:50:02.797+02:00  INFO 7101 --- [KafkaTemplate] [main] o.a.k.c.t.i.KafkaMetricsCollector        : initializing Kafka metrics collector
2025-01-04T21:50:02.824+02:00  INFO 7101 --- [KafkaTemplate] [main] o.a.kafka.common.utils.AppInfoParser     : Kafka version: 3.7.1
2025-01-04T21:50:02.824+02:00  INFO 7101 --- [KafkaTemplate] [main] o.a.kafka.common.utils.AppInfoParser     : Kafka commitId: e2494e6ffb89f828
2025-01-04T21:50:02.824+02:00  INFO 7101 --- [KafkaTemplate] [main] o.a.kafka.common.utils.AppInfoParser     : Kafka startTimeMs: 1736020202824
2025-01-04T21:50:02.826+02:00  INFO 7101 --- [KafkaTemplate] [reactive-kafka-acceptance-consumer-group-2] o.a.k.c.c.internals.LegacyKafkaConsumer  : [Consumer clientId=consumer-acceptance-consumer-group-2, groupId=acceptance-consumer-group] Subscribed to topic(s): acceptance-events
2025-01-04T21:50:03.123+02:00  INFO 7101 --- [KafkaTemplate] [reactive-kafka-bid-consumer-group-1] org.apache.kafka.clients.Metadata        : [Consumer clientId=consumer-bid-consumer-group-1, groupId=bid-consumer-group] Cluster ID: 57X2_FiZTHyXgIN_cYpJ3A
2025-01-04T21:50:03.123+02:00  INFO 7101 --- [KafkaTemplate] [reactive-kafka-acceptance-consumer-group-2] org.apache.kafka.clients.Metadata        : [Consumer clientId=consumer-acceptance-consumer-group-2, groupId=acceptance-consumer-group] Cluster ID: 57X2_FiZTHyXgIN_cYpJ3A
2025-01-04T21:50:03.126+02:00  INFO 7101 --- [KafkaTemplate] [reactive-kafka-bid-consumer-group-1] o.a.k.c.c.internals.ConsumerCoordinator  : [Consumer clientId=consumer-bid-consumer-group-1, groupId=bid-consumer-group] Discovered group coordinator macbookair.lan:9092 (id: 2147483647 rack: null)
2025-01-04T21:50:03.126+02:00  INFO 7101 --- [KafkaTemplate] [reactive-kafka-acceptance-consumer-group-2] o.a.k.c.c.internals.ConsumerCoordinator  : [Consumer clientId=consumer-acceptance-consumer-group-2, groupId=acceptance-consumer-group] Discovered group coordinator macbookair.lan:9092 (id: 2147483647 rack: null)
2025-01-04T21:50:03.145+02:00  INFO 7101 --- [KafkaTemplate] [reactive-kafka-bid-consumer-group-1] o.a.k.c.c.internals.ConsumerCoordinator  : [Consumer clientId=consumer-bid-consumer-group-1, groupId=bid-consumer-group] (Re-)joining group
2025-01-04T21:50:03.145+02:00  INFO 7101 --- [KafkaTemplate] [reactive-kafka-acceptance-consumer-group-2] o.a.k.c.c.internals.ConsumerCoordinator  : [Consumer clientId=consumer-acceptance-consumer-group-2, groupId=acceptance-consumer-group] (Re-)joining group
2025-01-04T21:50:03.171+02:00  INFO 7101 --- [KafkaTemplate] [reactive-kafka-acceptance-consumer-group-2] o.a.k.c.c.internals.ConsumerCoordinator  : [Consumer clientId=consumer-acceptance-consumer-group-2, groupId=acceptance-consumer-group] Request joining group due to: need to re-join with the given member-id: consumer-acceptance-consumer-group-2-ef500f33-4b39-4704-9b6a-d1836eee220f
2025-01-04T21:50:03.171+02:00  INFO 7101 --- [KafkaTemplate] [reactive-kafka-bid-consumer-group-1] o.a.k.c.c.internals.ConsumerCoordinator  : [Consumer clientId=consumer-bid-consumer-group-1, groupId=bid-consumer-group] Request joining group due to: need to re-join with the given member-id: consumer-bid-consumer-group-1-458dc6ee-6122-498d-8db1-6f3bd725566a
2025-01-04T21:50:03.173+02:00  INFO 7101 --- [KafkaTemplate] [reactive-kafka-acceptance-consumer-group-2] o.a.k.c.c.internals.ConsumerCoordinator  : [Consumer clientId=consumer-acceptance-consumer-group-2, groupId=acceptance-consumer-group] (Re-)joining group
2025-01-04T21:50:03.173+02:00  INFO 7101 --- [KafkaTemplate] [reactive-kafka-bid-consumer-group-1] o.a.k.c.c.internals.ConsumerCoordinator  : [Consumer clientId=consumer-bid-consumer-group-1, groupId=bid-consumer-group] (Re-)joining group
2025-01-04T21:50:03.619+02:00  INFO 7101 --- [KafkaTemplate] [main] org.mongodb.driver.client                : MongoClient with metadata {"driver": {"name": "mongo-java-driver|reactive-streams|spring-boot", "version": "5.0.1"}, "os": {"type": "Darwin", "name": "Mac OS X", "architecture": "x86_64", "version": "15.1.1"}, "platform": "Java/Oracle Corporation/21+35-2513"} created with settings MongoClientSettings{readPreference=primary, writeConcern=WriteConcern{w=null, wTimeout=null ms, journal=null}, retryWrites=true, retryReads=true, readConcern=ReadConcern{level=null}, credential=null, transportSettings=NettyTransportSettings{eventLoopGroup=io.netty.channel.nio.NioEventLoopGroup@e7b3e54, socketChannelClass=null, allocator=null, sslContext=null}, commandListeners=[], codecRegistry=ProvidersCodecRegistry{codecProviders=[ValueCodecProvider{}, BsonValueCodecProvider{}, DBRefCodecProvider{}, DBObjectCodecProvider{}, DocumentCodecProvider{}, CollectionCodecProvider{}, IterableCodecProvider{}, MapCodecProvider{}, GeoJsonCodecProvider{}, GridFSFileCodecProvider{}, Jsr310CodecProvider{}, JsonObjectCodecProvider{}, BsonCodecProvider{}, EnumCodecProvider{}, com.mongodb.client.model.mql.ExpressionCodecProvider@78d61f17, com.mongodb.Jep395RecordCodecProvider@4cfe9594, com.mongodb.KotlinCodecProvider@60861e5d]}, loggerSettings=LoggerSettings{maxDocumentLength=1000}, clusterSettings={hosts=[localhost:27017], srvServiceName=mongodb, mode=SINGLE, requiredClusterType=UNKNOWN, requiredReplicaSetName='null', serverSelector='null', clusterListeners='[]', serverSelectionTimeout='30000 ms', localThreshold='15 ms'}, socketSettings=SocketSettings{connectTimeoutMS=10000, readTimeoutMS=0, receiveBufferSize=0, proxySettings=ProxySettings{host=null, port=null, username=null, password=null}}, heartbeatSocketSettings=SocketSettings{connectTimeoutMS=10000, readTimeoutMS=10000, receiveBufferSize=0, proxySettings=ProxySettings{host=null, port=null, username=null, password=null}}, connectionPoolSettings=ConnectionPoolSettings{maxSize=100, minSize=0, maxWaitTimeMS=120000, maxConnectionLifeTimeMS=0, maxConnectionIdleTimeMS=0, maintenanceInitialDelayMS=0, maintenanceFrequencyMS=60000, connectionPoolListeners=[], maxConnecting=2}, serverSettings=ServerSettings{heartbeatFrequencyMS=10000, minHeartbeatFrequencyMS=500, serverListeners='[]', serverMonitorListeners='[]'}, sslSettings=SslSettings{enabled=false, invalidHostNameAllowed=false, context=null}, applicationName='null', compressorList=[], uuidRepresentation=JAVA_LEGACY, serverApi=null, autoEncryptionSettings=null, dnsClient=null, inetAddressResolver=null, contextProvider=null}
2025-01-04T21:50:03.708+02:00  INFO 7101 --- [KafkaTemplate] [cluster-ClusterId{value='677990eb4ec45806c6203506', description='null'}-localhost:27017] org.mongodb.driver.cluster               : Monitor thread successfully connected to server with description ServerDescription{address=localhost:27017, type=STANDALONE, state=CONNECTED, ok=true, minWireVersion=0, maxWireVersion=25, maxDocumentSize=16777216, logicalSessionTimeoutMinutes=30, roundTripTimeNanos=68823083}
2025-01-04T21:50:04.660+02:00  INFO 7101 --- [KafkaTemplate] [main] o.a.k.clients.admin.AdminClientConfig    : AdminClientConfig values: 
	auto.include.jmx.reporter = true
	bootstrap.controllers = []
	bootstrap.servers = [localhost:9092]
	client.dns.lookup = use_all_dns_ips
	client.id = KafkaTemplate-admin-0
	connections.max.idle.ms = 300000
	default.api.timeout.ms = 60000
	enable.metrics.push = true
	metadata.max.age.ms = 300000
	metric.reporters = []
	metrics.num.samples = 2
	metrics.recording.level = INFO
	metrics.sample.window.ms = 30000
	receive.buffer.bytes = 65536
	reconnect.backoff.max.ms = 1000
	reconnect.backoff.ms = 50
	request.timeout.ms = 30000
	retries = 2147483647
	retry.backoff.max.ms = 1000
	retry.backoff.ms = 100
	sasl.client.callback.handler.class = null
	sasl.jaas.config = null
	sasl.kerberos.kinit.cmd = /usr/bin/kinit
	sasl.kerberos.min.time.before.relogin = 60000
	sasl.kerberos.service.name = null
	sasl.kerberos.ticket.renew.jitter = 0.05
	sasl.kerberos.ticket.renew.window.factor = 0.8
	sasl.login.callback.handler.class = null
	sasl.login.class = null
	sasl.login.connect.timeout.ms = null
	sasl.login.read.timeout.ms = null
	sasl.login.refresh.buffer.seconds = 300
	sasl.login.refresh.min.period.seconds = 60
	sasl.login.refresh.window.factor = 0.8
	sasl.login.refresh.window.jitter = 0.05
	sasl.login.retry.backoff.max.ms = 10000
	sasl.login.retry.backoff.ms = 100
	sasl.mechanism = GSSAPI
	sasl.oauthbearer.clock.skew.seconds = 30
	sasl.oauthbearer.expected.audience = null
	sasl.oauthbearer.expected.issuer = null
	sasl.oauthbearer.jwks.endpoint.refresh.ms = 3600000
	sasl.oauthbearer.jwks.endpoint.retry.backoff.max.ms = 10000
	sasl.oauthbearer.jwks.endpoint.retry.backoff.ms = 100
	sasl.oauthbearer.jwks.endpoint.url = null
	sasl.oauthbearer.scope.claim.name = scope
	sasl.oauthbearer.sub.claim.name = sub
	sasl.oauthbearer.token.endpoint.url = null
	security.protocol = PLAINTEXT
	security.providers = null
	send.buffer.bytes = 131072
	socket.connection.setup.timeout.max.ms = 30000
	socket.connection.setup.timeout.ms = 10000
	ssl.cipher.suites = null
	ssl.enabled.protocols = [TLSv1.2, TLSv1.3]
	ssl.endpoint.identification.algorithm = https
	ssl.engine.factory.class = null
	ssl.key.password = null
	ssl.keymanager.algorithm = SunX509
	ssl.keystore.certificate.chain = null
	ssl.keystore.key = null
	ssl.keystore.location = null
	ssl.keystore.password = null
	ssl.keystore.type = JKS
	ssl.protocol = TLSv1.3
	ssl.provider = null
	ssl.secure.random.implementation = null
	ssl.trustmanager.algorithm = PKIX
	ssl.truststore.certificates = null
	ssl.truststore.location = null
	ssl.truststore.password = null
	ssl.truststore.type = JKS

2025-01-04T21:50:04.692+02:00  INFO 7101 --- [KafkaTemplate] [main] o.a.kafka.common.utils.AppInfoParser     : Kafka version: 3.7.1
2025-01-04T21:50:04.693+02:00  INFO 7101 --- [KafkaTemplate] [main] o.a.kafka.common.utils.AppInfoParser     : Kafka commitId: e2494e6ffb89f828
2025-01-04T21:50:04.693+02:00  INFO 7101 --- [KafkaTemplate] [main] o.a.kafka.common.utils.AppInfoParser     : Kafka startTimeMs: 1736020204692
2025-01-04T21:50:04.733+02:00  INFO 7101 --- [KafkaTemplate] [kafka-admin-client-thread | KafkaTemplate-admin-0] o.a.kafka.common.utils.AppInfoParser     : App info kafka.admin.client for KafkaTemplate-admin-0 unregistered
2025-01-04T21:50:04.739+02:00  INFO 7101 --- [KafkaTemplate] [kafka-admin-client-thread | KafkaTemplate-admin-0] o.apache.kafka.common.metrics.Metrics    : Metrics scheduler closed
2025-01-04T21:50:04.739+02:00  INFO 7101 --- [KafkaTemplate] [kafka-admin-client-thread | KafkaTemplate-admin-0] o.apache.kafka.common.metrics.Metrics    : Closing reporter org.apache.kafka.common.metrics.JmxReporter
2025-01-04T21:50:04.739+02:00  INFO 7101 --- [KafkaTemplate] [kafka-admin-client-thread | KafkaTemplate-admin-0] o.apache.kafka.common.metrics.Metrics    : Metrics reporters closed
2025-01-04T21:50:04.795+02:00  INFO 7101 --- [KafkaTemplate] [main] o.s.b.web.embedded.netty.NettyWebServer  : Netty started on port 8084 (http)
2025-01-04T21:50:04.809+02:00  INFO 7101 --- [KafkaTemplate] [main] com.maria.AuctionServiceApplication      : Started AuctionServiceApplication in 8.016 seconds (process running for 8.82)
2025-01-04T21:50:37.681+02:00  INFO 7101 --- [KafkaTemplate] [reactive-kafka-acceptance-consumer-group-2] o.a.k.c.c.internals.ConsumerCoordinator  : [Consumer clientId=consumer-acceptance-consumer-group-2, groupId=acceptance-consumer-group] Successfully joined group with generation Generation{generationId=5, memberId='consumer-acceptance-consumer-group-2-ef500f33-4b39-4704-9b6a-d1836eee220f', protocol='range'}
2025-01-04T21:50:37.681+02:00  INFO 7101 --- [KafkaTemplate] [reactive-kafka-bid-consumer-group-1] o.a.k.c.c.internals.ConsumerCoordinator  : [Consumer clientId=consumer-bid-consumer-group-1, groupId=bid-consumer-group] Successfully joined group with generation Generation{generationId=28, memberId='consumer-bid-consumer-group-1-458dc6ee-6122-498d-8db1-6f3bd725566a', protocol='range'}
2025-01-04T21:50:37.731+02:00  INFO 7101 --- [KafkaTemplate] [reactive-kafka-bid-consumer-group-1] o.a.k.c.c.internals.ConsumerCoordinator  : [Consumer clientId=consumer-bid-consumer-group-1, groupId=bid-consumer-group] Finished assignment for group at generation 28: {consumer-bid-consumer-group-1-458dc6ee-6122-498d-8db1-6f3bd725566a=Assignment(partitions=[new-bid-events-0])}
2025-01-04T21:50:37.731+02:00  INFO 7101 --- [KafkaTemplate] [reactive-kafka-acceptance-consumer-group-2] o.a.k.c.c.internals.ConsumerCoordinator  : [Consumer clientId=consumer-acceptance-consumer-group-2, groupId=acceptance-consumer-group] Finished assignment for group at generation 5: {consumer-acceptance-consumer-group-2-ef500f33-4b39-4704-9b6a-d1836eee220f=Assignment(partitions=[acceptance-events-0])}
2025-01-04T21:50:37.771+02:00  INFO 7101 --- [KafkaTemplate] [reactive-kafka-bid-consumer-group-1] o.a.k.c.c.internals.ConsumerCoordinator  : [Consumer clientId=consumer-bid-consumer-group-1, groupId=bid-consumer-group] Successfully synced group in generation Generation{generationId=28, memberId='consumer-bid-consumer-group-1-458dc6ee-6122-498d-8db1-6f3bd725566a', protocol='range'}
2025-01-04T21:50:37.771+02:00  INFO 7101 --- [KafkaTemplate] [reactive-kafka-acceptance-consumer-group-2] o.a.k.c.c.internals.ConsumerCoordinator  : [Consumer clientId=consumer-acceptance-consumer-group-2, groupId=acceptance-consumer-group] Successfully synced group in generation Generation{generationId=5, memberId='consumer-acceptance-consumer-group-2-ef500f33-4b39-4704-9b6a-d1836eee220f', protocol='range'}
2025-01-04T21:50:37.776+02:00  INFO 7101 --- [KafkaTemplate] [reactive-kafka-bid-consumer-group-1] o.a.k.c.c.internals.ConsumerCoordinator  : [Consumer clientId=consumer-bid-consumer-group-1, groupId=bid-consumer-group] Notifying assignor about the new Assignment(partitions=[new-bid-events-0])
2025-01-04T21:50:37.776+02:00  INFO 7101 --- [KafkaTemplate] [reactive-kafka-acceptance-consumer-group-2] o.a.k.c.c.internals.ConsumerCoordinator  : [Consumer clientId=consumer-acceptance-consumer-group-2, groupId=acceptance-consumer-group] Notifying assignor about the new Assignment(partitions=[acceptance-events-0])
2025-01-04T21:50:37.791+02:00  INFO 7101 --- [KafkaTemplate] [reactive-kafka-acceptance-consumer-group-2] k.c.c.i.ConsumerRebalanceListenerInvoker : [Consumer clientId=consumer-acceptance-consumer-group-2, groupId=acceptance-consumer-group] Adding newly assigned partitions: acceptance-events-0
2025-01-04T21:50:37.791+02:00  INFO 7101 --- [KafkaTemplate] [reactive-kafka-bid-consumer-group-1] k.c.c.i.ConsumerRebalanceListenerInvoker : [Consumer clientId=consumer-bid-consumer-group-1, groupId=bid-consumer-group] Adding newly assigned partitions: new-bid-events-0
2025-01-04T21:50:37.832+02:00  INFO 7101 --- [KafkaTemplate] [reactive-kafka-acceptance-consumer-group-2] o.a.k.c.c.internals.ConsumerCoordinator  : [Consumer clientId=consumer-acceptance-consumer-group-2, groupId=acceptance-consumer-group] Found no committed offset for partition acceptance-events-0
2025-01-04T21:50:37.836+02:00  INFO 7101 --- [KafkaTemplate] [reactive-kafka-bid-consumer-group-1] o.a.k.c.c.internals.ConsumerUtils        : Setting offset for partition new-bid-events-0 to the committed offset FetchPosition{offset=13, offsetEpoch=Optional.empty, currentLeader=LeaderAndEpoch{leader=Optional[macbookair.lan:9092 (id: 0 rack: null)], epoch=0}}
2025-01-04T21:50:37.910+02:00  INFO 7101 --- [KafkaTemplate] [reactive-kafka-acceptance-consumer-group-2] o.a.k.c.c.internals.SubscriptionState    : [Consumer clientId=consumer-acceptance-consumer-group-2, groupId=acceptance-consumer-group] Resetting offset for partition acceptance-events-0 to position FetchPosition{offset=7, offsetEpoch=Optional.empty, currentLeader=LeaderAndEpoch{leader=Optional[macbookair.lan:9092 (id: 0 rack: null)], epoch=0}}.
