2025-06-18T16:59:40.132+03:00  INFO 6660 --- [main] c.m.s.NotificationKafkaServiceTest       : Starting NotificationKafkaServiceTest using Java 21 with PID 6660 (started by mryhnwbyzqy in /Users/mryhnwbyzqy/Desktop/Auction/NotificationService)
2025-06-18T16:59:40.146+03:00  INFO 6660 --- [main] c.m.s.NotificationKafkaServiceTest       : The following 1 profile is active: "integration-test"
2025-06-18T16:59:41.295+03:00  INFO 6660 --- [main] .s.d.r.c.RepositoryConfigurationDelegate : Multiple Spring Data modules found, entering strict repository configuration mode
2025-06-18T16:59:41.299+03:00  INFO 6660 --- [main] .s.d.r.c.RepositoryConfigurationDelegate : Bootstrapping Spring Data Reactive MongoDB repositories in DEFAULT mode.
2025-06-18T16:59:41.449+03:00  INFO 6660 --- [main] .s.d.r.c.RepositoryConfigurationDelegate : Finished Spring Data repository scanning in 145 ms. Found 1 Reactive MongoDB repository interface.
2025-06-18T16:59:42.658+03:00  INFO 6660 --- [main] org.mongodb.driver.client                : MongoClient with metadata {"driver": {"name": "mongo-java-driver|reactive-streams|spring-boot", "version": "5.0.1"}, "os": {"type": "Darwin", "name": "Mac OS X", "architecture": "x86_64", "version": "15.3"}, "platform": "Java/Oracle Corporation/21+35-2513"} created with settings MongoClientSettings{readPreference=primary, writeConcern=WriteConcern{w=null, wTimeout=null ms, journal=null}, retryWrites=true, retryReads=true, readConcern=ReadConcern{level=null}, credential=null, transportSettings=NettyTransportSettings{eventLoopGroup=io.netty.channel.nio.NioEventLoopGroup@545604a9, socketChannelClass=null, allocator=null, sslContext=null}, commandListeners=[], codecRegistry=ProvidersCodecRegistry{codecProviders=[ValueCodecProvider{}, BsonValueCodecProvider{}, DBRefCodecProvider{}, DBObjectCodecProvider{}, DocumentCodecProvider{}, CollectionCodecProvider{}, IterableCodecProvider{}, MapCodecProvider{}, GeoJsonCodecProvider{}, GridFSFileCodecProvider{}, Jsr310CodecProvider{}, JsonObjectCodecProvider{}, BsonCodecProvider{}, EnumCodecProvider{}, com.mongodb.client.model.mql.ExpressionCodecProvider@1029cf9, com.mongodb.Jep395RecordCodecProvider@1c0e4262, com.mongodb.KotlinCodecProvider@27dfd12b]}, loggerSettings=LoggerSettings{maxDocumentLength=1000}, clusterSettings={hosts=[localhost:27017], srvServiceName=mongodb, mode=SINGLE, requiredClusterType=UNKNOWN, requiredReplicaSetName='null', serverSelector='null', clusterListeners='[]', serverSelectionTimeout='30000 ms', localThreshold='15 ms'}, socketSettings=SocketSettings{connectTimeoutMS=10000, readTimeoutMS=0, receiveBufferSize=0, proxySettings=ProxySettings{host=null, port=null, username=null, password=null}}, heartbeatSocketSettings=SocketSettings{connectTimeoutMS=10000, readTimeoutMS=10000, receiveBufferSize=0, proxySettings=ProxySettings{host=null, port=null, username=null, password=null}}, connectionPoolSettings=ConnectionPoolSettings{maxSize=100, minSize=0, maxWaitTimeMS=120000, maxConnectionLifeTimeMS=0, maxConnectionIdleTimeMS=0, maintenanceInitialDelayMS=0, maintenanceFrequencyMS=60000, connectionPoolListeners=[], maxConnecting=2}, serverSettings=ServerSettings{heartbeatFrequencyMS=10000, minHeartbeatFrequencyMS=500, serverListeners='[]', serverMonitorListeners='[]'}, sslSettings=SslSettings{enabled=false, invalidHostNameAllowed=false, context=null}, applicationName='null', compressorList=[], uuidRepresentation=JAVA_LEGACY, serverApi=null, autoEncryptionSettings=null, dnsClient=null, inetAddressResolver=null, contextProvider=null}
2025-06-18T16:59:42.819+03:00  INFO 6660 --- [cluster-ClusterId{value='6852c64e5e183a71778ef44a', description='null'}-localhost:27017] org.mongodb.driver.cluster               : Monitor thread successfully connected to server with description ServerDescription{address=localhost:27017, type=STANDALONE, state=CONNECTED, ok=true, minWireVersion=0, maxWireVersion=25, maxDocumentSize=16777216, logicalSessionTimeoutMinutes=30, roundTripTimeNanos=101820416}
2025-06-18T16:59:46.295+03:00  INFO 6660 --- [main] o.a.k.clients.consumer.ConsumerConfig    : ConsumerConfig values: 
	allow.auto.create.topics = true
	auto.commit.interval.ms = 5000
	auto.include.jmx.reporter = true
	auto.offset.reset = latest
	bootstrap.servers = [localhost:9092]
	check.crcs = true
	client.dns.lookup = use_all_dns_ips
	client.id = consumer-notification-group-1
	client.rack = 
	connections.max.idle.ms = 540000
	default.api.timeout.ms = 60000
	enable.auto.commit = false
	enable.metrics.push = true
	exclude.internal.topics = true
	fetch.max.bytes = 52428800
	fetch.max.wait.ms = 500
	fetch.min.bytes = 1
	group.id = notification-group
	group.instance.id = null
	group.protocol = classic
	group.remote.assignor = null
	heartbeat.interval.ms = 3000
	interceptor.classes = []
	internal.leave.group.on.close = true
	internal.throw.on.fetch.stable.offset.unsupported = false
	isolation.level = read_uncommitted
	key.deserializer = class org.apache.kafka.common.serialization.StringDeserializer
	max.partition.fetch.bytes = 1048576
	max.poll.interval.ms = 300000
	max.poll.records = 500
	metadata.max.age.ms = 300000
	metric.reporters = []
	metrics.num.samples = 2
	metrics.recording.level = INFO
	metrics.sample.window.ms = 30000
	partition.assignment.strategy = [class org.apache.kafka.clients.consumer.RangeAssignor, class org.apache.kafka.clients.consumer.CooperativeStickyAssignor]
	receive.buffer.bytes = 65536
	reconnect.backoff.max.ms = 1000
	reconnect.backoff.ms = 50
	request.timeout.ms = 30000
	retry.backoff.max.ms = 1000
	retry.backoff.ms = 100
	sasl.client.callback.handler.class = null
	sasl.jaas.config = null
	sasl.kerberos.kinit.cmd = /usr/bin/kinit
	sasl.kerberos.min.time.before.relogin = 60000
	sasl.kerberos.service.name = null
	sasl.kerberos.ticket.renew.jitter = 0.05
	sasl.kerberos.ticket.renew.window.factor = 0.8
	sasl.login.callback.handler.class = null
	sasl.login.class = null
	sasl.login.connect.timeout.ms = null
	sasl.login.read.timeout.ms = null
	sasl.login.refresh.buffer.seconds = 300
	sasl.login.refresh.min.period.seconds = 60
	sasl.login.refresh.window.factor = 0.8
	sasl.login.refresh.window.jitter = 0.05
	sasl.login.retry.backoff.max.ms = 10000
	sasl.login.retry.backoff.ms = 100
	sasl.mechanism = GSSAPI
	sasl.oauthbearer.clock.skew.seconds = 30
	sasl.oauthbearer.expected.audience = null
	sasl.oauthbearer.expected.issuer = null
	sasl.oauthbearer.jwks.endpoint.refresh.ms = 3600000
	sasl.oauthbearer.jwks.endpoint.retry.backoff.max.ms = 10000
	sasl.oauthbearer.jwks.endpoint.retry.backoff.ms = 100
	sasl.oauthbearer.jwks.endpoint.url = null
	sasl.oauthbearer.scope.claim.name = scope
	sasl.oauthbearer.sub.claim.name = sub
	sasl.oauthbearer.token.endpoint.url = null
	security.protocol = PLAINTEXT
	security.providers = null
	send.buffer.bytes = 131072
	session.timeout.ms = 45000
	socket.connection.setup.timeout.max.ms = 30000
	socket.connection.setup.timeout.ms = 10000
	ssl.cipher.suites = null
	ssl.enabled.protocols = [TLSv1.2, TLSv1.3]
	ssl.endpoint.identification.algorithm = https
	ssl.engine.factory.class = null
	ssl.key.password = null
	ssl.keymanager.algorithm = SunX509
	ssl.keystore.certificate.chain = null
	ssl.keystore.key = null
	ssl.keystore.location = null
	ssl.keystore.password = null
	ssl.keystore.type = JKS
	ssl.protocol = TLSv1.3
	ssl.provider = null
	ssl.secure.random.implementation = null
	ssl.trustmanager.algorithm = PKIX
	ssl.truststore.certificates = null
	ssl.truststore.location = null
	ssl.truststore.password = null
	ssl.truststore.type = JKS
	value.deserializer = class org.springframework.kafka.support.serializer.JsonDeserializer

2025-06-18T16:59:46.350+03:00  INFO 6660 --- [main] o.a.k.c.t.i.KafkaMetricsCollector        : initializing Kafka metrics collector
2025-06-18T16:59:46.873+03:00  INFO 6660 --- [main] o.a.kafka.common.utils.AppInfoParser     : Kafka version: 3.7.1
2025-06-18T16:59:46.875+03:00  INFO 6660 --- [main] o.a.kafka.common.utils.AppInfoParser     : Kafka commitId: e2494e6ffb89f828
2025-06-18T16:59:46.875+03:00  INFO 6660 --- [main] o.a.kafka.common.utils.AppInfoParser     : Kafka startTimeMs: 1750255186866
2025-06-18T16:59:46.901+03:00  INFO 6660 --- [reactive-kafka-notification-group-1] o.a.k.c.c.internals.LegacyKafkaConsumer  : [Consumer clientId=consumer-notification-group-1, groupId=notification-group] Subscribed to topic(s): new-bid-notification-events
2025-06-18T16:59:46.918+03:00  INFO 6660 --- [main] o.a.k.clients.consumer.ConsumerConfig    : ConsumerConfig values: 
	allow.auto.create.topics = true
	auto.commit.interval.ms = 5000
	auto.include.jmx.reporter = true
	auto.offset.reset = latest
	bootstrap.servers = [localhost:9092]
	check.crcs = true
	client.dns.lookup = use_all_dns_ips
	client.id = consumer-notification-group-2
	client.rack = 
	connections.max.idle.ms = 540000
	default.api.timeout.ms = 60000
	enable.auto.commit = false
	enable.metrics.push = true
	exclude.internal.topics = true
	fetch.max.bytes = 52428800
	fetch.max.wait.ms = 500
	fetch.min.bytes = 1
	group.id = notification-group
	group.instance.id = null
	group.protocol = classic
	group.remote.assignor = null
	heartbeat.interval.ms = 3000
	interceptor.classes = []
	internal.leave.group.on.close = true
	internal.throw.on.fetch.stable.offset.unsupported = false
	isolation.level = read_uncommitted
	key.deserializer = class org.apache.kafka.common.serialization.StringDeserializer
	max.partition.fetch.bytes = 1048576
	max.poll.interval.ms = 300000
	max.poll.records = 500
	metadata.max.age.ms = 300000
	metric.reporters = []
	metrics.num.samples = 2
	metrics.recording.level = INFO
	metrics.sample.window.ms = 30000
	partition.assignment.strategy = [class org.apache.kafka.clients.consumer.RangeAssignor, class org.apache.kafka.clients.consumer.CooperativeStickyAssignor]
	receive.buffer.bytes = 65536
	reconnect.backoff.max.ms = 1000
	reconnect.backoff.ms = 50
	request.timeout.ms = 30000
	retry.backoff.max.ms = 1000
	retry.backoff.ms = 100
	sasl.client.callback.handler.class = null
	sasl.jaas.config = null
	sasl.kerberos.kinit.cmd = /usr/bin/kinit
	sasl.kerberos.min.time.before.relogin = 60000
	sasl.kerberos.service.name = null
	sasl.kerberos.ticket.renew.jitter = 0.05
	sasl.kerberos.ticket.renew.window.factor = 0.8
	sasl.login.callback.handler.class = null
	sasl.login.class = null
	sasl.login.connect.timeout.ms = null
	sasl.login.read.timeout.ms = null
	sasl.login.refresh.buffer.seconds = 300
	sasl.login.refresh.min.period.seconds = 60
	sasl.login.refresh.window.factor = 0.8
	sasl.login.refresh.window.jitter = 0.05
	sasl.login.retry.backoff.max.ms = 10000
	sasl.login.retry.backoff.ms = 100
	sasl.mechanism = GSSAPI
	sasl.oauthbearer.clock.skew.seconds = 30
	sasl.oauthbearer.expected.audience = null
	sasl.oauthbearer.expected.issuer = null
	sasl.oauthbearer.jwks.endpoint.refresh.ms = 3600000
	sasl.oauthbearer.jwks.endpoint.retry.backoff.max.ms = 10000
	sasl.oauthbearer.jwks.endpoint.retry.backoff.ms = 100
	sasl.oauthbearer.jwks.endpoint.url = null
	sasl.oauthbearer.scope.claim.name = scope
	sasl.oauthbearer.sub.claim.name = sub
	sasl.oauthbearer.token.endpoint.url = null
	security.protocol = PLAINTEXT
	security.providers = null
	send.buffer.bytes = 131072
	session.timeout.ms = 45000
	socket.connection.setup.timeout.max.ms = 30000
	socket.connection.setup.timeout.ms = 10000
	ssl.cipher.suites = null
	ssl.enabled.protocols = [TLSv1.2, TLSv1.3]
	ssl.endpoint.identification.algorithm = https
	ssl.engine.factory.class = null
	ssl.key.password = null
	ssl.keymanager.algorithm = SunX509
	ssl.keystore.certificate.chain = null
	ssl.keystore.key = null
	ssl.keystore.location = null
	ssl.keystore.password = null
	ssl.keystore.type = JKS
	ssl.protocol = TLSv1.3
	ssl.provider = null
	ssl.secure.random.implementation = null
	ssl.trustmanager.algorithm = PKIX
	ssl.truststore.certificates = null
	ssl.truststore.location = null
	ssl.truststore.password = null
	ssl.truststore.type = JKS
	value.deserializer = class org.springframework.kafka.support.serializer.JsonDeserializer

2025-06-18T16:59:46.923+03:00  INFO 6660 --- [main] o.a.k.c.t.i.KafkaMetricsCollector        : initializing Kafka metrics collector
2025-06-18T16:59:46.951+03:00  INFO 6660 --- [main] o.a.kafka.common.utils.AppInfoParser     : Kafka version: 3.7.1
2025-06-18T16:59:46.952+03:00  INFO 6660 --- [main] o.a.kafka.common.utils.AppInfoParser     : Kafka commitId: e2494e6ffb89f828
2025-06-18T16:59:46.952+03:00  INFO 6660 --- [main] o.a.kafka.common.utils.AppInfoParser     : Kafka startTimeMs: 1750255186951
2025-06-18T16:59:46.959+03:00  INFO 6660 --- [reactive-kafka-notification-group-2] o.a.k.c.c.internals.LegacyKafkaConsumer  : [Consumer clientId=consumer-notification-group-2, groupId=notification-group] Subscribed to topic(s): auction-finished-notification-events
2025-06-18T16:59:46.963+03:00  INFO 6660 --- [main] o.a.k.clients.consumer.ConsumerConfig    : ConsumerConfig values: 
	allow.auto.create.topics = true
	auto.commit.interval.ms = 5000
	auto.include.jmx.reporter = true
	auto.offset.reset = latest
	bootstrap.servers = [localhost:9092]
	check.crcs = true
	client.dns.lookup = use_all_dns_ips
	client.id = consumer-auction-consumer-group-3
	client.rack = 
	connections.max.idle.ms = 540000
	default.api.timeout.ms = 60000
	enable.auto.commit = false
	enable.metrics.push = true
	exclude.internal.topics = true
	fetch.max.bytes = 52428800
	fetch.max.wait.ms = 500
	fetch.min.bytes = 1
	group.id = auction-consumer-group
	group.instance.id = null
	group.protocol = classic
	group.remote.assignor = null
	heartbeat.interval.ms = 3000
	interceptor.classes = []
	internal.leave.group.on.close = true
	internal.throw.on.fetch.stable.offset.unsupported = false
	isolation.level = read_uncommitted
	key.deserializer = class org.apache.kafka.common.serialization.StringDeserializer
	max.partition.fetch.bytes = 1048576
	max.poll.interval.ms = 300000
	max.poll.records = 500
	metadata.max.age.ms = 300000
	metric.reporters = []
	metrics.num.samples = 2
	metrics.recording.level = INFO
	metrics.sample.window.ms = 30000
	partition.assignment.strategy = [class org.apache.kafka.clients.consumer.RangeAssignor, class org.apache.kafka.clients.consumer.CooperativeStickyAssignor]
	receive.buffer.bytes = 65536
	reconnect.backoff.max.ms = 1000
	reconnect.backoff.ms = 50
	request.timeout.ms = 30000
	retry.backoff.max.ms = 1000
	retry.backoff.ms = 100
	sasl.client.callback.handler.class = null
	sasl.jaas.config = null
	sasl.kerberos.kinit.cmd = /usr/bin/kinit
	sasl.kerberos.min.time.before.relogin = 60000
	sasl.kerberos.service.name = null
	sasl.kerberos.ticket.renew.jitter = 0.05
	sasl.kerberos.ticket.renew.window.factor = 0.8
	sasl.login.callback.handler.class = null
	sasl.login.class = null
	sasl.login.connect.timeout.ms = null
	sasl.login.read.timeout.ms = null
	sasl.login.refresh.buffer.seconds = 300
	sasl.login.refresh.min.period.seconds = 60
	sasl.login.refresh.window.factor = 0.8
	sasl.login.refresh.window.jitter = 0.05
	sasl.login.retry.backoff.max.ms = 10000
	sasl.login.retry.backoff.ms = 100
	sasl.mechanism = GSSAPI
	sasl.oauthbearer.clock.skew.seconds = 30
	sasl.oauthbearer.expected.audience = null
	sasl.oauthbearer.expected.issuer = null
	sasl.oauthbearer.jwks.endpoint.refresh.ms = 3600000
	sasl.oauthbearer.jwks.endpoint.retry.backoff.max.ms = 10000
	sasl.oauthbearer.jwks.endpoint.retry.backoff.ms = 100
	sasl.oauthbearer.jwks.endpoint.url = null
	sasl.oauthbearer.scope.claim.name = scope
	sasl.oauthbearer.sub.claim.name = sub
	sasl.oauthbearer.token.endpoint.url = null
	security.protocol = PLAINTEXT
	security.providers = null
	send.buffer.bytes = 131072
	session.timeout.ms = 45000
	socket.connection.setup.timeout.max.ms = 30000
	socket.connection.setup.timeout.ms = 10000
	ssl.cipher.suites = null
	ssl.enabled.protocols = [TLSv1.2, TLSv1.3]
	ssl.endpoint.identification.algorithm = https
	ssl.engine.factory.class = null
	ssl.key.password = null
	ssl.keymanager.algorithm = SunX509
	ssl.keystore.certificate.chain = null
	ssl.keystore.key = null
	ssl.keystore.location = null
	ssl.keystore.password = null
	ssl.keystore.type = JKS
	ssl.protocol = TLSv1.3
	ssl.provider = null
	ssl.secure.random.implementation = null
	ssl.trustmanager.algorithm = PKIX
	ssl.truststore.certificates = null
	ssl.truststore.location = null
	ssl.truststore.password = null
	ssl.truststore.type = JKS
	value.deserializer = class org.springframework.kafka.support.serializer.JsonDeserializer

2025-06-18T16:59:46.965+03:00  INFO 6660 --- [main] o.a.k.c.t.i.KafkaMetricsCollector        : initializing Kafka metrics collector
2025-06-18T16:59:46.998+03:00  INFO 6660 --- [main] o.a.kafka.common.utils.AppInfoParser     : Kafka version: 3.7.1
2025-06-18T16:59:46.999+03:00  INFO 6660 --- [main] o.a.kafka.common.utils.AppInfoParser     : Kafka commitId: e2494e6ffb89f828
2025-06-18T16:59:46.999+03:00  INFO 6660 --- [main] o.a.kafka.common.utils.AppInfoParser     : Kafka startTimeMs: 1750255186998
2025-06-18T16:59:47.006+03:00  INFO 6660 --- [reactive-kafka-auction-consumer-group-3] o.a.k.c.c.internals.LegacyKafkaConsumer  : [Consumer clientId=consumer-auction-consumer-group-3, groupId=auction-consumer-group] Subscribed to topic(s): delete-auction-events
2025-06-18T16:59:47.688+03:00  INFO 6660 --- [reactive-kafka-notification-group-1] org.apache.kafka.clients.Metadata        : [Consumer clientId=consumer-notification-group-1, groupId=notification-group] Cluster ID: 57X2_FiZTHyXgIN_cYpJ3A
2025-06-18T16:59:47.688+03:00  INFO 6660 --- [reactive-kafka-notification-group-2] org.apache.kafka.clients.Metadata        : [Consumer clientId=consumer-notification-group-2, groupId=notification-group] Cluster ID: 57X2_FiZTHyXgIN_cYpJ3A
2025-06-18T16:59:47.688+03:00  INFO 6660 --- [reactive-kafka-auction-consumer-group-3] org.apache.kafka.clients.Metadata        : [Consumer clientId=consumer-auction-consumer-group-3, groupId=auction-consumer-group] Cluster ID: 57X2_FiZTHyXgIN_cYpJ3A
2025-06-18T16:59:47.751+03:00  INFO 6660 --- [reactive-kafka-notification-group-2] o.a.k.c.c.internals.ConsumerCoordinator  : [Consumer clientId=consumer-notification-group-2, groupId=notification-group] Discovered group coordinator macbookair.lan:9092 (id: 2147483647 rack: null)
2025-06-18T16:59:47.751+03:00  INFO 6660 --- [reactive-kafka-notification-group-1] o.a.k.c.c.internals.ConsumerCoordinator  : [Consumer clientId=consumer-notification-group-1, groupId=notification-group] Discovered group coordinator macbookair.lan:9092 (id: 2147483647 rack: null)
2025-06-18T16:59:47.751+03:00  INFO 6660 --- [reactive-kafka-auction-consumer-group-3] o.a.k.c.c.internals.ConsumerCoordinator  : [Consumer clientId=consumer-auction-consumer-group-3, groupId=auction-consumer-group] Discovered group coordinator macbookair.lan:9092 (id: 2147483647 rack: null)
2025-06-18T16:59:47.845+03:00  INFO 6660 --- [reactive-kafka-auction-consumer-group-3] o.a.k.c.c.internals.ConsumerCoordinator  : [Consumer clientId=consumer-auction-consumer-group-3, groupId=auction-consumer-group] (Re-)joining group
2025-06-18T16:59:47.845+03:00  INFO 6660 --- [reactive-kafka-notification-group-1] o.a.k.c.c.internals.ConsumerCoordinator  : [Consumer clientId=consumer-notification-group-1, groupId=notification-group] (Re-)joining group
2025-06-18T16:59:47.845+03:00  INFO 6660 --- [reactive-kafka-notification-group-2] o.a.k.c.c.internals.ConsumerCoordinator  : [Consumer clientId=consumer-notification-group-2, groupId=notification-group] (Re-)joining group
2025-06-18T16:59:47.939+03:00  INFO 6660 --- [reactive-kafka-auction-consumer-group-3] o.a.k.c.c.internals.ConsumerCoordinator  : [Consumer clientId=consumer-auction-consumer-group-3, groupId=auction-consumer-group] Request joining group due to: need to re-join with the given member-id: consumer-auction-consumer-group-3-f0cfee07-ff74-43c3-8f99-1878802c5c0e
2025-06-18T16:59:47.939+03:00  INFO 6660 --- [reactive-kafka-notification-group-1] o.a.k.c.c.internals.ConsumerCoordinator  : [Consumer clientId=consumer-notification-group-1, groupId=notification-group] Request joining group due to: need to re-join with the given member-id: consumer-notification-group-1-0f25474f-85b0-48c8-bdf3-6b768ffd9bbd
2025-06-18T16:59:47.939+03:00  INFO 6660 --- [reactive-kafka-notification-group-2] o.a.k.c.c.internals.ConsumerCoordinator  : [Consumer clientId=consumer-notification-group-2, groupId=notification-group] Request joining group due to: need to re-join with the given member-id: consumer-notification-group-2-43871f69-42c6-4a8b-b9af-b8e13605aba3
2025-06-18T16:59:47.952+03:00  INFO 6660 --- [reactive-kafka-notification-group-2] o.a.k.c.c.internals.ConsumerCoordinator  : [Consumer clientId=consumer-notification-group-2, groupId=notification-group] (Re-)joining group
2025-06-18T16:59:47.952+03:00  INFO 6660 --- [reactive-kafka-notification-group-1] o.a.k.c.c.internals.ConsumerCoordinator  : [Consumer clientId=consumer-notification-group-1, groupId=notification-group] (Re-)joining group
2025-06-18T16:59:47.952+03:00  INFO 6660 --- [reactive-kafka-auction-consumer-group-3] o.a.k.c.c.internals.ConsumerCoordinator  : [Consumer clientId=consumer-auction-consumer-group-3, groupId=auction-consumer-group] (Re-)joining group
2025-06-18T16:59:48.002+03:00  INFO 6660 --- [reactive-kafka-auction-consumer-group-3] o.a.k.c.c.internals.ConsumerCoordinator  : [Consumer clientId=consumer-auction-consumer-group-3, groupId=auction-consumer-group] Successfully joined group with generation Generation{generationId=56, memberId='consumer-auction-consumer-group-3-f0cfee07-ff74-43c3-8f99-1878802c5c0e', protocol='range'}
2025-06-18T16:59:48.010+03:00  INFO 6660 --- [reactive-kafka-notification-group-1] o.a.k.c.c.internals.ConsumerCoordinator  : [Consumer clientId=consumer-notification-group-1, groupId=notification-group] Successfully joined group with generation Generation{generationId=24, memberId='consumer-notification-group-1-0f25474f-85b0-48c8-bdf3-6b768ffd9bbd', protocol='range'}
2025-06-18T16:59:48.010+03:00  INFO 6660 --- [reactive-kafka-notification-group-2] o.a.k.c.c.internals.ConsumerCoordinator  : [Consumer clientId=consumer-notification-group-2, groupId=notification-group] Successfully joined group with generation Generation{generationId=24, memberId='consumer-notification-group-2-43871f69-42c6-4a8b-b9af-b8e13605aba3', protocol='range'}
2025-06-18T16:59:48.018+03:00  INFO 6660 --- [reactive-kafka-auction-consumer-group-3] o.a.k.c.c.internals.ConsumerCoordinator  : [Consumer clientId=consumer-auction-consumer-group-3, groupId=auction-consumer-group] Finished assignment for group at generation 56: {consumer-auction-consumer-group-3-f0cfee07-ff74-43c3-8f99-1878802c5c0e=Assignment(partitions=[delete-auction-events-0])}
2025-06-18T16:59:48.037+03:00  INFO 6660 --- [reactive-kafka-notification-group-2] o.a.k.c.c.internals.ConsumerCoordinator  : [Consumer clientId=consumer-notification-group-2, groupId=notification-group] Finished assignment for group at generation 24: {consumer-notification-group-1-0f25474f-85b0-48c8-bdf3-6b768ffd9bbd=Assignment(partitions=[new-bid-notification-events-0]), consumer-notification-group-2-43871f69-42c6-4a8b-b9af-b8e13605aba3=Assignment(partitions=[auction-finished-notification-events-0])}
2025-06-18T16:59:48.103+03:00  INFO 6660 --- [reactive-kafka-auction-consumer-group-3] o.a.k.c.c.internals.ConsumerCoordinator  : [Consumer clientId=consumer-auction-consumer-group-3, groupId=auction-consumer-group] Successfully synced group in generation Generation{generationId=56, memberId='consumer-auction-consumer-group-3-f0cfee07-ff74-43c3-8f99-1878802c5c0e', protocol='range'}
2025-06-18T16:59:48.103+03:00  INFO 6660 --- [reactive-kafka-notification-group-1] o.a.k.c.c.internals.ConsumerCoordinator  : [Consumer clientId=consumer-notification-group-1, groupId=notification-group] Successfully synced group in generation Generation{generationId=24, memberId='consumer-notification-group-1-0f25474f-85b0-48c8-bdf3-6b768ffd9bbd', protocol='range'}
2025-06-18T16:59:48.103+03:00  INFO 6660 --- [reactive-kafka-notification-group-2] o.a.k.c.c.internals.ConsumerCoordinator  : [Consumer clientId=consumer-notification-group-2, groupId=notification-group] Successfully synced group in generation Generation{generationId=24, memberId='consumer-notification-group-2-43871f69-42c6-4a8b-b9af-b8e13605aba3', protocol='range'}
2025-06-18T16:59:48.105+03:00  INFO 6660 --- [reactive-kafka-auction-consumer-group-3] o.a.k.c.c.internals.ConsumerCoordinator  : [Consumer clientId=consumer-auction-consumer-group-3, groupId=auction-consumer-group] Notifying assignor about the new Assignment(partitions=[delete-auction-events-0])
2025-06-18T16:59:48.105+03:00  INFO 6660 --- [reactive-kafka-notification-group-1] o.a.k.c.c.internals.ConsumerCoordinator  : [Consumer clientId=consumer-notification-group-1, groupId=notification-group] Notifying assignor about the new Assignment(partitions=[new-bid-notification-events-0])
2025-06-18T16:59:48.105+03:00  INFO 6660 --- [reactive-kafka-notification-group-2] o.a.k.c.c.internals.ConsumerCoordinator  : [Consumer clientId=consumer-notification-group-2, groupId=notification-group] Notifying assignor about the new Assignment(partitions=[auction-finished-notification-events-0])
2025-06-18T16:59:48.110+03:00  INFO 6660 --- [reactive-kafka-auction-consumer-group-3] k.c.c.i.ConsumerRebalanceListenerInvoker : [Consumer clientId=consumer-auction-consumer-group-3, groupId=auction-consumer-group] Adding newly assigned partitions: delete-auction-events-0
2025-06-18T16:59:48.110+03:00  INFO 6660 --- [reactive-kafka-notification-group-2] k.c.c.i.ConsumerRebalanceListenerInvoker : [Consumer clientId=consumer-notification-group-2, groupId=notification-group] Adding newly assigned partitions: auction-finished-notification-events-0
2025-06-18T16:59:48.111+03:00  INFO 6660 --- [reactive-kafka-notification-group-1] k.c.c.i.ConsumerRebalanceListenerInvoker : [Consumer clientId=consumer-notification-group-1, groupId=notification-group] Adding newly assigned partitions: new-bid-notification-events-0
2025-06-18T16:59:48.156+03:00  INFO 6660 --- [reactive-kafka-notification-group-2] o.a.k.c.c.internals.ConsumerUtils        : Setting offset for partition auction-finished-notification-events-0 to the committed offset FetchPosition{offset=35, offsetEpoch=Optional.empty, currentLeader=LeaderAndEpoch{leader=Optional[macbookair.lan:9092 (id: 0 rack: null)], epoch=0}}
2025-06-18T16:59:48.156+03:00  INFO 6660 --- [reactive-kafka-auction-consumer-group-3] o.a.k.c.c.internals.ConsumerUtils        : Setting offset for partition delete-auction-events-0 to the committed offset FetchPosition{offset=30, offsetEpoch=Optional.empty, currentLeader=LeaderAndEpoch{leader=Optional[macbookair.lan:9092 (id: 0 rack: null)], epoch=0}}
2025-06-18T16:59:48.156+03:00  INFO 6660 --- [reactive-kafka-notification-group-1] o.a.k.c.c.internals.ConsumerUtils        : Setting offset for partition new-bid-notification-events-0 to the committed offset FetchPosition{offset=91, offsetEpoch=Optional.empty, currentLeader=LeaderAndEpoch{leader=Optional[macbookair.lan:9092 (id: 0 rack: null)], epoch=0}}
2025-06-18T16:59:48.560+03:00  INFO 6660 --- [main] c.m.s.NotificationKafkaServiceTest       : Started NotificationKafkaServiceTest in 8.981 seconds (process running for 26.554)
2025-06-18T16:59:48.816+03:00  INFO 6660 --- [main] o.a.k.clients.producer.ProducerConfig    : ProducerConfig values: 
	acks = -1
	auto.include.jmx.reporter = true
	batch.size = 16384
	bootstrap.servers = [localhost:9092]
	buffer.memory = 33554432
	client.dns.lookup = use_all_dns_ips
	client.id = producer-1
	compression.type = none
	connections.max.idle.ms = 540000
	delivery.timeout.ms = 120000
	enable.idempotence = true
	enable.metrics.push = true
	interceptor.classes = []
	key.serializer = class org.springframework.kafka.support.serializer.JsonSerializer
	linger.ms = 0
	max.block.ms = 60000
	max.in.flight.requests.per.connection = 5
	max.request.size = 1048576
	metadata.max.age.ms = 300000
	metadata.max.idle.ms = 300000
	metric.reporters = []
	metrics.num.samples = 2
	metrics.recording.level = INFO
	metrics.sample.window.ms = 30000
	partitioner.adaptive.partitioning.enable = true
	partitioner.availability.timeout.ms = 0
	partitioner.class = null
	partitioner.ignore.keys = false
	receive.buffer.bytes = 32768
	reconnect.backoff.max.ms = 1000
	reconnect.backoff.ms = 50
	request.timeout.ms = 30000
	retries = 2147483647
	retry.backoff.max.ms = 1000
	retry.backoff.ms = 100
	sasl.client.callback.handler.class = null
	sasl.jaas.config = null
	sasl.kerberos.kinit.cmd = /usr/bin/kinit
	sasl.kerberos.min.time.before.relogin = 60000
	sasl.kerberos.service.name = null
	sasl.kerberos.ticket.renew.jitter = 0.05
	sasl.kerberos.ticket.renew.window.factor = 0.8
	sasl.login.callback.handler.class = null
	sasl.login.class = null
	sasl.login.connect.timeout.ms = null
	sasl.login.read.timeout.ms = null
	sasl.login.refresh.buffer.seconds = 300
	sasl.login.refresh.min.period.seconds = 60
	sasl.login.refresh.window.factor = 0.8
	sasl.login.refresh.window.jitter = 0.05
	sasl.login.retry.backoff.max.ms = 10000
	sasl.login.retry.backoff.ms = 100
	sasl.mechanism = GSSAPI
	sasl.oauthbearer.clock.skew.seconds = 30
	sasl.oauthbearer.expected.audience = null
	sasl.oauthbearer.expected.issuer = null
	sasl.oauthbearer.jwks.endpoint.refresh.ms = 3600000
	sasl.oauthbearer.jwks.endpoint.retry.backoff.max.ms = 10000
	sasl.oauthbearer.jwks.endpoint.retry.backoff.ms = 100
	sasl.oauthbearer.jwks.endpoint.url = null
	sasl.oauthbearer.scope.claim.name = scope
	sasl.oauthbearer.sub.claim.name = sub
	sasl.oauthbearer.token.endpoint.url = null
	security.protocol = PLAINTEXT
	security.providers = null
	send.buffer.bytes = 131072
	socket.connection.setup.timeout.max.ms = 30000
	socket.connection.setup.timeout.ms = 10000
	ssl.cipher.suites = null
	ssl.enabled.protocols = [TLSv1.2, TLSv1.3]
	ssl.endpoint.identification.algorithm = https
	ssl.engine.factory.class = null
	ssl.key.password = null
	ssl.keymanager.algorithm = SunX509
	ssl.keystore.certificate.chain = null
	ssl.keystore.key = null
	ssl.keystore.location = null
	ssl.keystore.password = null
	ssl.keystore.type = JKS
	ssl.protocol = TLSv1.3
	ssl.provider = null
	ssl.secure.random.implementation = null
	ssl.trustmanager.algorithm = PKIX
	ssl.truststore.certificates = null
	ssl.truststore.location = null
	ssl.truststore.password = null
	ssl.truststore.type = JKS
	transaction.timeout.ms = 60000
	transactional.id = null
	value.serializer = class org.springframework.kafka.support.serializer.JsonSerializer

2025-06-18T16:59:48.819+03:00  INFO 6660 --- [main] o.a.k.c.t.i.KafkaMetricsCollector        : initializing Kafka metrics collector
2025-06-18T16:59:48.838+03:00  INFO 6660 --- [main] o.a.k.clients.producer.KafkaProducer     : [Producer clientId=producer-1] Instantiated an idempotent producer.
2025-06-18T16:59:48.859+03:00  INFO 6660 --- [main] o.a.kafka.common.utils.AppInfoParser     : Kafka version: 3.7.1
2025-06-18T16:59:48.860+03:00  INFO 6660 --- [main] o.a.kafka.common.utils.AppInfoParser     : Kafka commitId: e2494e6ffb89f828
2025-06-18T16:59:48.859+03:00 DEBUG 6660 --- [kafka-producer-network-thread | producer-1] o.a.k.clients.producer.internals.Sender  : [Producer clientId=producer-1] Starting Kafka producer I/O thread.
2025-06-18T16:59:48.860+03:00  INFO 6660 --- [main] o.a.kafka.common.utils.AppInfoParser     : Kafka startTimeMs: 1750255188859
2025-06-18T16:59:48.861+03:00 DEBUG 6660 --- [kafka-producer-network-thread | producer-1] o.a.k.c.p.internals.TransactionManager   : [Producer clientId=producer-1] Transition from state UNINITIALIZED to INITIALIZING
2025-06-18T16:59:48.863+03:00 DEBUG 6660 --- [kafka-producer-network-thread | producer-1] o.a.k.c.p.internals.TransactionManager   : [Producer clientId=producer-1] Enqueuing transactional request InitProducerIdRequestData(transactionalId=null, transactionTimeoutMs=2147483647, producerId=-1, producerEpoch=-1)
2025-06-18T16:59:48.863+03:00 DEBUG 6660 --- [main] o.a.k.clients.producer.KafkaProducer     : [Producer clientId=producer-1] Kafka producer started
2025-06-18T16:59:48.880+03:00 DEBUG 6660 --- [kafka-producer-network-thread | producer-1] o.a.k.clients.producer.internals.Sender  : [Producer clientId=producer-1] Sending transactional request InitProducerIdRequestData(transactionalId=null, transactionTimeoutMs=2147483647, producerId=-1, producerEpoch=-1) to node localhost:9092 (id: -1 rack: null) with correlation ID 2
2025-06-18T16:59:48.885+03:00  INFO 6660 --- [kafka-producer-network-thread | producer-1] org.apache.kafka.clients.Metadata        : [Producer clientId=producer-1] Cluster ID: 57X2_FiZTHyXgIN_cYpJ3A
2025-06-18T16:59:48.908+03:00 DEBUG 6660 --- [kafka-producer-network-thread | producer-1] o.a.k.c.p.internals.TransactionManager   : [Producer clientId=producer-1] Enqueuing transactional request InitProducerIdRequestData(transactionalId=null, transactionTimeoutMs=2147483647, producerId=-1, producerEpoch=-1)
2025-06-18T16:59:49.009+03:00 DEBUG 6660 --- [kafka-producer-network-thread | producer-1] o.a.k.clients.producer.internals.Sender  : [Producer clientId=producer-1] Sending transactional request InitProducerIdRequestData(transactionalId=null, transactionTimeoutMs=2147483647, producerId=-1, producerEpoch=-1) to node macbookair.lan:9092 (id: 0 rack: null) with correlation ID 5
2025-06-18T16:59:49.014+03:00 DEBUG 6660 --- [kafka-producer-network-thread | producer-1] o.a.k.c.p.internals.TransactionManager   : [Producer clientId=producer-1] Enqueuing transactional request InitProducerIdRequestData(transactionalId=null, transactionTimeoutMs=2147483647, producerId=-1, producerEpoch=-1)
2025-06-18T16:59:49.117+03:00 DEBUG 6660 --- [kafka-producer-network-thread | producer-1] o.a.k.clients.producer.internals.Sender  : [Producer clientId=producer-1] Sending transactional request InitProducerIdRequestData(transactionalId=null, transactionTimeoutMs=2147483647, producerId=-1, producerEpoch=-1) to node macbookair.lan:9092 (id: 0 rack: null) with correlation ID 6
2025-06-18T16:59:49.123+03:00  INFO 6660 --- [kafka-producer-network-thread | producer-1] o.a.k.c.p.internals.TransactionManager   : [Producer clientId=producer-1] ProducerId set to 28000 with epoch 0
2025-06-18T16:59:49.124+03:00 DEBUG 6660 --- [kafka-producer-network-thread | producer-1] o.a.k.c.p.internals.TransactionManager   : [Producer clientId=producer-1] Transition from state INITIALIZING to READY
2025-06-18T16:59:49.156+03:00 DEBUG 6660 --- [kafka-producer-network-thread | producer-1] o.a.k.c.p.internals.TransactionManager   : [Producer clientId=producer-1] ProducerId of partition auction-finished-notification-events-0 set to 28000 with epoch 0. Reinitialize sequence at beginning.
2025-06-18T16:59:49.158+03:00 DEBUG 6660 --- [kafka-producer-network-thread | producer-1] o.a.k.c.p.internals.RecordAccumulator    : [Producer clientId=producer-1] Assigned producerId 28000 and producerEpoch 0 to batch with base sequence 0 being sent to partition auction-finished-notification-events-0
2025-06-18T16:59:49.219+03:00 DEBUG 6660 --- [kafka-producer-network-thread | producer-1] o.a.k.c.p.internals.TransactionManager   : [Producer clientId=producer-1] ProducerId: 28000; Set last ack'd sequence number for topic-partition auction-finished-notification-events-0 to 0
2025-06-18T16:59:52.209+03:00  INFO 6660 --- [nioEventLoopGroup-2-3] c.m.service.NotificationKafkaService     : Notification successfully saved
2025-06-18T16:59:52.242+03:00  INFO 6660 --- [nioEventLoopGroup-2-5] c.m.service.NotificationKafkaService     : Notification successfully saved
2025-06-18T16:59:52.242+03:00  INFO 6660 --- [nioEventLoopGroup-2-4] c.m.service.NotificationKafkaService     : Notification successfully saved
2025-06-18T17:00:04.586+03:00  INFO 6660 --- [main] o.a.k.clients.producer.ProducerConfig    : ProducerConfig values: 
	acks = -1
	auto.include.jmx.reporter = true
	batch.size = 16384
	bootstrap.servers = [localhost:9092]
	buffer.memory = 33554432
	client.dns.lookup = use_all_dns_ips
	client.id = producer-2
	compression.type = none
	connections.max.idle.ms = 540000
	delivery.timeout.ms = 120000
	enable.idempotence = true
	enable.metrics.push = true
	interceptor.classes = []
	key.serializer = class org.springframework.kafka.support.serializer.JsonSerializer
	linger.ms = 0
	max.block.ms = 60000
	max.in.flight.requests.per.connection = 5
	max.request.size = 1048576
	metadata.max.age.ms = 300000
	metadata.max.idle.ms = 300000
	metric.reporters = []
	metrics.num.samples = 2
	metrics.recording.level = INFO
	metrics.sample.window.ms = 30000
	partitioner.adaptive.partitioning.enable = true
	partitioner.availability.timeout.ms = 0
	partitioner.class = null
	partitioner.ignore.keys = false
	receive.buffer.bytes = 32768
	reconnect.backoff.max.ms = 1000
	reconnect.backoff.ms = 50
	request.timeout.ms = 30000
	retries = 2147483647
	retry.backoff.max.ms = 1000
	retry.backoff.ms = 100
	sasl.client.callback.handler.class = null
	sasl.jaas.config = null
	sasl.kerberos.kinit.cmd = /usr/bin/kinit
	sasl.kerberos.min.time.before.relogin = 60000
	sasl.kerberos.service.name = null
	sasl.kerberos.ticket.renew.jitter = 0.05
	sasl.kerberos.ticket.renew.window.factor = 0.8
	sasl.login.callback.handler.class = null
	sasl.login.class = null
	sasl.login.connect.timeout.ms = null
	sasl.login.read.timeout.ms = null
	sasl.login.refresh.buffer.seconds = 300
	sasl.login.refresh.min.period.seconds = 60
	sasl.login.refresh.window.factor = 0.8
	sasl.login.refresh.window.jitter = 0.05
	sasl.login.retry.backoff.max.ms = 10000
	sasl.login.retry.backoff.ms = 100
	sasl.mechanism = GSSAPI
	sasl.oauthbearer.clock.skew.seconds = 30
	sasl.oauthbearer.expected.audience = null
	sasl.oauthbearer.expected.issuer = null
	sasl.oauthbearer.jwks.endpoint.refresh.ms = 3600000
	sasl.oauthbearer.jwks.endpoint.retry.backoff.max.ms = 10000
	sasl.oauthbearer.jwks.endpoint.retry.backoff.ms = 100
	sasl.oauthbearer.jwks.endpoint.url = null
	sasl.oauthbearer.scope.claim.name = scope
	sasl.oauthbearer.sub.claim.name = sub
	sasl.oauthbearer.token.endpoint.url = null
	security.protocol = PLAINTEXT
	security.providers = null
	send.buffer.bytes = 131072
	socket.connection.setup.timeout.max.ms = 30000
	socket.connection.setup.timeout.ms = 10000
	ssl.cipher.suites = null
	ssl.enabled.protocols = [TLSv1.2, TLSv1.3]
	ssl.endpoint.identification.algorithm = https
	ssl.engine.factory.class = null
	ssl.key.password = null
	ssl.keymanager.algorithm = SunX509
	ssl.keystore.certificate.chain = null
	ssl.keystore.key = null
	ssl.keystore.location = null
	ssl.keystore.password = null
	ssl.keystore.type = JKS
	ssl.protocol = TLSv1.3
	ssl.provider = null
	ssl.secure.random.implementation = null
	ssl.trustmanager.algorithm = PKIX
	ssl.truststore.certificates = null
	ssl.truststore.location = null
	ssl.truststore.password = null
	ssl.truststore.type = JKS
	transaction.timeout.ms = 60000
	transactional.id = null
	value.serializer = class org.springframework.kafka.support.serializer.JsonSerializer

2025-06-18T17:00:04.590+03:00  INFO 6660 --- [main] o.a.k.c.t.i.KafkaMetricsCollector        : initializing Kafka metrics collector
2025-06-18T17:00:04.614+03:00  INFO 6660 --- [main] o.a.k.clients.producer.KafkaProducer     : [Producer clientId=producer-2] Instantiated an idempotent producer.
2025-06-18T17:00:04.634+03:00 DEBUG 6660 --- [kafka-producer-network-thread | producer-2] o.a.k.clients.producer.internals.Sender  : [Producer clientId=producer-2] Starting Kafka producer I/O thread.
2025-06-18T17:00:04.636+03:00  INFO 6660 --- [main] o.a.kafka.common.utils.AppInfoParser     : Kafka version: 3.7.1
2025-06-18T17:00:04.644+03:00 DEBUG 6660 --- [kafka-producer-network-thread | producer-2] o.a.k.c.p.internals.TransactionManager   : [Producer clientId=producer-2] Transition from state UNINITIALIZED to INITIALIZING
2025-06-18T17:00:04.644+03:00  INFO 6660 --- [main] o.a.kafka.common.utils.AppInfoParser     : Kafka commitId: e2494e6ffb89f828
2025-06-18T17:00:04.645+03:00  INFO 6660 --- [main] o.a.kafka.common.utils.AppInfoParser     : Kafka startTimeMs: 1750255204635
2025-06-18T17:00:04.645+03:00 DEBUG 6660 --- [kafka-producer-network-thread | producer-2] o.a.k.c.p.internals.TransactionManager   : [Producer clientId=producer-2] Enqueuing transactional request InitProducerIdRequestData(transactionalId=null, transactionTimeoutMs=2147483647, producerId=-1, producerEpoch=-1)
2025-06-18T17:00:04.647+03:00 DEBUG 6660 --- [main] o.a.k.clients.producer.KafkaProducer     : [Producer clientId=producer-2] Kafka producer started
2025-06-18T17:00:04.684+03:00 DEBUG 6660 --- [kafka-producer-network-thread | producer-2] o.a.k.clients.producer.internals.Sender  : [Producer clientId=producer-2] Sending transactional request InitProducerIdRequestData(transactionalId=null, transactionTimeoutMs=2147483647, producerId=-1, producerEpoch=-1) to node localhost:9092 (id: -1 rack: null) with correlation ID 2
2025-06-18T17:00:04.693+03:00  INFO 6660 --- [kafka-producer-network-thread | producer-2] org.apache.kafka.clients.Metadata        : [Producer clientId=producer-2] Cluster ID: 57X2_FiZTHyXgIN_cYpJ3A
2025-06-18T17:00:04.696+03:00  INFO 6660 --- [kafka-producer-network-thread | producer-2] o.a.k.c.p.internals.TransactionManager   : [Producer clientId=producer-2] ProducerId set to 28001 with epoch 0
2025-06-18T17:00:04.696+03:00 DEBUG 6660 --- [kafka-producer-network-thread | producer-2] o.a.k.c.p.internals.TransactionManager   : [Producer clientId=producer-2] Transition from state INITIALIZING to READY
2025-06-18T17:00:04.739+03:00 DEBUG 6660 --- [kafka-producer-network-thread | producer-2] o.a.k.c.p.internals.TransactionManager   : [Producer clientId=producer-2] ProducerId of partition new-bid-notification-events-0 set to 28001 with epoch 0. Reinitialize sequence at beginning.
2025-06-18T17:00:04.740+03:00 DEBUG 6660 --- [kafka-producer-network-thread | producer-2] o.a.k.c.p.internals.RecordAccumulator    : [Producer clientId=producer-2] Assigned producerId 28001 and producerEpoch 0 to batch with base sequence 0 being sent to partition new-bid-notification-events-0
2025-06-18T17:00:04.753+03:00 DEBUG 6660 --- [kafka-producer-network-thread | producer-2] o.a.k.c.p.internals.TransactionManager   : [Producer clientId=producer-2] ProducerId: 28001; Set last ack'd sequence number for topic-partition new-bid-notification-events-0 to 0
2025-06-18T17:00:04.881+03:00  INFO 6660 --- [nioEventLoopGroup-2-4] c.m.service.NotificationKafkaService     : Notification successfully saved
2025-06-18T17:00:04.885+03:00  INFO 6660 --- [nioEventLoopGroup-2-4] c.m.service.NotificationKafkaService     : Notification successfully saved
2025-06-18T17:00:04.885+03:00  INFO 6660 --- [nioEventLoopGroup-2-5] c.m.service.NotificationKafkaService     : Notification successfully saved
2025-06-18T17:00:19.899+03:00  INFO 6660 --- [main] o.a.k.clients.producer.ProducerConfig    : ProducerConfig values: 
	acks = -1
	auto.include.jmx.reporter = true
	batch.size = 16384
	bootstrap.servers = [localhost:9092]
	buffer.memory = 33554432
	client.dns.lookup = use_all_dns_ips
	client.id = producer-3
	compression.type = none
	connections.max.idle.ms = 540000
	delivery.timeout.ms = 120000
	enable.idempotence = true
	enable.metrics.push = true
	interceptor.classes = []
	key.serializer = class org.springframework.kafka.support.serializer.JsonSerializer
	linger.ms = 0
	max.block.ms = 60000
	max.in.flight.requests.per.connection = 5
	max.request.size = 1048576
	metadata.max.age.ms = 300000
	metadata.max.idle.ms = 300000
	metric.reporters = []
	metrics.num.samples = 2
	metrics.recording.level = INFO
	metrics.sample.window.ms = 30000
	partitioner.adaptive.partitioning.enable = true
	partitioner.availability.timeout.ms = 0
	partitioner.class = null
	partitioner.ignore.keys = false
	receive.buffer.bytes = 32768
	reconnect.backoff.max.ms = 1000
	reconnect.backoff.ms = 50
	request.timeout.ms = 30000
	retries = 2147483647
	retry.backoff.max.ms = 1000
	retry.backoff.ms = 100
	sasl.client.callback.handler.class = null
	sasl.jaas.config = null
	sasl.kerberos.kinit.cmd = /usr/bin/kinit
	sasl.kerberos.min.time.before.relogin = 60000
	sasl.kerberos.service.name = null
	sasl.kerberos.ticket.renew.jitter = 0.05
	sasl.kerberos.ticket.renew.window.factor = 0.8
	sasl.login.callback.handler.class = null
	sasl.login.class = null
	sasl.login.connect.timeout.ms = null
	sasl.login.read.timeout.ms = null
	sasl.login.refresh.buffer.seconds = 300
	sasl.login.refresh.min.period.seconds = 60
	sasl.login.refresh.window.factor = 0.8
	sasl.login.refresh.window.jitter = 0.05
	sasl.login.retry.backoff.max.ms = 10000
	sasl.login.retry.backoff.ms = 100
	sasl.mechanism = GSSAPI
	sasl.oauthbearer.clock.skew.seconds = 30
	sasl.oauthbearer.expected.audience = null
	sasl.oauthbearer.expected.issuer = null
	sasl.oauthbearer.jwks.endpoint.refresh.ms = 3600000
	sasl.oauthbearer.jwks.endpoint.retry.backoff.max.ms = 10000
	sasl.oauthbearer.jwks.endpoint.retry.backoff.ms = 100
	sasl.oauthbearer.jwks.endpoint.url = null
	sasl.oauthbearer.scope.claim.name = scope
	sasl.oauthbearer.sub.claim.name = sub
	sasl.oauthbearer.token.endpoint.url = null
	security.protocol = PLAINTEXT
	security.providers = null
	send.buffer.bytes = 131072
	socket.connection.setup.timeout.max.ms = 30000
	socket.connection.setup.timeout.ms = 10000
	ssl.cipher.suites = null
	ssl.enabled.protocols = [TLSv1.2, TLSv1.3]
	ssl.endpoint.identification.algorithm = https
	ssl.engine.factory.class = null
	ssl.key.password = null
	ssl.keymanager.algorithm = SunX509
	ssl.keystore.certificate.chain = null
	ssl.keystore.key = null
	ssl.keystore.location = null
	ssl.keystore.password = null
	ssl.keystore.type = JKS
	ssl.protocol = TLSv1.3
	ssl.provider = null
	ssl.secure.random.implementation = null
	ssl.trustmanager.algorithm = PKIX
	ssl.truststore.certificates = null
	ssl.truststore.location = null
	ssl.truststore.password = null
	ssl.truststore.type = JKS
	transaction.timeout.ms = 60000
	transactional.id = null
	value.serializer = class org.springframework.kafka.support.serializer.JsonSerializer

2025-06-18T17:00:19.902+03:00  INFO 6660 --- [main] o.a.k.c.t.i.KafkaMetricsCollector        : initializing Kafka metrics collector
2025-06-18T17:00:19.908+03:00  INFO 6660 --- [main] o.a.k.clients.producer.KafkaProducer     : [Producer clientId=producer-3] Instantiated an idempotent producer.
2025-06-18T17:00:19.912+03:00 DEBUG 6660 --- [kafka-producer-network-thread | producer-3] o.a.k.clients.producer.internals.Sender  : [Producer clientId=producer-3] Starting Kafka producer I/O thread.
2025-06-18T17:00:19.912+03:00  INFO 6660 --- [main] o.a.kafka.common.utils.AppInfoParser     : Kafka version: 3.7.1
2025-06-18T17:00:19.914+03:00  INFO 6660 --- [main] o.a.kafka.common.utils.AppInfoParser     : Kafka commitId: e2494e6ffb89f828
2025-06-18T17:00:19.914+03:00 DEBUG 6660 --- [kafka-producer-network-thread | producer-3] o.a.k.c.p.internals.TransactionManager   : [Producer clientId=producer-3] Transition from state UNINITIALIZED to INITIALIZING
2025-06-18T17:00:19.919+03:00  INFO 6660 --- [main] o.a.kafka.common.utils.AppInfoParser     : Kafka startTimeMs: 1750255219912
2025-06-18T17:00:19.919+03:00 DEBUG 6660 --- [kafka-producer-network-thread | producer-3] o.a.k.c.p.internals.TransactionManager   : [Producer clientId=producer-3] Enqueuing transactional request InitProducerIdRequestData(transactionalId=null, transactionTimeoutMs=2147483647, producerId=-1, producerEpoch=-1)
2025-06-18T17:00:19.921+03:00 DEBUG 6660 --- [main] o.a.k.clients.producer.KafkaProducer     : [Producer clientId=producer-3] Kafka producer started
2025-06-18T17:00:19.940+03:00 DEBUG 6660 --- [kafka-producer-network-thread | producer-3] o.a.k.clients.producer.internals.Sender  : [Producer clientId=producer-3] Sending transactional request InitProducerIdRequestData(transactionalId=null, transactionTimeoutMs=2147483647, producerId=-1, producerEpoch=-1) to node localhost:9092 (id: -1 rack: null) with correlation ID 2
2025-06-18T17:00:19.947+03:00  INFO 6660 --- [kafka-producer-network-thread | producer-3] org.apache.kafka.clients.Metadata        : [Producer clientId=producer-3] Cluster ID: 57X2_FiZTHyXgIN_cYpJ3A
2025-06-18T17:00:19.949+03:00  INFO 6660 --- [kafka-producer-network-thread | producer-3] o.a.k.c.p.internals.TransactionManager   : [Producer clientId=producer-3] ProducerId set to 28002 with epoch 0
2025-06-18T17:00:19.950+03:00 DEBUG 6660 --- [kafka-producer-network-thread | producer-3] o.a.k.c.p.internals.TransactionManager   : [Producer clientId=producer-3] Transition from state INITIALIZING to READY
2025-06-18T17:00:19.987+03:00 DEBUG 6660 --- [kafka-producer-network-thread | producer-3] o.a.k.c.p.internals.TransactionManager   : [Producer clientId=producer-3] ProducerId of partition new-bid-notification-events-0 set to 28002 with epoch 0. Reinitialize sequence at beginning.
2025-06-18T17:00:19.988+03:00 DEBUG 6660 --- [kafka-producer-network-thread | producer-3] o.a.k.c.p.internals.RecordAccumulator    : [Producer clientId=producer-3] Assigned producerId 28002 and producerEpoch 0 to batch with base sequence 0 being sent to partition new-bid-notification-events-0
2025-06-18T17:00:19.996+03:00 DEBUG 6660 --- [kafka-producer-network-thread | producer-3] o.a.k.c.p.internals.TransactionManager   : [Producer clientId=producer-3] ProducerId: 28002; Set last ack'd sequence number for topic-partition new-bid-notification-events-0 to 0
2025-06-18T17:00:20.084+03:00  INFO 6660 --- [reactor-http-nio-2] c.m.service.NotificationKafkaService     : No users to send notification for auction: 1
2025-06-18T17:00:50.192+03:00  INFO 6660 --- [main] o.a.k.clients.producer.ProducerConfig    : ProducerConfig values: 
	acks = -1
	auto.include.jmx.reporter = true
	batch.size = 16384
	bootstrap.servers = [localhost:9092]
	buffer.memory = 33554432
	client.dns.lookup = use_all_dns_ips
	client.id = producer-4
	compression.type = none
	connections.max.idle.ms = 540000
	delivery.timeout.ms = 120000
	enable.idempotence = true
	enable.metrics.push = true
	interceptor.classes = []
	key.serializer = class org.springframework.kafka.support.serializer.JsonSerializer
	linger.ms = 0
	max.block.ms = 60000
	max.in.flight.requests.per.connection = 5
	max.request.size = 1048576
	metadata.max.age.ms = 300000
	metadata.max.idle.ms = 300000
	metric.reporters = []
	metrics.num.samples = 2
	metrics.recording.level = INFO
	metrics.sample.window.ms = 30000
	partitioner.adaptive.partitioning.enable = true
	partitioner.availability.timeout.ms = 0
	partitioner.class = null
	partitioner.ignore.keys = false
	receive.buffer.bytes = 32768
	reconnect.backoff.max.ms = 1000
	reconnect.backoff.ms = 50
	request.timeout.ms = 30000
	retries = 2147483647
	retry.backoff.max.ms = 1000
	retry.backoff.ms = 100
	sasl.client.callback.handler.class = null
	sasl.jaas.config = null
	sasl.kerberos.kinit.cmd = /usr/bin/kinit
	sasl.kerberos.min.time.before.relogin = 60000
	sasl.kerberos.service.name = null
	sasl.kerberos.ticket.renew.jitter = 0.05
	sasl.kerberos.ticket.renew.window.factor = 0.8
	sasl.login.callback.handler.class = null
	sasl.login.class = null
	sasl.login.connect.timeout.ms = null
	sasl.login.read.timeout.ms = null
	sasl.login.refresh.buffer.seconds = 300
	sasl.login.refresh.min.period.seconds = 60
	sasl.login.refresh.window.factor = 0.8
	sasl.login.refresh.window.jitter = 0.05
	sasl.login.retry.backoff.max.ms = 10000
	sasl.login.retry.backoff.ms = 100
	sasl.mechanism = GSSAPI
	sasl.oauthbearer.clock.skew.seconds = 30
	sasl.oauthbearer.expected.audience = null
	sasl.oauthbearer.expected.issuer = null
	sasl.oauthbearer.jwks.endpoint.refresh.ms = 3600000
	sasl.oauthbearer.jwks.endpoint.retry.backoff.max.ms = 10000
	sasl.oauthbearer.jwks.endpoint.retry.backoff.ms = 100
	sasl.oauthbearer.jwks.endpoint.url = null
	sasl.oauthbearer.scope.claim.name = scope
	sasl.oauthbearer.sub.claim.name = sub
	sasl.oauthbearer.token.endpoint.url = null
	security.protocol = PLAINTEXT
	security.providers = null
	send.buffer.bytes = 131072
	socket.connection.setup.timeout.max.ms = 30000
	socket.connection.setup.timeout.ms = 10000
	ssl.cipher.suites = null
	ssl.enabled.protocols = [TLSv1.2, TLSv1.3]
	ssl.endpoint.identification.algorithm = https
	ssl.engine.factory.class = null
	ssl.key.password = null
	ssl.keymanager.algorithm = SunX509
	ssl.keystore.certificate.chain = null
	ssl.keystore.key = null
	ssl.keystore.location = null
	ssl.keystore.password = null
	ssl.keystore.type = JKS
	ssl.protocol = TLSv1.3
	ssl.provider = null
	ssl.secure.random.implementation = null
	ssl.trustmanager.algorithm = PKIX
	ssl.truststore.certificates = null
	ssl.truststore.location = null
	ssl.truststore.password = null
	ssl.truststore.type = JKS
	transaction.timeout.ms = 60000
	transactional.id = null
	value.serializer = class org.springframework.kafka.support.serializer.JsonSerializer

2025-06-18T17:00:50.203+03:00  INFO 6660 --- [main] o.a.k.c.t.i.KafkaMetricsCollector        : initializing Kafka metrics collector
2025-06-18T17:00:50.221+03:00  INFO 6660 --- [main] o.a.k.clients.producer.KafkaProducer     : [Producer clientId=producer-4] Instantiated an idempotent producer.
2025-06-18T17:00:50.236+03:00 DEBUG 6660 --- [kafka-producer-network-thread | producer-4] o.a.k.clients.producer.internals.Sender  : [Producer clientId=producer-4] Starting Kafka producer I/O thread.
2025-06-18T17:00:50.237+03:00 DEBUG 6660 --- [kafka-producer-network-thread | producer-4] o.a.k.c.p.internals.TransactionManager   : [Producer clientId=producer-4] Transition from state UNINITIALIZED to INITIALIZING
2025-06-18T17:00:50.238+03:00 DEBUG 6660 --- [kafka-producer-network-thread | producer-4] o.a.k.c.p.internals.TransactionManager   : [Producer clientId=producer-4] Enqueuing transactional request InitProducerIdRequestData(transactionalId=null, transactionTimeoutMs=2147483647, producerId=-1, producerEpoch=-1)
2025-06-18T17:00:50.239+03:00  INFO 6660 --- [main] o.a.kafka.common.utils.AppInfoParser     : Kafka version: 3.7.1
2025-06-18T17:00:50.239+03:00  INFO 6660 --- [main] o.a.kafka.common.utils.AppInfoParser     : Kafka commitId: e2494e6ffb89f828
2025-06-18T17:00:50.239+03:00  INFO 6660 --- [main] o.a.kafka.common.utils.AppInfoParser     : Kafka startTimeMs: 1750255250235
2025-06-18T17:00:50.245+03:00 DEBUG 6660 --- [main] o.a.k.clients.producer.KafkaProducer     : [Producer clientId=producer-4] Kafka producer started
2025-06-18T17:00:50.257+03:00 DEBUG 6660 --- [kafka-producer-network-thread | producer-4] o.a.k.clients.producer.internals.Sender  : [Producer clientId=producer-4] Sending transactional request InitProducerIdRequestData(transactionalId=null, transactionTimeoutMs=2147483647, producerId=-1, producerEpoch=-1) to node localhost:9092 (id: -1 rack: null) with correlation ID 2
2025-06-18T17:00:50.263+03:00  INFO 6660 --- [kafka-producer-network-thread | producer-4] org.apache.kafka.clients.Metadata        : [Producer clientId=producer-4] Cluster ID: 57X2_FiZTHyXgIN_cYpJ3A
2025-06-18T17:00:50.264+03:00  INFO 6660 --- [kafka-producer-network-thread | producer-4] o.a.k.c.p.internals.TransactionManager   : [Producer clientId=producer-4] ProducerId set to 28003 with epoch 0
2025-06-18T17:00:50.264+03:00 DEBUG 6660 --- [kafka-producer-network-thread | producer-4] o.a.k.c.p.internals.TransactionManager   : [Producer clientId=producer-4] Transition from state INITIALIZING to READY
2025-06-18T17:00:50.295+03:00 DEBUG 6660 --- [kafka-producer-network-thread | producer-4] o.a.k.c.p.internals.TransactionManager   : [Producer clientId=producer-4] ProducerId of partition delete-auction-events-0 set to 28003 with epoch 0. Reinitialize sequence at beginning.
2025-06-18T17:00:50.295+03:00 DEBUG 6660 --- [kafka-producer-network-thread | producer-4] o.a.k.c.p.internals.RecordAccumulator    : [Producer clientId=producer-4] Assigned producerId 28003 and producerEpoch 0 to batch with base sequence 0 being sent to partition delete-auction-events-0
2025-06-18T17:00:50.312+03:00 DEBUG 6660 --- [kafka-producer-network-thread | producer-4] o.a.k.c.p.internals.TransactionManager   : [Producer clientId=producer-4] ProducerId: 28003; Set last ack'd sequence number for topic-partition delete-auction-events-0 to 0
2025-06-18T17:00:50.403+03:00  INFO 6660 --- [nioEventLoopGroup-2-4] c.maria.service.NotificationServiceImpl  : Notification 6852c6835e183a71778ef451 deleted successfully
2025-06-18T17:01:05.439+03:00  INFO 6660 --- [main] o.a.k.clients.producer.ProducerConfig    : ProducerConfig values: 
	acks = -1
	auto.include.jmx.reporter = true
	batch.size = 16384
	bootstrap.servers = [localhost:9092]
	buffer.memory = 33554432
	client.dns.lookup = use_all_dns_ips
	client.id = producer-5
	compression.type = none
	connections.max.idle.ms = 540000
	delivery.timeout.ms = 120000
	enable.idempotence = true
	enable.metrics.push = true
	interceptor.classes = []
	key.serializer = class org.springframework.kafka.support.serializer.JsonSerializer
	linger.ms = 0
	max.block.ms = 60000
	max.in.flight.requests.per.connection = 5
	max.request.size = 1048576
	metadata.max.age.ms = 300000
	metadata.max.idle.ms = 300000
	metric.reporters = []
	metrics.num.samples = 2
	metrics.recording.level = INFO
	metrics.sample.window.ms = 30000
	partitioner.adaptive.partitioning.enable = true
	partitioner.availability.timeout.ms = 0
	partitioner.class = null
	partitioner.ignore.keys = false
	receive.buffer.bytes = 32768
	reconnect.backoff.max.ms = 1000
	reconnect.backoff.ms = 50
	request.timeout.ms = 30000
	retries = 2147483647
	retry.backoff.max.ms = 1000
	retry.backoff.ms = 100
	sasl.client.callback.handler.class = null
	sasl.jaas.config = null
	sasl.kerberos.kinit.cmd = /usr/bin/kinit
	sasl.kerberos.min.time.before.relogin = 60000
	sasl.kerberos.service.name = null
	sasl.kerberos.ticket.renew.jitter = 0.05
	sasl.kerberos.ticket.renew.window.factor = 0.8
	sasl.login.callback.handler.class = null
	sasl.login.class = null
	sasl.login.connect.timeout.ms = null
	sasl.login.read.timeout.ms = null
	sasl.login.refresh.buffer.seconds = 300
	sasl.login.refresh.min.period.seconds = 60
	sasl.login.refresh.window.factor = 0.8
	sasl.login.refresh.window.jitter = 0.05
	sasl.login.retry.backoff.max.ms = 10000
	sasl.login.retry.backoff.ms = 100
	sasl.mechanism = GSSAPI
	sasl.oauthbearer.clock.skew.seconds = 30
	sasl.oauthbearer.expected.audience = null
	sasl.oauthbearer.expected.issuer = null
	sasl.oauthbearer.jwks.endpoint.refresh.ms = 3600000
	sasl.oauthbearer.jwks.endpoint.retry.backoff.max.ms = 10000
	sasl.oauthbearer.jwks.endpoint.retry.backoff.ms = 100
	sasl.oauthbearer.jwks.endpoint.url = null
	sasl.oauthbearer.scope.claim.name = scope
	sasl.oauthbearer.sub.claim.name = sub
	sasl.oauthbearer.token.endpoint.url = null
	security.protocol = PLAINTEXT
	security.providers = null
	send.buffer.bytes = 131072
	socket.connection.setup.timeout.max.ms = 30000
	socket.connection.setup.timeout.ms = 10000
	ssl.cipher.suites = null
	ssl.enabled.protocols = [TLSv1.2, TLSv1.3]
	ssl.endpoint.identification.algorithm = https
	ssl.engine.factory.class = null
	ssl.key.password = null
	ssl.keymanager.algorithm = SunX509
	ssl.keystore.certificate.chain = null
	ssl.keystore.key = null
	ssl.keystore.location = null
	ssl.keystore.password = null
	ssl.keystore.type = JKS
	ssl.protocol = TLSv1.3
	ssl.provider = null
	ssl.secure.random.implementation = null
	ssl.trustmanager.algorithm = PKIX
	ssl.truststore.certificates = null
	ssl.truststore.location = null
	ssl.truststore.password = null
	ssl.truststore.type = JKS
	transaction.timeout.ms = 60000
	transactional.id = null
	value.serializer = class org.springframework.kafka.support.serializer.JsonSerializer

2025-06-18T17:01:05.441+03:00  INFO 6660 --- [main] o.a.k.c.t.i.KafkaMetricsCollector        : initializing Kafka metrics collector
2025-06-18T17:01:05.444+03:00  INFO 6660 --- [main] o.a.k.clients.producer.KafkaProducer     : [Producer clientId=producer-5] Instantiated an idempotent producer.
2025-06-18T17:01:05.451+03:00 DEBUG 6660 --- [kafka-producer-network-thread | producer-5] o.a.k.clients.producer.internals.Sender  : [Producer clientId=producer-5] Starting Kafka producer I/O thread.
2025-06-18T17:01:05.452+03:00 DEBUG 6660 --- [kafka-producer-network-thread | producer-5] o.a.k.c.p.internals.TransactionManager   : [Producer clientId=producer-5] Transition from state UNINITIALIZED to INITIALIZING
2025-06-18T17:01:05.452+03:00  INFO 6660 --- [main] o.a.kafka.common.utils.AppInfoParser     : Kafka version: 3.7.1
2025-06-18T17:01:05.452+03:00  INFO 6660 --- [main] o.a.kafka.common.utils.AppInfoParser     : Kafka commitId: e2494e6ffb89f828
2025-06-18T17:01:05.453+03:00  INFO 6660 --- [main] o.a.kafka.common.utils.AppInfoParser     : Kafka startTimeMs: 1750255265451
2025-06-18T17:01:05.453+03:00 DEBUG 6660 --- [kafka-producer-network-thread | producer-5] o.a.k.c.p.internals.TransactionManager   : [Producer clientId=producer-5] Enqueuing transactional request InitProducerIdRequestData(transactionalId=null, transactionTimeoutMs=2147483647, producerId=-1, producerEpoch=-1)
2025-06-18T17:01:05.455+03:00 DEBUG 6660 --- [main] o.a.k.clients.producer.KafkaProducer     : [Producer clientId=producer-5] Kafka producer started
2025-06-18T17:01:05.461+03:00 DEBUG 6660 --- [kafka-producer-network-thread | producer-5] o.a.k.clients.producer.internals.Sender  : [Producer clientId=producer-5] Sending transactional request InitProducerIdRequestData(transactionalId=null, transactionTimeoutMs=2147483647, producerId=-1, producerEpoch=-1) to node localhost:9092 (id: -1 rack: null) with correlation ID 2
2025-06-18T17:01:05.465+03:00  INFO 6660 --- [kafka-producer-network-thread | producer-5] org.apache.kafka.clients.Metadata        : [Producer clientId=producer-5] Cluster ID: 57X2_FiZTHyXgIN_cYpJ3A
2025-06-18T17:01:05.466+03:00  INFO 6660 --- [kafka-producer-network-thread | producer-5] o.a.k.c.p.internals.TransactionManager   : [Producer clientId=producer-5] ProducerId set to 28004 with epoch 0
2025-06-18T17:01:05.466+03:00 DEBUG 6660 --- [kafka-producer-network-thread | producer-5] o.a.k.c.p.internals.TransactionManager   : [Producer clientId=producer-5] Transition from state INITIALIZING to READY
2025-06-18T17:01:05.484+03:00 DEBUG 6660 --- [kafka-producer-network-thread | producer-5] o.a.k.c.p.internals.TransactionManager   : [Producer clientId=producer-5] ProducerId of partition auction-finished-notification-events-0 set to 28004 with epoch 0. Reinitialize sequence at beginning.
2025-06-18T17:01:05.485+03:00 DEBUG 6660 --- [kafka-producer-network-thread | producer-5] o.a.k.c.p.internals.RecordAccumulator    : [Producer clientId=producer-5] Assigned producerId 28004 and producerEpoch 0 to batch with base sequence 0 being sent to partition auction-finished-notification-events-0
2025-06-18T17:01:05.494+03:00 DEBUG 6660 --- [kafka-producer-network-thread | producer-5] o.a.k.c.p.internals.TransactionManager   : [Producer clientId=producer-5] ProducerId: 28004; Set last ack'd sequence number for topic-partition auction-finished-notification-events-0 to 0
2025-06-18T17:01:05.680+03:00  INFO 6660 --- [reactor-http-nio-2] c.m.service.NotificationKafkaService     : No users to send notification for auction: 1
