2025-06-14T21:59:50.081+03:00  INFO 11605 --- [main] com.maria.service.AuctionServiceTest     : Starting AuctionServiceTest using Java 21 with PID 11605 (started by mryhnwbyzqy in /Users/mryhnwbyzqy/Desktop/Auction/AuctionService)
2025-06-14T21:59:50.093+03:00  INFO 11605 --- [main] com.maria.service.AuctionServiceTest     : The following 1 profile is active: "integration-test"
2025-06-14T21:59:51.810+03:00  INFO 11605 --- [main] .s.d.r.c.RepositoryConfigurationDelegate : Multiple Spring Data modules found, entering strict repository configuration mode
2025-06-14T21:59:51.814+03:00  INFO 11605 --- [main] .s.d.r.c.RepositoryConfigurationDelegate : Bootstrapping Spring Data Reactive MongoDB repositories in DEFAULT mode.
2025-06-14T21:59:51.897+03:00  INFO 11605 --- [main] .RepositoryConfigurationExtensionSupport : Spring Data Reactive MongoDB - Could not safely identify store assignment for repository candidate interface com.maria.repository.AuctionRepository; If you want this repository to be a Reactive MongoDB repository, consider annotating your entities with one of these annotations: org.springframework.data.mongodb.core.mapping.Document (preferred), or consider extending one of the following types with your repository: org.springframework.data.mongodb.repository.ReactiveMongoRepository
2025-06-14T21:59:51.898+03:00  INFO 11605 --- [main] .s.d.r.c.RepositoryConfigurationDelegate : Finished Spring Data repository scanning in 80 ms. Found 0 Reactive MongoDB repository interfaces.
2025-06-14T21:59:51.933+03:00  INFO 11605 --- [main] .s.d.r.c.RepositoryConfigurationDelegate : Multiple Spring Data modules found, entering strict repository configuration mode
2025-06-14T21:59:51.935+03:00  INFO 11605 --- [main] .s.d.r.c.RepositoryConfigurationDelegate : Bootstrapping Spring Data R2DBC repositories in DEFAULT mode.
2025-06-14T21:59:52.047+03:00  INFO 11605 --- [main] .s.d.r.c.RepositoryConfigurationDelegate : Finished Spring Data repository scanning in 111 ms. Found 1 R2DBC repository interface.
2025-06-14T21:59:52.088+03:00  INFO 11605 --- [main] .s.d.r.c.RepositoryConfigurationDelegate : Multiple Spring Data modules found, entering strict repository configuration mode
2025-06-14T21:59:52.090+03:00  INFO 11605 --- [main] .s.d.r.c.RepositoryConfigurationDelegate : Bootstrapping Spring Data Redis repositories in DEFAULT mode.
2025-06-14T21:59:52.116+03:00  INFO 11605 --- [main] .RepositoryConfigurationExtensionSupport : Spring Data Redis - Could not safely identify store assignment for repository candidate interface com.maria.repository.AuctionRepository; If you want this repository to be a Redis repository, consider annotating your entities with one of these annotations: org.springframework.data.redis.core.RedisHash (preferred), or consider extending one of the following types with your repository: org.springframework.data.keyvalue.repository.KeyValueRepository
2025-06-14T21:59:52.118+03:00  INFO 11605 --- [main] .s.d.r.c.RepositoryConfigurationDelegate : Finished Spring Data repository scanning in 17 ms. Found 0 Redis repository interfaces.
2025-06-14T21:59:55.115+03:00  INFO 11605 --- [main] o.a.k.clients.consumer.ConsumerConfig    : ConsumerConfig values: 
	allow.auto.create.topics = true
	auto.commit.interval.ms = 5000
	auto.include.jmx.reporter = true
	auto.offset.reset = latest
	bootstrap.servers = [localhost:9092]
	check.crcs = true
	client.dns.lookup = use_all_dns_ips
	client.id = consumer-bid-consumer-group-1
	client.rack = 
	connections.max.idle.ms = 540000
	default.api.timeout.ms = 60000
	enable.auto.commit = false
	enable.metrics.push = true
	exclude.internal.topics = true
	fetch.max.bytes = 52428800
	fetch.max.wait.ms = 500
	fetch.min.bytes = 1
	group.id = bid-consumer-group
	group.instance.id = null
	group.protocol = classic
	group.remote.assignor = null
	heartbeat.interval.ms = 3000
	interceptor.classes = []
	internal.leave.group.on.close = true
	internal.throw.on.fetch.stable.offset.unsupported = false
	isolation.level = read_uncommitted
	key.deserializer = class org.apache.kafka.common.serialization.StringDeserializer
	max.partition.fetch.bytes = 1048576
	max.poll.interval.ms = 300000
	max.poll.records = 500
	metadata.max.age.ms = 300000
	metric.reporters = []
	metrics.num.samples = 2
	metrics.recording.level = INFO
	metrics.sample.window.ms = 30000
	partition.assignment.strategy = [class org.apache.kafka.clients.consumer.RangeAssignor, class org.apache.kafka.clients.consumer.CooperativeStickyAssignor]
	receive.buffer.bytes = 65536
	reconnect.backoff.max.ms = 1000
	reconnect.backoff.ms = 50
	request.timeout.ms = 30000
	retry.backoff.max.ms = 1000
	retry.backoff.ms = 100
	sasl.client.callback.handler.class = null
	sasl.jaas.config = null
	sasl.kerberos.kinit.cmd = /usr/bin/kinit
	sasl.kerberos.min.time.before.relogin = 60000
	sasl.kerberos.service.name = null
	sasl.kerberos.ticket.renew.jitter = 0.05
	sasl.kerberos.ticket.renew.window.factor = 0.8
	sasl.login.callback.handler.class = null
	sasl.login.class = null
	sasl.login.connect.timeout.ms = null
	sasl.login.read.timeout.ms = null
	sasl.login.refresh.buffer.seconds = 300
	sasl.login.refresh.min.period.seconds = 60
	sasl.login.refresh.window.factor = 0.8
	sasl.login.refresh.window.jitter = 0.05
	sasl.login.retry.backoff.max.ms = 10000
	sasl.login.retry.backoff.ms = 100
	sasl.mechanism = GSSAPI
	sasl.oauthbearer.clock.skew.seconds = 30
	sasl.oauthbearer.expected.audience = null
	sasl.oauthbearer.expected.issuer = null
	sasl.oauthbearer.jwks.endpoint.refresh.ms = 3600000
	sasl.oauthbearer.jwks.endpoint.retry.backoff.max.ms = 10000
	sasl.oauthbearer.jwks.endpoint.retry.backoff.ms = 100
	sasl.oauthbearer.jwks.endpoint.url = null
	sasl.oauthbearer.scope.claim.name = scope
	sasl.oauthbearer.sub.claim.name = sub
	sasl.oauthbearer.token.endpoint.url = null
	security.protocol = PLAINTEXT
	security.providers = null
	send.buffer.bytes = 131072
	session.timeout.ms = 45000
	socket.connection.setup.timeout.max.ms = 30000
	socket.connection.setup.timeout.ms = 10000
	ssl.cipher.suites = null
	ssl.enabled.protocols = [TLSv1.2, TLSv1.3]
	ssl.endpoint.identification.algorithm = https
	ssl.engine.factory.class = null
	ssl.key.password = null
	ssl.keymanager.algorithm = SunX509
	ssl.keystore.certificate.chain = null
	ssl.keystore.key = null
	ssl.keystore.location = null
	ssl.keystore.password = null
	ssl.keystore.type = JKS
	ssl.protocol = TLSv1.3
	ssl.provider = null
	ssl.secure.random.implementation = null
	ssl.trustmanager.algorithm = PKIX
	ssl.truststore.certificates = null
	ssl.truststore.location = null
	ssl.truststore.password = null
	ssl.truststore.type = JKS
	value.deserializer = class org.springframework.kafka.support.serializer.JsonDeserializer

2025-06-14T21:59:55.160+03:00  INFO 11605 --- [main] o.a.k.c.t.i.KafkaMetricsCollector        : initializing Kafka metrics collector
2025-06-14T21:59:56.659+03:00  INFO 11605 --- [main] o.a.kafka.common.utils.AppInfoParser     : Kafka version: 3.7.1
2025-06-14T21:59:56.666+03:00  INFO 11605 --- [main] o.a.kafka.common.utils.AppInfoParser     : Kafka commitId: e2494e6ffb89f828
2025-06-14T21:59:56.666+03:00  INFO 11605 --- [main] o.a.kafka.common.utils.AppInfoParser     : Kafka startTimeMs: 1749927596638
2025-06-14T21:59:56.693+03:00  INFO 11605 --- [reactive-kafka-bid-consumer-group-1] o.a.k.c.c.internals.LegacyKafkaConsumer  : [Consumer clientId=consumer-bid-consumer-group-1, groupId=bid-consumer-group] Subscribed to topic(s): new-bid-events
2025-06-14T21:59:56.704+03:00  INFO 11605 --- [main] o.a.k.clients.consumer.ConsumerConfig    : ConsumerConfig values: 
	allow.auto.create.topics = true
	auto.commit.interval.ms = 5000
	auto.include.jmx.reporter = true
	auto.offset.reset = latest
	bootstrap.servers = [localhost:9092]
	check.crcs = true
	client.dns.lookup = use_all_dns_ips
	client.id = consumer-acceptance-consumer-group-2
	client.rack = 
	connections.max.idle.ms = 540000
	default.api.timeout.ms = 60000
	enable.auto.commit = false
	enable.metrics.push = true
	exclude.internal.topics = true
	fetch.max.bytes = 52428800
	fetch.max.wait.ms = 500
	fetch.min.bytes = 1
	group.id = acceptance-consumer-group
	group.instance.id = null
	group.protocol = classic
	group.remote.assignor = null
	heartbeat.interval.ms = 3000
	interceptor.classes = []
	internal.leave.group.on.close = true
	internal.throw.on.fetch.stable.offset.unsupported = false
	isolation.level = read_uncommitted
	key.deserializer = class org.apache.kafka.common.serialization.StringDeserializer
	max.partition.fetch.bytes = 1048576
	max.poll.interval.ms = 300000
	max.poll.records = 500
	metadata.max.age.ms = 300000
	metric.reporters = []
	metrics.num.samples = 2
	metrics.recording.level = INFO
	metrics.sample.window.ms = 30000
	partition.assignment.strategy = [class org.apache.kafka.clients.consumer.RangeAssignor, class org.apache.kafka.clients.consumer.CooperativeStickyAssignor]
	receive.buffer.bytes = 65536
	reconnect.backoff.max.ms = 1000
	reconnect.backoff.ms = 50
	request.timeout.ms = 30000
	retry.backoff.max.ms = 1000
	retry.backoff.ms = 100
	sasl.client.callback.handler.class = null
	sasl.jaas.config = null
	sasl.kerberos.kinit.cmd = /usr/bin/kinit
	sasl.kerberos.min.time.before.relogin = 60000
	sasl.kerberos.service.name = null
	sasl.kerberos.ticket.renew.jitter = 0.05
	sasl.kerberos.ticket.renew.window.factor = 0.8
	sasl.login.callback.handler.class = null
	sasl.login.class = null
	sasl.login.connect.timeout.ms = null
	sasl.login.read.timeout.ms = null
	sasl.login.refresh.buffer.seconds = 300
	sasl.login.refresh.min.period.seconds = 60
	sasl.login.refresh.window.factor = 0.8
	sasl.login.refresh.window.jitter = 0.05
	sasl.login.retry.backoff.max.ms = 10000
	sasl.login.retry.backoff.ms = 100
	sasl.mechanism = GSSAPI
	sasl.oauthbearer.clock.skew.seconds = 30
	sasl.oauthbearer.expected.audience = null
	sasl.oauthbearer.expected.issuer = null
	sasl.oauthbearer.jwks.endpoint.refresh.ms = 3600000
	sasl.oauthbearer.jwks.endpoint.retry.backoff.max.ms = 10000
	sasl.oauthbearer.jwks.endpoint.retry.backoff.ms = 100
	sasl.oauthbearer.jwks.endpoint.url = null
	sasl.oauthbearer.scope.claim.name = scope
	sasl.oauthbearer.sub.claim.name = sub
	sasl.oauthbearer.token.endpoint.url = null
	security.protocol = PLAINTEXT
	security.providers = null
	send.buffer.bytes = 131072
	session.timeout.ms = 45000
	socket.connection.setup.timeout.max.ms = 30000
	socket.connection.setup.timeout.ms = 10000
	ssl.cipher.suites = null
	ssl.enabled.protocols = [TLSv1.2, TLSv1.3]
	ssl.endpoint.identification.algorithm = https
	ssl.engine.factory.class = null
	ssl.key.password = null
	ssl.keymanager.algorithm = SunX509
	ssl.keystore.certificate.chain = null
	ssl.keystore.key = null
	ssl.keystore.location = null
	ssl.keystore.password = null
	ssl.keystore.type = JKS
	ssl.protocol = TLSv1.3
	ssl.provider = null
	ssl.secure.random.implementation = null
	ssl.trustmanager.algorithm = PKIX
	ssl.truststore.certificates = null
	ssl.truststore.location = null
	ssl.truststore.password = null
	ssl.truststore.type = JKS
	value.deserializer = class org.springframework.kafka.support.serializer.JsonDeserializer

2025-06-14T21:59:56.711+03:00  INFO 11605 --- [main] o.a.k.c.t.i.KafkaMetricsCollector        : initializing Kafka metrics collector
2025-06-14T21:59:56.749+03:00  INFO 11605 --- [main] o.a.kafka.common.utils.AppInfoParser     : Kafka version: 3.7.1
2025-06-14T21:59:56.750+03:00  INFO 11605 --- [main] o.a.kafka.common.utils.AppInfoParser     : Kafka commitId: e2494e6ffb89f828
2025-06-14T21:59:56.750+03:00  INFO 11605 --- [main] o.a.kafka.common.utils.AppInfoParser     : Kafka startTimeMs: 1749927596748
2025-06-14T21:59:56.757+03:00  INFO 11605 --- [reactive-kafka-acceptance-consumer-group-2] o.a.k.c.c.internals.LegacyKafkaConsumer  : [Consumer clientId=consumer-acceptance-consumer-group-2, groupId=acceptance-consumer-group] Subscribed to topic(s): acceptance-events
2025-06-14T21:59:57.457+03:00  INFO 11605 --- [reactive-kafka-bid-consumer-group-1] org.apache.kafka.clients.Metadata        : [Consumer clientId=consumer-bid-consumer-group-1, groupId=bid-consumer-group] Cluster ID: 57X2_FiZTHyXgIN_cYpJ3A
2025-06-14T21:59:57.457+03:00  INFO 11605 --- [reactive-kafka-acceptance-consumer-group-2] org.apache.kafka.clients.Metadata        : [Consumer clientId=consumer-acceptance-consumer-group-2, groupId=acceptance-consumer-group] Cluster ID: 57X2_FiZTHyXgIN_cYpJ3A
2025-06-14T21:59:57.470+03:00  INFO 11605 --- [reactive-kafka-bid-consumer-group-1] o.a.k.c.c.internals.ConsumerCoordinator  : [Consumer clientId=consumer-bid-consumer-group-1, groupId=bid-consumer-group] Discovered group coordinator macbookair.lan:9092 (id: 2147483647 rack: null)
2025-06-14T21:59:57.470+03:00  INFO 11605 --- [reactive-kafka-acceptance-consumer-group-2] o.a.k.c.c.internals.ConsumerCoordinator  : [Consumer clientId=consumer-acceptance-consumer-group-2, groupId=acceptance-consumer-group] Discovered group coordinator macbookair.lan:9092 (id: 2147483647 rack: null)
2025-06-14T21:59:57.582+03:00  INFO 11605 --- [reactive-kafka-acceptance-consumer-group-2] o.a.k.c.c.internals.ConsumerCoordinator  : [Consumer clientId=consumer-acceptance-consumer-group-2, groupId=acceptance-consumer-group] (Re-)joining group
2025-06-14T21:59:57.582+03:00  INFO 11605 --- [reactive-kafka-bid-consumer-group-1] o.a.k.c.c.internals.ConsumerCoordinator  : [Consumer clientId=consumer-bid-consumer-group-1, groupId=bid-consumer-group] (Re-)joining group
2025-06-14T21:59:57.692+03:00  INFO 11605 --- [reactive-kafka-bid-consumer-group-1] o.a.k.c.c.internals.ConsumerCoordinator  : [Consumer clientId=consumer-bid-consumer-group-1, groupId=bid-consumer-group] Request joining group due to: need to re-join with the given member-id: consumer-bid-consumer-group-1-ce44dab0-f01d-4245-b9df-44e50fb7a3d5
2025-06-14T21:59:57.692+03:00  INFO 11605 --- [reactive-kafka-acceptance-consumer-group-2] o.a.k.c.c.internals.ConsumerCoordinator  : [Consumer clientId=consumer-acceptance-consumer-group-2, groupId=acceptance-consumer-group] Request joining group due to: need to re-join with the given member-id: consumer-acceptance-consumer-group-2-0ed36713-135f-42fa-9e13-03da4bd65b3c
2025-06-14T21:59:57.700+03:00  INFO 11605 --- [reactive-kafka-bid-consumer-group-1] o.a.k.c.c.internals.ConsumerCoordinator  : [Consumer clientId=consumer-bid-consumer-group-1, groupId=bid-consumer-group] (Re-)joining group
2025-06-14T21:59:57.701+03:00  INFO 11605 --- [reactive-kafka-acceptance-consumer-group-2] o.a.k.c.c.internals.ConsumerCoordinator  : [Consumer clientId=consumer-acceptance-consumer-group-2, groupId=acceptance-consumer-group] (Re-)joining group
2025-06-14T21:59:57.761+03:00  INFO 11605 --- [reactive-kafka-acceptance-consumer-group-2] o.a.k.c.c.internals.ConsumerCoordinator  : [Consumer clientId=consumer-acceptance-consumer-group-2, groupId=acceptance-consumer-group] Successfully joined group with generation Generation{generationId=111, memberId='consumer-acceptance-consumer-group-2-0ed36713-135f-42fa-9e13-03da4bd65b3c', protocol='range'}
2025-06-14T21:59:57.765+03:00  INFO 11605 --- [reactive-kafka-bid-consumer-group-1] o.a.k.c.c.internals.ConsumerCoordinator  : [Consumer clientId=consumer-bid-consumer-group-1, groupId=bid-consumer-group] Successfully joined group with generation Generation{generationId=288, memberId='consumer-bid-consumer-group-1-ce44dab0-f01d-4245-b9df-44e50fb7a3d5', protocol='range'}
2025-06-14T21:59:57.779+03:00  INFO 11605 --- [reactive-kafka-bid-consumer-group-1] o.a.k.c.c.internals.ConsumerCoordinator  : [Consumer clientId=consumer-bid-consumer-group-1, groupId=bid-consumer-group] Finished assignment for group at generation 288: {consumer-bid-consumer-group-1-ce44dab0-f01d-4245-b9df-44e50fb7a3d5=Assignment(partitions=[new-bid-events-0])}
2025-06-14T21:59:57.779+03:00  INFO 11605 --- [reactive-kafka-acceptance-consumer-group-2] o.a.k.c.c.internals.ConsumerCoordinator  : [Consumer clientId=consumer-acceptance-consumer-group-2, groupId=acceptance-consumer-group] Finished assignment for group at generation 111: {consumer-acceptance-consumer-group-2-0ed36713-135f-42fa-9e13-03da4bd65b3c=Assignment(partitions=[acceptance-events-0])}
2025-06-14T21:59:57.964+03:00  INFO 11605 --- [reactive-kafka-bid-consumer-group-1] o.a.k.c.c.internals.ConsumerCoordinator  : [Consumer clientId=consumer-bid-consumer-group-1, groupId=bid-consumer-group] Successfully synced group in generation Generation{generationId=288, memberId='consumer-bid-consumer-group-1-ce44dab0-f01d-4245-b9df-44e50fb7a3d5', protocol='range'}
2025-06-14T21:59:57.963+03:00  INFO 11605 --- [reactive-kafka-acceptance-consumer-group-2] o.a.k.c.c.internals.ConsumerCoordinator  : [Consumer clientId=consumer-acceptance-consumer-group-2, groupId=acceptance-consumer-group] Successfully synced group in generation Generation{generationId=111, memberId='consumer-acceptance-consumer-group-2-0ed36713-135f-42fa-9e13-03da4bd65b3c', protocol='range'}
2025-06-14T21:59:57.971+03:00  INFO 11605 --- [reactive-kafka-bid-consumer-group-1] o.a.k.c.c.internals.ConsumerCoordinator  : [Consumer clientId=consumer-bid-consumer-group-1, groupId=bid-consumer-group] Notifying assignor about the new Assignment(partitions=[new-bid-events-0])
2025-06-14T21:59:57.971+03:00  INFO 11605 --- [reactive-kafka-acceptance-consumer-group-2] o.a.k.c.c.internals.ConsumerCoordinator  : [Consumer clientId=consumer-acceptance-consumer-group-2, groupId=acceptance-consumer-group] Notifying assignor about the new Assignment(partitions=[acceptance-events-0])
2025-06-14T21:59:57.977+03:00  INFO 11605 --- [reactive-kafka-acceptance-consumer-group-2] k.c.c.i.ConsumerRebalanceListenerInvoker : [Consumer clientId=consumer-acceptance-consumer-group-2, groupId=acceptance-consumer-group] Adding newly assigned partitions: acceptance-events-0
2025-06-14T21:59:57.977+03:00  INFO 11605 --- [reactive-kafka-bid-consumer-group-1] k.c.c.i.ConsumerRebalanceListenerInvoker : [Consumer clientId=consumer-bid-consumer-group-1, groupId=bid-consumer-group] Adding newly assigned partitions: new-bid-events-0
2025-06-14T21:59:58.035+03:00  INFO 11605 --- [reactive-kafka-acceptance-consumer-group-2] o.a.k.c.c.internals.ConsumerUtils        : Setting offset for partition acceptance-events-0 to the committed offset FetchPosition{offset=46, offsetEpoch=Optional.empty, currentLeader=LeaderAndEpoch{leader=Optional[macbookair.lan:9092 (id: 0 rack: null)], epoch=0}}
2025-06-14T21:59:58.035+03:00  INFO 11605 --- [reactive-kafka-bid-consumer-group-1] o.a.k.c.c.internals.ConsumerUtils        : Setting offset for partition new-bid-events-0 to the committed offset FetchPosition{offset=83, offsetEpoch=Optional.empty, currentLeader=LeaderAndEpoch{leader=Optional[macbookair.lan:9092 (id: 0 rack: null)], epoch=0}}
2025-06-14T21:59:58.308+03:00  INFO 11605 --- [reactive-kafka-acceptance-consumer-group-2] c.maria.service.AuctionKafkaServiceImpl  : Acceptance event: from user: 1
2025-06-14T21:59:58.754+03:00  INFO 11605 --- [main] org.mongodb.driver.client                : MongoClient with metadata {"driver": {"name": "mongo-java-driver|reactive-streams|spring-boot", "version": "5.0.1"}, "os": {"type": "Darwin", "name": "Mac OS X", "architecture": "x86_64", "version": "15.3"}, "platform": "Java/Oracle Corporation/21+35-2513"} created with settings MongoClientSettings{readPreference=primary, writeConcern=WriteConcern{w=null, wTimeout=null ms, journal=null}, retryWrites=true, retryReads=true, readConcern=ReadConcern{level=null}, credential=null, transportSettings=NettyTransportSettings{eventLoopGroup=io.netty.channel.nio.NioEventLoopGroup@73502d5e, socketChannelClass=null, allocator=null, sslContext=null}, commandListeners=[], codecRegistry=ProvidersCodecRegistry{codecProviders=[ValueCodecProvider{}, BsonValueCodecProvider{}, DBRefCodecProvider{}, DBObjectCodecProvider{}, DocumentCodecProvider{}, CollectionCodecProvider{}, IterableCodecProvider{}, MapCodecProvider{}, GeoJsonCodecProvider{}, GridFSFileCodecProvider{}, Jsr310CodecProvider{}, JsonObjectCodecProvider{}, BsonCodecProvider{}, EnumCodecProvider{}, com.mongodb.client.model.mql.ExpressionCodecProvider@471d6571, com.mongodb.Jep395RecordCodecProvider@213bd66a, com.mongodb.KotlinCodecProvider@5692863]}, loggerSettings=LoggerSettings{maxDocumentLength=1000}, clusterSettings={hosts=[localhost:27017], srvServiceName=mongodb, mode=SINGLE, requiredClusterType=UNKNOWN, requiredReplicaSetName='null', serverSelector='null', clusterListeners='[]', serverSelectionTimeout='30000 ms', localThreshold='15 ms'}, socketSettings=SocketSettings{connectTimeoutMS=10000, readTimeoutMS=0, receiveBufferSize=0, proxySettings=ProxySettings{host=null, port=null, username=null, password=null}}, heartbeatSocketSettings=SocketSettings{connectTimeoutMS=10000, readTimeoutMS=10000, receiveBufferSize=0, proxySettings=ProxySettings{host=null, port=null, username=null, password=null}}, connectionPoolSettings=ConnectionPoolSettings{maxSize=100, minSize=0, maxWaitTimeMS=120000, maxConnectionLifeTimeMS=0, maxConnectionIdleTimeMS=0, maintenanceInitialDelayMS=0, maintenanceFrequencyMS=60000, connectionPoolListeners=[], maxConnecting=2}, serverSettings=ServerSettings{heartbeatFrequencyMS=10000, minHeartbeatFrequencyMS=500, serverListeners='[]', serverMonitorListeners='[]'}, sslSettings=SslSettings{enabled=false, invalidHostNameAllowed=false, context=null}, applicationName='null', compressorList=[], uuidRepresentation=JAVA_LEGACY, serverApi=null, autoEncryptionSettings=null, dnsClient=null, inetAddressResolver=null, contextProvider=null}
2025-06-14T21:59:58.846+03:00  INFO 11605 --- [cluster-ClusterId{value='684dc6aedf4e6472d0fa3a00', description='null'}-localhost:27017] org.mongodb.driver.cluster               : Monitor thread successfully connected to server with description ServerDescription{address=localhost:27017, type=STANDALONE, state=CONNECTED, ok=true, minWireVersion=0, maxWireVersion=25, maxDocumentSize=16777216, logicalSessionTimeoutMinutes=30, roundTripTimeNanos=141806750}
2025-06-14T21:59:59.218+03:00  WARN 11605 --- [reactor-tcp-nio-1] com.maria.service.AuctionServiceImpl     : Error during acceptance processing: executeMany; bad SQL grammar [SELECT auction.* FROM auction WHERE auction.id = $1 LIMIT 2]
2025-06-14T21:59:59.219+03:00  WARN 11605 --- [reactor-tcp-nio-1] com.maria.service.AuctionServiceImpl     : Unexpected error: executeMany; bad SQL grammar [SELECT auction.* FROM auction WHERE auction.id = $1 LIMIT 2]
2025-06-14T21:59:59.223+03:00 ERROR 11605 --- [reactor-tcp-nio-1] c.maria.service.AuctionKafkaServiceImpl  : Error in Kafka acceptances consumer: Failed to process acceptance
2025-06-14T21:59:59.304+03:00  INFO 11605 --- [reactive-kafka-acceptance-consumer-group-2] k.c.c.i.ConsumerRebalanceListenerInvoker : [Consumer clientId=consumer-acceptance-consumer-group-2, groupId=acceptance-consumer-group] Revoke previously assigned partitions acceptance-events-0
2025-06-14T21:59:59.306+03:00  INFO 11605 --- [reactive-kafka-acceptance-consumer-group-2] o.a.k.c.c.internals.ConsumerCoordinator  : [Consumer clientId=consumer-acceptance-consumer-group-2, groupId=acceptance-consumer-group] Member consumer-acceptance-consumer-group-2-0ed36713-135f-42fa-9e13-03da4bd65b3c sending LeaveGroup request to coordinator macbookair.lan:9092 (id: 2147483647 rack: null) due to the consumer is being closed
2025-06-14T21:59:59.313+03:00  INFO 11605 --- [reactive-kafka-acceptance-consumer-group-2] o.a.k.c.c.internals.ConsumerCoordinator  : [Consumer clientId=consumer-acceptance-consumer-group-2, groupId=acceptance-consumer-group] Resetting generation and member id due to: consumer pro-actively leaving the group
2025-06-14T21:59:59.314+03:00  INFO 11605 --- [reactive-kafka-acceptance-consumer-group-2] o.a.k.c.c.internals.ConsumerCoordinator  : [Consumer clientId=consumer-acceptance-consumer-group-2, groupId=acceptance-consumer-group] Request joining group due to: consumer pro-actively leaving the group
2025-06-14T21:59:59.399+03:00  INFO 11605 --- [reactive-kafka-acceptance-consumer-group-2] o.apache.kafka.common.metrics.Metrics    : Metrics scheduler closed
2025-06-14T21:59:59.399+03:00  INFO 11605 --- [reactive-kafka-acceptance-consumer-group-2] o.apache.kafka.common.metrics.Metrics    : Closing reporter org.apache.kafka.common.metrics.JmxReporter
2025-06-14T21:59:59.400+03:00  INFO 11605 --- [reactive-kafka-acceptance-consumer-group-2] o.apache.kafka.common.metrics.Metrics    : Closing reporter org.apache.kafka.common.telemetry.internals.ClientTelemetryReporter
2025-06-14T21:59:59.401+03:00  INFO 11605 --- [reactive-kafka-acceptance-consumer-group-2] o.apache.kafka.common.metrics.Metrics    : Metrics reporters closed
2025-06-14T21:59:59.425+03:00  INFO 11605 --- [reactive-kafka-acceptance-consumer-group-2] o.a.kafka.common.utils.AppInfoParser     : App info kafka.consumer for consumer-acceptance-consumer-group-2 unregistered
2025-06-14T21:59:59.700+03:00  INFO 11605 --- [main] o.a.k.clients.admin.AdminClientConfig    : AdminClientConfig values: 
	auto.include.jmx.reporter = true
	bootstrap.controllers = []
	bootstrap.servers = [PLAINTEXT://localhost:50296]
	client.dns.lookup = use_all_dns_ips
	client.id = 
	connections.max.idle.ms = 300000
	default.api.timeout.ms = 60000
	enable.metrics.push = true
	metadata.max.age.ms = 300000
	metric.reporters = []
	metrics.num.samples = 2
	metrics.recording.level = INFO
	metrics.sample.window.ms = 30000
	receive.buffer.bytes = 65536
	reconnect.backoff.max.ms = 1000
	reconnect.backoff.ms = 50
	request.timeout.ms = 30000
	retries = 2147483647
	retry.backoff.max.ms = 1000
	retry.backoff.ms = 100
	sasl.client.callback.handler.class = null
	sasl.jaas.config = null
	sasl.kerberos.kinit.cmd = /usr/bin/kinit
	sasl.kerberos.min.time.before.relogin = 60000
	sasl.kerberos.service.name = null
	sasl.kerberos.ticket.renew.jitter = 0.05
	sasl.kerberos.ticket.renew.window.factor = 0.8
	sasl.login.callback.handler.class = null
	sasl.login.class = null
	sasl.login.connect.timeout.ms = null
	sasl.login.read.timeout.ms = null
	sasl.login.refresh.buffer.seconds = 300
	sasl.login.refresh.min.period.seconds = 60
	sasl.login.refresh.window.factor = 0.8
	sasl.login.refresh.window.jitter = 0.05
	sasl.login.retry.backoff.max.ms = 10000
	sasl.login.retry.backoff.ms = 100
	sasl.mechanism = GSSAPI
	sasl.oauthbearer.clock.skew.seconds = 30
	sasl.oauthbearer.expected.audience = null
	sasl.oauthbearer.expected.issuer = null
	sasl.oauthbearer.jwks.endpoint.refresh.ms = 3600000
	sasl.oauthbearer.jwks.endpoint.retry.backoff.max.ms = 10000
	sasl.oauthbearer.jwks.endpoint.retry.backoff.ms = 100
	sasl.oauthbearer.jwks.endpoint.url = null
	sasl.oauthbearer.scope.claim.name = scope
	sasl.oauthbearer.sub.claim.name = sub
	sasl.oauthbearer.token.endpoint.url = null
	security.protocol = PLAINTEXT
	security.providers = null
	send.buffer.bytes = 131072
	socket.connection.setup.timeout.max.ms = 30000
	socket.connection.setup.timeout.ms = 10000
	ssl.cipher.suites = null
	ssl.enabled.protocols = [TLSv1.2, TLSv1.3]
	ssl.endpoint.identification.algorithm = https
	ssl.engine.factory.class = null
	ssl.key.password = null
	ssl.keymanager.algorithm = SunX509
	ssl.keystore.certificate.chain = null
	ssl.keystore.key = null
	ssl.keystore.location = null
	ssl.keystore.password = null
	ssl.keystore.type = JKS
	ssl.protocol = TLSv1.3
	ssl.provider = null
	ssl.secure.random.implementation = null
	ssl.trustmanager.algorithm = PKIX
	ssl.truststore.certificates = null
	ssl.truststore.location = null
	ssl.truststore.password = null
	ssl.truststore.type = JKS

2025-06-14T21:59:59.721+03:00  INFO 11605 --- [main] o.a.kafka.common.utils.AppInfoParser     : Kafka version: 3.7.1
2025-06-14T21:59:59.723+03:00  INFO 11605 --- [main] o.a.kafka.common.utils.AppInfoParser     : Kafka commitId: e2494e6ffb89f828
2025-06-14T21:59:59.723+03:00  INFO 11605 --- [main] o.a.kafka.common.utils.AppInfoParser     : Kafka startTimeMs: 1749927599721
2025-06-14T22:00:00.333+03:00  INFO 11605 --- [kafka-admin-client-thread | adminclient-1] o.a.kafka.common.utils.AppInfoParser     : App info kafka.admin.client for adminclient-1 unregistered
2025-06-14T22:00:00.343+03:00  INFO 11605 --- [kafka-admin-client-thread | adminclient-1] o.apache.kafka.common.metrics.Metrics    : Metrics scheduler closed
2025-06-14T22:00:00.348+03:00  INFO 11605 --- [kafka-admin-client-thread | adminclient-1] o.apache.kafka.common.metrics.Metrics    : Closing reporter org.apache.kafka.common.metrics.JmxReporter
2025-06-14T22:00:00.348+03:00  INFO 11605 --- [kafka-admin-client-thread | adminclient-1] o.apache.kafka.common.metrics.Metrics    : Metrics reporters closed
2025-06-14T22:00:00.462+03:00  INFO 11605 --- [main] com.maria.service.AuctionServiceTest     : Started AuctionServiceTest in 10.938 seconds (process running for 25.468)
2025-06-14T22:00:03.630+03:00  INFO 11605 --- [main] o.a.k.clients.producer.ProducerConfig    : ProducerConfig values: 
	acks = -1
	auto.include.jmx.reporter = true
	batch.size = 16384
	bootstrap.servers = [localhost:9092]
	buffer.memory = 33554432
	client.dns.lookup = use_all_dns_ips
	client.id = producer-1
	compression.type = none
	connections.max.idle.ms = 540000
	delivery.timeout.ms = 120000
	enable.idempotence = true
	enable.metrics.push = true
	interceptor.classes = []
	key.serializer = class org.springframework.kafka.support.serializer.JsonSerializer
	linger.ms = 0
	max.block.ms = 60000
	max.in.flight.requests.per.connection = 5
	max.request.size = 1048576
	metadata.max.age.ms = 300000
	metadata.max.idle.ms = 300000
	metric.reporters = []
	metrics.num.samples = 2
	metrics.recording.level = INFO
	metrics.sample.window.ms = 30000
	partitioner.adaptive.partitioning.enable = true
	partitioner.availability.timeout.ms = 0
	partitioner.class = null
	partitioner.ignore.keys = false
	receive.buffer.bytes = 32768
	reconnect.backoff.max.ms = 1000
	reconnect.backoff.ms = 50
	request.timeout.ms = 30000
	retries = 2147483647
	retry.backoff.max.ms = 1000
	retry.backoff.ms = 100
	sasl.client.callback.handler.class = null
	sasl.jaas.config = null
	sasl.kerberos.kinit.cmd = /usr/bin/kinit
	sasl.kerberos.min.time.before.relogin = 60000
	sasl.kerberos.service.name = null
	sasl.kerberos.ticket.renew.jitter = 0.05
	sasl.kerberos.ticket.renew.window.factor = 0.8
	sasl.login.callback.handler.class = null
	sasl.login.class = null
	sasl.login.connect.timeout.ms = null
	sasl.login.read.timeout.ms = null
	sasl.login.refresh.buffer.seconds = 300
	sasl.login.refresh.min.period.seconds = 60
	sasl.login.refresh.window.factor = 0.8
	sasl.login.refresh.window.jitter = 0.05
	sasl.login.retry.backoff.max.ms = 10000
	sasl.login.retry.backoff.ms = 100
	sasl.mechanism = GSSAPI
	sasl.oauthbearer.clock.skew.seconds = 30
	sasl.oauthbearer.expected.audience = null
	sasl.oauthbearer.expected.issuer = null
	sasl.oauthbearer.jwks.endpoint.refresh.ms = 3600000
	sasl.oauthbearer.jwks.endpoint.retry.backoff.max.ms = 10000
	sasl.oauthbearer.jwks.endpoint.retry.backoff.ms = 100
	sasl.oauthbearer.jwks.endpoint.url = null
	sasl.oauthbearer.scope.claim.name = scope
	sasl.oauthbearer.sub.claim.name = sub
	sasl.oauthbearer.token.endpoint.url = null
	security.protocol = PLAINTEXT
	security.providers = null
	send.buffer.bytes = 131072
	socket.connection.setup.timeout.max.ms = 30000
	socket.connection.setup.timeout.ms = 10000
	ssl.cipher.suites = null
	ssl.enabled.protocols = [TLSv1.2, TLSv1.3]
	ssl.endpoint.identification.algorithm = https
	ssl.engine.factory.class = null
	ssl.key.password = null
	ssl.keymanager.algorithm = SunX509
	ssl.keystore.certificate.chain = null
	ssl.keystore.key = null
	ssl.keystore.location = null
	ssl.keystore.password = null
	ssl.keystore.type = JKS
	ssl.protocol = TLSv1.3
	ssl.provider = null
	ssl.secure.random.implementation = null
	ssl.trustmanager.algorithm = PKIX
	ssl.truststore.certificates = null
	ssl.truststore.location = null
	ssl.truststore.password = null
	ssl.truststore.type = JKS
	transaction.timeout.ms = 60000
	transactional.id = null
	value.serializer = class org.springframework.kafka.support.serializer.JsonSerializer

2025-06-14T22:00:03.645+03:00  INFO 11605 --- [main] o.a.k.c.t.i.KafkaMetricsCollector        : initializing Kafka metrics collector
2025-06-14T22:00:03.675+03:00  INFO 11605 --- [main] o.a.k.clients.producer.KafkaProducer     : [Producer clientId=producer-1] Instantiated an idempotent producer.
2025-06-14T22:00:03.705+03:00  INFO 11605 --- [main] o.a.kafka.common.utils.AppInfoParser     : Kafka version: 3.7.1
2025-06-14T22:00:03.705+03:00  INFO 11605 --- [main] o.a.kafka.common.utils.AppInfoParser     : Kafka commitId: e2494e6ffb89f828
2025-06-14T22:00:03.706+03:00  INFO 11605 --- [main] o.a.kafka.common.utils.AppInfoParser     : Kafka startTimeMs: 1749927603704
2025-06-14T22:00:03.743+03:00  INFO 11605 --- [kafka-producer-network-thread | producer-1] org.apache.kafka.clients.Metadata        : [Producer clientId=producer-1] Cluster ID: 57X2_FiZTHyXgIN_cYpJ3A
2025-06-14T22:00:03.986+03:00  INFO 11605 --- [kafka-producer-network-thread | producer-1] o.a.k.c.p.internals.TransactionManager   : [Producer clientId=producer-1] ProducerId set to 25000 with epoch 0
2025-06-14T22:00:04.089+03:00  INFO 11605 --- [reactive-kafka-bid-consumer-group-1] c.maria.service.AuctionKafkaServiceImpl  : Bid event: new bid: 200 from user: 1
2025-06-14T22:00:04.198+03:00  INFO 11605 --- [reactor-tcp-nio-2] com.maria.service.AuctionServiceImpl     : Bid is validate for auction, auction id: 6
2025-06-14T22:00:04.231+03:00  INFO 11605 --- [reactor-tcp-nio-2] com.maria.service.AuctionServiceImpl     : Auction successfully saved, auction id: 6
2025-06-14T22:00:04.239+03:00  INFO 11605 --- [parallel-4] o.a.k.clients.consumer.ConsumerConfig    : ConsumerConfig values: 
	allow.auto.create.topics = true
	auto.commit.interval.ms = 5000
	auto.include.jmx.reporter = true
	auto.offset.reset = latest
	bootstrap.servers = [localhost:9092]
	check.crcs = true
	client.dns.lookup = use_all_dns_ips
	client.id = consumer-acceptance-consumer-group-3
	client.rack = 
	connections.max.idle.ms = 540000
	default.api.timeout.ms = 60000
	enable.auto.commit = false
	enable.metrics.push = true
	exclude.internal.topics = true
	fetch.max.bytes = 52428800
	fetch.max.wait.ms = 500
	fetch.min.bytes = 1
	group.id = acceptance-consumer-group
	group.instance.id = null
	group.protocol = classic
	group.remote.assignor = null
	heartbeat.interval.ms = 3000
	interceptor.classes = []
	internal.leave.group.on.close = true
	internal.throw.on.fetch.stable.offset.unsupported = false
	isolation.level = read_uncommitted
	key.deserializer = class org.apache.kafka.common.serialization.StringDeserializer
	max.partition.fetch.bytes = 1048576
	max.poll.interval.ms = 300000
	max.poll.records = 500
	metadata.max.age.ms = 300000
	metric.reporters = []
	metrics.num.samples = 2
	metrics.recording.level = INFO
	metrics.sample.window.ms = 30000
	partition.assignment.strategy = [class org.apache.kafka.clients.consumer.RangeAssignor, class org.apache.kafka.clients.consumer.CooperativeStickyAssignor]
	receive.buffer.bytes = 65536
	reconnect.backoff.max.ms = 1000
	reconnect.backoff.ms = 50
	request.timeout.ms = 30000
	retry.backoff.max.ms = 1000
	retry.backoff.ms = 100
	sasl.client.callback.handler.class = null
	sasl.jaas.config = null
	sasl.kerberos.kinit.cmd = /usr/bin/kinit
	sasl.kerberos.min.time.before.relogin = 60000
	sasl.kerberos.service.name = null
	sasl.kerberos.ticket.renew.jitter = 0.05
	sasl.kerberos.ticket.renew.window.factor = 0.8
	sasl.login.callback.handler.class = null
	sasl.login.class = null
	sasl.login.connect.timeout.ms = null
	sasl.login.read.timeout.ms = null
	sasl.login.refresh.buffer.seconds = 300
	sasl.login.refresh.min.period.seconds = 60
	sasl.login.refresh.window.factor = 0.8
	sasl.login.refresh.window.jitter = 0.05
	sasl.login.retry.backoff.max.ms = 10000
	sasl.login.retry.backoff.ms = 100
	sasl.mechanism = GSSAPI
	sasl.oauthbearer.clock.skew.seconds = 30
	sasl.oauthbearer.expected.audience = null
	sasl.oauthbearer.expected.issuer = null
	sasl.oauthbearer.jwks.endpoint.refresh.ms = 3600000
	sasl.oauthbearer.jwks.endpoint.retry.backoff.max.ms = 10000
	sasl.oauthbearer.jwks.endpoint.retry.backoff.ms = 100
	sasl.oauthbearer.jwks.endpoint.url = null
	sasl.oauthbearer.scope.claim.name = scope
	sasl.oauthbearer.sub.claim.name = sub
	sasl.oauthbearer.token.endpoint.url = null
	security.protocol = PLAINTEXT
	security.providers = null
	send.buffer.bytes = 131072
	session.timeout.ms = 45000
	socket.connection.setup.timeout.max.ms = 30000
	socket.connection.setup.timeout.ms = 10000
	ssl.cipher.suites = null
	ssl.enabled.protocols = [TLSv1.2, TLSv1.3]
	ssl.endpoint.identification.algorithm = https
	ssl.engine.factory.class = null
	ssl.key.password = null
	ssl.keymanager.algorithm = SunX509
	ssl.keystore.certificate.chain = null
	ssl.keystore.key = null
	ssl.keystore.location = null
	ssl.keystore.password = null
	ssl.keystore.type = JKS
	ssl.protocol = TLSv1.3
	ssl.provider = null
	ssl.secure.random.implementation = null
	ssl.trustmanager.algorithm = PKIX
	ssl.truststore.certificates = null
	ssl.truststore.location = null
	ssl.truststore.password = null
	ssl.truststore.type = JKS
	value.deserializer = class org.springframework.kafka.support.serializer.JsonDeserializer

2025-06-14T22:00:04.241+03:00  INFO 11605 --- [parallel-4] o.a.k.c.t.i.KafkaMetricsCollector        : initializing Kafka metrics collector
2025-06-14T22:00:04.251+03:00  INFO 11605 --- [lettuce-nioEventLoop-7-1] o.a.k.clients.producer.ProducerConfig    : ProducerConfig values: 
	acks = -1
	auto.include.jmx.reporter = true
	batch.size = 16384
	bootstrap.servers = [localhost:9092]
	buffer.memory = 33554432
	client.dns.lookup = use_all_dns_ips
	client.id = producer-2
	compression.type = none
	connections.max.idle.ms = 540000
	delivery.timeout.ms = 120000
	enable.idempotence = true
	enable.metrics.push = true
	interceptor.classes = []
	key.serializer = class org.springframework.kafka.support.serializer.JsonSerializer
	linger.ms = 0
	max.block.ms = 60000
	max.in.flight.requests.per.connection = 5
	max.request.size = 1048576
	metadata.max.age.ms = 300000
	metadata.max.idle.ms = 300000
	metric.reporters = []
	metrics.num.samples = 2
	metrics.recording.level = INFO
	metrics.sample.window.ms = 30000
	partitioner.adaptive.partitioning.enable = true
	partitioner.availability.timeout.ms = 0
	partitioner.class = null
	partitioner.ignore.keys = false
	receive.buffer.bytes = 32768
	reconnect.backoff.max.ms = 1000
	reconnect.backoff.ms = 50
	request.timeout.ms = 30000
	retries = 2147483647
	retry.backoff.max.ms = 1000
	retry.backoff.ms = 100
	sasl.client.callback.handler.class = null
	sasl.jaas.config = null
	sasl.kerberos.kinit.cmd = /usr/bin/kinit
	sasl.kerberos.min.time.before.relogin = 60000
	sasl.kerberos.service.name = null
	sasl.kerberos.ticket.renew.jitter = 0.05
	sasl.kerberos.ticket.renew.window.factor = 0.8
	sasl.login.callback.handler.class = null
	sasl.login.class = null
	sasl.login.connect.timeout.ms = null
	sasl.login.read.timeout.ms = null
	sasl.login.refresh.buffer.seconds = 300
	sasl.login.refresh.min.period.seconds = 60
	sasl.login.refresh.window.factor = 0.8
	sasl.login.refresh.window.jitter = 0.05
	sasl.login.retry.backoff.max.ms = 10000
	sasl.login.retry.backoff.ms = 100
	sasl.mechanism = GSSAPI
	sasl.oauthbearer.clock.skew.seconds = 30
	sasl.oauthbearer.expected.audience = null
	sasl.oauthbearer.expected.issuer = null
	sasl.oauthbearer.jwks.endpoint.refresh.ms = 3600000
	sasl.oauthbearer.jwks.endpoint.retry.backoff.max.ms = 10000
	sasl.oauthbearer.jwks.endpoint.retry.backoff.ms = 100
	sasl.oauthbearer.jwks.endpoint.url = null
	sasl.oauthbearer.scope.claim.name = scope
	sasl.oauthbearer.sub.claim.name = sub
	sasl.oauthbearer.token.endpoint.url = null
	security.protocol = PLAINTEXT
	security.providers = null
	send.buffer.bytes = 131072
	socket.connection.setup.timeout.max.ms = 30000
	socket.connection.setup.timeout.ms = 10000
	ssl.cipher.suites = null
	ssl.enabled.protocols = [TLSv1.2, TLSv1.3]
	ssl.endpoint.identification.algorithm = https
	ssl.engine.factory.class = null
	ssl.key.password = null
	ssl.keymanager.algorithm = SunX509
	ssl.keystore.certificate.chain = null
	ssl.keystore.key = null
	ssl.keystore.location = null
	ssl.keystore.password = null
	ssl.keystore.type = JKS
	ssl.protocol = TLSv1.3
	ssl.provider = null
	ssl.secure.random.implementation = null
	ssl.trustmanager.algorithm = PKIX
	ssl.truststore.certificates = null
	ssl.truststore.location = null
	ssl.truststore.password = null
	ssl.truststore.type = JKS
	transaction.timeout.ms = 60000
	transactional.id = null
	value.serializer = class org.springframework.kafka.support.serializer.JsonSerializer

2025-06-14T22:00:04.253+03:00  INFO 11605 --- [lettuce-nioEventLoop-7-1] o.a.k.c.t.i.KafkaMetricsCollector        : initializing Kafka metrics collector
2025-06-14T22:00:04.257+03:00  INFO 11605 --- [lettuce-nioEventLoop-7-1] o.a.k.clients.producer.KafkaProducer     : [Producer clientId=producer-2] Instantiated an idempotent producer.
2025-06-14T22:00:04.264+03:00  INFO 11605 --- [lettuce-nioEventLoop-7-1] o.a.kafka.common.utils.AppInfoParser     : Kafka version: 3.7.1
2025-06-14T22:00:04.265+03:00  INFO 11605 --- [lettuce-nioEventLoop-7-1] o.a.kafka.common.utils.AppInfoParser     : Kafka commitId: e2494e6ffb89f828
2025-06-14T22:00:04.265+03:00  INFO 11605 --- [lettuce-nioEventLoop-7-1] o.a.kafka.common.utils.AppInfoParser     : Kafka startTimeMs: 1749927604264
2025-06-14T22:00:04.266+03:00  INFO 11605 --- [parallel-4] o.a.kafka.common.utils.AppInfoParser     : Kafka version: 3.7.1
2025-06-14T22:00:04.267+03:00  INFO 11605 --- [parallel-4] o.a.kafka.common.utils.AppInfoParser     : Kafka commitId: e2494e6ffb89f828
2025-06-14T22:00:04.267+03:00  INFO 11605 --- [parallel-4] o.a.kafka.common.utils.AppInfoParser     : Kafka startTimeMs: 1749927604266
2025-06-14T22:00:04.269+03:00  INFO 11605 --- [reactive-kafka-acceptance-consumer-group-3] o.a.k.c.c.internals.LegacyKafkaConsumer  : [Consumer clientId=consumer-acceptance-consumer-group-3, groupId=acceptance-consumer-group] Subscribed to topic(s): acceptance-events
2025-06-14T22:00:04.271+03:00  INFO 11605 --- [kafka-producer-network-thread | producer-2] org.apache.kafka.clients.Metadata        : [Producer clientId=producer-2] Cluster ID: 57X2_FiZTHyXgIN_cYpJ3A
2025-06-14T22:00:04.272+03:00  INFO 11605 --- [kafka-producer-network-thread | producer-2] o.a.k.c.p.internals.TransactionManager   : [Producer clientId=producer-2] ProducerId set to 25001 with epoch 0
2025-06-14T22:00:04.282+03:00  INFO 11605 --- [reactive-kafka-acceptance-consumer-group-3] org.apache.kafka.clients.Metadata        : [Consumer clientId=consumer-acceptance-consumer-group-3, groupId=acceptance-consumer-group] Cluster ID: 57X2_FiZTHyXgIN_cYpJ3A
2025-06-14T22:00:04.284+03:00  INFO 11605 --- [reactive-kafka-acceptance-consumer-group-3] o.a.k.c.c.internals.ConsumerCoordinator  : [Consumer clientId=consumer-acceptance-consumer-group-3, groupId=acceptance-consumer-group] Discovered group coordinator macbookair.lan:9092 (id: 2147483647 rack: null)
2025-06-14T22:00:04.284+03:00  INFO 11605 --- [reactive-kafka-acceptance-consumer-group-3] o.a.k.c.c.internals.ConsumerCoordinator  : [Consumer clientId=consumer-acceptance-consumer-group-3, groupId=acceptance-consumer-group] (Re-)joining group
2025-06-14T22:00:04.296+03:00  INFO 11605 --- [reactive-kafka-acceptance-consumer-group-3] o.a.k.c.c.internals.ConsumerCoordinator  : [Consumer clientId=consumer-acceptance-consumer-group-3, groupId=acceptance-consumer-group] Request joining group due to: need to re-join with the given member-id: consumer-acceptance-consumer-group-3-b3830221-aa38-4cf6-a0c1-ca2e82c34656
2025-06-14T22:00:04.297+03:00  INFO 11605 --- [reactive-kafka-acceptance-consumer-group-3] o.a.k.c.c.internals.ConsumerCoordinator  : [Consumer clientId=consumer-acceptance-consumer-group-3, groupId=acceptance-consumer-group] (Re-)joining group
2025-06-14T22:00:04.299+03:00  INFO 11605 --- [reactive-kafka-acceptance-consumer-group-3] o.a.k.c.c.internals.ConsumerCoordinator  : [Consumer clientId=consumer-acceptance-consumer-group-3, groupId=acceptance-consumer-group] Successfully joined group with generation Generation{generationId=113, memberId='consumer-acceptance-consumer-group-3-b3830221-aa38-4cf6-a0c1-ca2e82c34656', protocol='range'}
2025-06-14T22:00:04.302+03:00  INFO 11605 --- [reactive-kafka-acceptance-consumer-group-3] o.a.k.c.c.internals.ConsumerCoordinator  : [Consumer clientId=consumer-acceptance-consumer-group-3, groupId=acceptance-consumer-group] Finished assignment for group at generation 113: {consumer-acceptance-consumer-group-3-b3830221-aa38-4cf6-a0c1-ca2e82c34656=Assignment(partitions=[acceptance-events-0])}
2025-06-14T22:00:04.306+03:00  INFO 11605 --- [reactive-kafka-acceptance-consumer-group-3] o.a.k.c.c.internals.ConsumerCoordinator  : [Consumer clientId=consumer-acceptance-consumer-group-3, groupId=acceptance-consumer-group] Successfully synced group in generation Generation{generationId=113, memberId='consumer-acceptance-consumer-group-3-b3830221-aa38-4cf6-a0c1-ca2e82c34656', protocol='range'}
2025-06-14T22:00:04.306+03:00  INFO 11605 --- [reactive-kafka-acceptance-consumer-group-3] o.a.k.c.c.internals.ConsumerCoordinator  : [Consumer clientId=consumer-acceptance-consumer-group-3, groupId=acceptance-consumer-group] Notifying assignor about the new Assignment(partitions=[acceptance-events-0])
2025-06-14T22:00:04.306+03:00  INFO 11605 --- [reactive-kafka-acceptance-consumer-group-3] k.c.c.i.ConsumerRebalanceListenerInvoker : [Consumer clientId=consumer-acceptance-consumer-group-3, groupId=acceptance-consumer-group] Adding newly assigned partitions: acceptance-events-0
2025-06-14T22:00:04.308+03:00  INFO 11605 --- [kafka-producer-network-thread | producer-2] c.maria.service.AuctionKafkaServiceImpl  : Notification sent successfully to topic new-bid-notification-events
2025-06-14T22:00:04.311+03:00  INFO 11605 --- [reactive-kafka-acceptance-consumer-group-3] o.a.k.c.c.internals.ConsumerUtils        : Setting offset for partition acceptance-events-0 to the committed offset FetchPosition{offset=47, offsetEpoch=Optional.empty, currentLeader=LeaderAndEpoch{leader=Optional[macbookair.lan:9092 (id: 0 rack: null)], epoch=0}}
2025-06-14T22:00:14.852+03:00  INFO 11605 --- [lettuce-eventExecutorLoop-1-1] i.l.core.protocol.ConnectionWatchdog     : Reconnecting, last destination was localhost/127.0.0.1:50294
2025-06-14T22:00:14.902+03:00  WARN 11605 --- [lettuce-nioEventLoop-7-2] i.l.core.protocol.ConnectionWatchdog     : Cannot reconnect to [localhost/<unresolved>:50294]: Connection closed prematurely

io.lettuce.core.RedisConnectionException: Connection closed prematurely
	at io.lettuce.core.protocol.RedisHandshakeHandler.channelInactive(RedisHandshakeHandler.java:91) ~[lettuce-core-6.3.2.RELEASE.jar:6.3.2.RELEASE/8941aea]
	at io.netty.channel.AbstractChannelHandlerContext.invokeChannelInactive(AbstractChannelHandlerContext.java:303) ~[netty-transport-4.1.112.Final.jar:4.1.112.Final]
	at io.netty.channel.AbstractChannelHandlerContext.invokeChannelInactive(AbstractChannelHandlerContext.java:281) ~[netty-transport-4.1.112.Final.jar:4.1.112.Final]
	at io.netty.channel.AbstractChannelHandlerContext.fireChannelInactive(AbstractChannelHandlerContext.java:274) ~[netty-transport-4.1.112.Final.jar:4.1.112.Final]
	at io.netty.channel.ChannelInboundHandlerAdapter.channelInactive(ChannelInboundHandlerAdapter.java:81) ~[netty-transport-4.1.112.Final.jar:4.1.112.Final]
	at io.lettuce.core.ChannelGroupListener.channelInactive(ChannelGroupListener.java:69) ~[lettuce-core-6.3.2.RELEASE.jar:6.3.2.RELEASE/8941aea]
	at io.netty.channel.AbstractChannelHandlerContext.invokeChannelInactive(AbstractChannelHandlerContext.java:303) ~[netty-transport-4.1.112.Final.jar:4.1.112.Final]
	at io.netty.channel.AbstractChannelHandlerContext.invokeChannelInactive(AbstractChannelHandlerContext.java:281) ~[netty-transport-4.1.112.Final.jar:4.1.112.Final]
	at io.netty.channel.AbstractChannelHandlerContext.fireChannelInactive(AbstractChannelHandlerContext.java:274) ~[netty-transport-4.1.112.Final.jar:4.1.112.Final]
	at io.netty.channel.DefaultChannelPipeline$HeadContext.channelInactive(DefaultChannelPipeline.java:1402) ~[netty-transport-4.1.112.Final.jar:4.1.112.Final]
	at io.netty.channel.AbstractChannelHandlerContext.invokeChannelInactive(AbstractChannelHandlerContext.java:301) ~[netty-transport-4.1.112.Final.jar:4.1.112.Final]
	at io.netty.channel.AbstractChannelHandlerContext.invokeChannelInactive(AbstractChannelHandlerContext.java:281) ~[netty-transport-4.1.112.Final.jar:4.1.112.Final]
	at io.netty.channel.DefaultChannelPipeline.fireChannelInactive(DefaultChannelPipeline.java:900) ~[netty-transport-4.1.112.Final.jar:4.1.112.Final]
	at io.netty.channel.AbstractChannel$AbstractUnsafe$7.run(AbstractChannel.java:811) ~[netty-transport-4.1.112.Final.jar:4.1.112.Final]
	at io.netty.util.concurrent.AbstractEventExecutor.runTask(AbstractEventExecutor.java:173) ~[netty-common-4.1.112.Final.jar:4.1.112.Final]
	at io.netty.util.concurrent.AbstractEventExecutor.safeExecute(AbstractEventExecutor.java:166) ~[netty-common-4.1.112.Final.jar:4.1.112.Final]
	at io.netty.util.concurrent.SingleThreadEventExecutor.runAllTasks(SingleThreadEventExecutor.java:469) ~[netty-common-4.1.112.Final.jar:4.1.112.Final]
	at io.netty.channel.nio.NioEventLoop.run(NioEventLoop.java:566) ~[netty-transport-4.1.112.Final.jar:4.1.112.Final]
	at io.netty.util.concurrent.SingleThreadEventExecutor$4.run(SingleThreadEventExecutor.java:994) ~[netty-common-4.1.112.Final.jar:4.1.112.Final]
	at io.netty.util.internal.ThreadExecutorMap$2.run(ThreadExecutorMap.java:74) ~[netty-common-4.1.112.Final.jar:4.1.112.Final]
	at io.netty.util.concurrent.FastThreadLocalRunnable.run(FastThreadLocalRunnable.java:30) ~[netty-common-4.1.112.Final.jar:4.1.112.Final]
	at java.base/java.lang.Thread.run(Thread.java:1583) ~[na:na]

