2025-06-20T00:30:01.613+03:00  INFO 6692 --- [main] com.maria.service.BidServiceTest         : Starting BidServiceTest using Java 21 with PID 6692 (started by mryhnwbyzqy in /Users/mryhnwbyzqy/Desktop/Auction/BidService)
2025-06-20T00:30:01.615+03:00  INFO 6692 --- [main] com.maria.service.BidServiceTest         : The following 1 profile is active: "integration-test"
2025-06-20T00:30:03.170+03:00  INFO 6692 --- [main] .s.d.r.c.RepositoryConfigurationDelegate : Multiple Spring Data modules found, entering strict repository configuration mode
2025-06-20T00:30:03.173+03:00  INFO 6692 --- [main] .s.d.r.c.RepositoryConfigurationDelegate : Bootstrapping Spring Data Reactive MongoDB repositories in DEFAULT mode.
2025-06-20T00:30:03.247+03:00  INFO 6692 --- [main] .RepositoryConfigurationExtensionSupport : Spring Data Reactive MongoDB - Could not safely identify store assignment for repository candidate interface com.maria.repository.BidRepository; If you want this repository to be a Reactive MongoDB repository, consider annotating your entities with one of these annotations: org.springframework.data.mongodb.core.mapping.Document (preferred), or consider extending one of the following types with your repository: org.springframework.data.mongodb.repository.ReactiveMongoRepository
2025-06-20T00:30:03.248+03:00  INFO 6692 --- [main] .s.d.r.c.RepositoryConfigurationDelegate : Finished Spring Data repository scanning in 70 ms. Found 0 Reactive MongoDB repository interfaces.
2025-06-20T00:30:03.289+03:00  INFO 6692 --- [main] .s.d.r.c.RepositoryConfigurationDelegate : Multiple Spring Data modules found, entering strict repository configuration mode
2025-06-20T00:30:03.289+03:00  INFO 6692 --- [main] .s.d.r.c.RepositoryConfigurationDelegate : Bootstrapping Spring Data R2DBC repositories in DEFAULT mode.
2025-06-20T00:30:03.410+03:00  INFO 6692 --- [main] .s.d.r.c.RepositoryConfigurationDelegate : Finished Spring Data repository scanning in 120 ms. Found 1 R2DBC repository interface.
2025-06-20T00:30:03.448+03:00  INFO 6692 --- [main] .s.d.r.c.RepositoryConfigurationDelegate : Multiple Spring Data modules found, entering strict repository configuration mode
2025-06-20T00:30:03.450+03:00  INFO 6692 --- [main] .s.d.r.c.RepositoryConfigurationDelegate : Bootstrapping Spring Data Redis repositories in DEFAULT mode.
2025-06-20T00:30:03.477+03:00  INFO 6692 --- [main] .RepositoryConfigurationExtensionSupport : Spring Data Redis - Could not safely identify store assignment for repository candidate interface com.maria.repository.BidRepository; If you want this repository to be a Redis repository, consider annotating your entities with one of these annotations: org.springframework.data.redis.core.RedisHash (preferred), or consider extending one of the following types with your repository: org.springframework.data.keyvalue.repository.KeyValueRepository
2025-06-20T00:30:03.480+03:00  INFO 6692 --- [main] .s.d.r.c.RepositoryConfigurationDelegate : Finished Spring Data repository scanning in 19 ms. Found 0 Redis repository interfaces.
2025-06-20T00:30:04.839+03:00  INFO 6692 --- [main] o.a.k.clients.consumer.ConsumerConfig    : ConsumerConfig values: 
	allow.auto.create.topics = true
	auto.commit.interval.ms = 5000
	auto.include.jmx.reporter = true
	auto.offset.reset = latest
	bootstrap.servers = [localhost:9092]
	check.crcs = true
	client.dns.lookup = use_all_dns_ips
	client.id = consumer-auction-consumer-group-1
	client.rack = 
	connections.max.idle.ms = 540000
	default.api.timeout.ms = 60000
	enable.auto.commit = false
	enable.metrics.push = true
	exclude.internal.topics = true
	fetch.max.bytes = 52428800
	fetch.max.wait.ms = 500
	fetch.min.bytes = 1
	group.id = auction-consumer-group
	group.instance.id = null
	group.protocol = classic
	group.remote.assignor = null
	heartbeat.interval.ms = 3000
	interceptor.classes = []
	internal.leave.group.on.close = true
	internal.throw.on.fetch.stable.offset.unsupported = false
	isolation.level = read_uncommitted
	key.deserializer = class org.apache.kafka.common.serialization.StringDeserializer
	max.partition.fetch.bytes = 1048576
	max.poll.interval.ms = 300000
	max.poll.records = 500
	metadata.max.age.ms = 300000
	metric.reporters = []
	metrics.num.samples = 2
	metrics.recording.level = INFO
	metrics.sample.window.ms = 30000
	partition.assignment.strategy = [class org.apache.kafka.clients.consumer.RangeAssignor, class org.apache.kafka.clients.consumer.CooperativeStickyAssignor]
	receive.buffer.bytes = 65536
	reconnect.backoff.max.ms = 1000
	reconnect.backoff.ms = 50
	request.timeout.ms = 30000
	retry.backoff.max.ms = 1000
	retry.backoff.ms = 100
	sasl.client.callback.handler.class = null
	sasl.jaas.config = null
	sasl.kerberos.kinit.cmd = /usr/bin/kinit
	sasl.kerberos.min.time.before.relogin = 60000
	sasl.kerberos.service.name = null
	sasl.kerberos.ticket.renew.jitter = 0.05
	sasl.kerberos.ticket.renew.window.factor = 0.8
	sasl.login.callback.handler.class = null
	sasl.login.class = null
	sasl.login.connect.timeout.ms = null
	sasl.login.read.timeout.ms = null
	sasl.login.refresh.buffer.seconds = 300
	sasl.login.refresh.min.period.seconds = 60
	sasl.login.refresh.window.factor = 0.8
	sasl.login.refresh.window.jitter = 0.05
	sasl.login.retry.backoff.max.ms = 10000
	sasl.login.retry.backoff.ms = 100
	sasl.mechanism = GSSAPI
	sasl.oauthbearer.clock.skew.seconds = 30
	sasl.oauthbearer.expected.audience = null
	sasl.oauthbearer.expected.issuer = null
	sasl.oauthbearer.jwks.endpoint.refresh.ms = 3600000
	sasl.oauthbearer.jwks.endpoint.retry.backoff.max.ms = 10000
	sasl.oauthbearer.jwks.endpoint.retry.backoff.ms = 100
	sasl.oauthbearer.jwks.endpoint.url = null
	sasl.oauthbearer.scope.claim.name = scope
	sasl.oauthbearer.sub.claim.name = sub
	sasl.oauthbearer.token.endpoint.url = null
	security.protocol = PLAINTEXT
	security.providers = null
	send.buffer.bytes = 131072
	session.timeout.ms = 45000
	socket.connection.setup.timeout.max.ms = 30000
	socket.connection.setup.timeout.ms = 10000
	ssl.cipher.suites = null
	ssl.enabled.protocols = [TLSv1.2, TLSv1.3]
	ssl.endpoint.identification.algorithm = https
	ssl.engine.factory.class = null
	ssl.key.password = null
	ssl.keymanager.algorithm = SunX509
	ssl.keystore.certificate.chain = null
	ssl.keystore.key = null
	ssl.keystore.location = null
	ssl.keystore.password = null
	ssl.keystore.type = JKS
	ssl.protocol = TLSv1.3
	ssl.provider = null
	ssl.secure.random.implementation = null
	ssl.trustmanager.algorithm = PKIX
	ssl.truststore.certificates = null
	ssl.truststore.location = null
	ssl.truststore.password = null
	ssl.truststore.type = JKS
	value.deserializer = class org.springframework.kafka.support.serializer.JsonDeserializer

2025-06-20T00:30:04.872+03:00  INFO 6692 --- [main] o.a.k.c.t.i.KafkaMetricsCollector        : initializing Kafka metrics collector
2025-06-20T00:30:05.175+03:00  INFO 6692 --- [main] o.a.kafka.common.utils.AppInfoParser     : Kafka version: 3.7.1
2025-06-20T00:30:05.176+03:00  INFO 6692 --- [main] o.a.kafka.common.utils.AppInfoParser     : Kafka commitId: e2494e6ffb89f828
2025-06-20T00:30:05.177+03:00  INFO 6692 --- [main] o.a.kafka.common.utils.AppInfoParser     : Kafka startTimeMs: 1750368605173
2025-06-20T00:30:05.187+03:00  INFO 6692 --- [reactive-kafka-auction-consumer-group-1] o.a.k.c.c.internals.LegacyKafkaConsumer  : [Consumer clientId=consumer-auction-consumer-group-1, groupId=auction-consumer-group] Subscribed to topic(s): delete-auction-events
2025-06-20T00:30:05.904+03:00  INFO 6692 --- [reactive-kafka-auction-consumer-group-1] org.apache.kafka.clients.Metadata        : [Consumer clientId=consumer-auction-consumer-group-1, groupId=auction-consumer-group] Cluster ID: 57X2_FiZTHyXgIN_cYpJ3A
2025-06-20T00:30:05.911+03:00  INFO 6692 --- [reactive-kafka-auction-consumer-group-1] o.a.k.c.c.internals.ConsumerCoordinator  : [Consumer clientId=consumer-auction-consumer-group-1, groupId=auction-consumer-group] Discovered group coordinator macbookair.lan:9092 (id: 2147483647 rack: null)
2025-06-20T00:30:05.990+03:00  INFO 6692 --- [reactive-kafka-auction-consumer-group-1] o.a.k.c.c.internals.ConsumerCoordinator  : [Consumer clientId=consumer-auction-consumer-group-1, groupId=auction-consumer-group] (Re-)joining group
2025-06-20T00:30:06.023+03:00  INFO 6692 --- [reactive-kafka-auction-consumer-group-1] o.a.k.c.c.internals.ConsumerCoordinator  : [Consumer clientId=consumer-auction-consumer-group-1, groupId=auction-consumer-group] Request joining group due to: need to re-join with the given member-id: consumer-auction-consumer-group-1-6592707d-7099-422a-9d9e-27244e9051a2
2025-06-20T00:30:06.026+03:00  INFO 6692 --- [reactive-kafka-auction-consumer-group-1] o.a.k.c.c.internals.ConsumerCoordinator  : [Consumer clientId=consumer-auction-consumer-group-1, groupId=auction-consumer-group] (Re-)joining group
2025-06-20T00:30:06.038+03:00  INFO 6692 --- [reactive-kafka-auction-consumer-group-1] o.a.k.c.c.internals.ConsumerCoordinator  : [Consumer clientId=consumer-auction-consumer-group-1, groupId=auction-consumer-group] Successfully joined group with generation Generation{generationId=58, memberId='consumer-auction-consumer-group-1-6592707d-7099-422a-9d9e-27244e9051a2', protocol='range'}
2025-06-20T00:30:06.047+03:00  INFO 6692 --- [reactive-kafka-auction-consumer-group-1] o.a.k.c.c.internals.ConsumerCoordinator  : [Consumer clientId=consumer-auction-consumer-group-1, groupId=auction-consumer-group] Finished assignment for group at generation 58: {consumer-auction-consumer-group-1-6592707d-7099-422a-9d9e-27244e9051a2=Assignment(partitions=[delete-auction-events-0])}
2025-06-20T00:30:06.064+03:00  INFO 6692 --- [reactive-kafka-auction-consumer-group-1] o.a.k.c.c.internals.ConsumerCoordinator  : [Consumer clientId=consumer-auction-consumer-group-1, groupId=auction-consumer-group] Successfully synced group in generation Generation{generationId=58, memberId='consumer-auction-consumer-group-1-6592707d-7099-422a-9d9e-27244e9051a2', protocol='range'}
2025-06-20T00:30:06.067+03:00  INFO 6692 --- [reactive-kafka-auction-consumer-group-1] o.a.k.c.c.internals.ConsumerCoordinator  : [Consumer clientId=consumer-auction-consumer-group-1, groupId=auction-consumer-group] Notifying assignor about the new Assignment(partitions=[delete-auction-events-0])
2025-06-20T00:30:06.070+03:00  INFO 6692 --- [reactive-kafka-auction-consumer-group-1] k.c.c.i.ConsumerRebalanceListenerInvoker : [Consumer clientId=consumer-auction-consumer-group-1, groupId=auction-consumer-group] Adding newly assigned partitions: delete-auction-events-0
2025-06-20T00:30:06.082+03:00  INFO 6692 --- [reactive-kafka-auction-consumer-group-1] o.a.k.c.c.internals.ConsumerUtils        : Setting offset for partition delete-auction-events-0 to the committed offset FetchPosition{offset=31, offsetEpoch=Optional.empty, currentLeader=LeaderAndEpoch{leader=Optional[macbookair.lan:9092 (id: 0 rack: null)], epoch=0}}
2025-06-20T00:30:07.263+03:00  INFO 6692 --- [main] org.mongodb.driver.client                : MongoClient with metadata {"driver": {"name": "mongo-java-driver|reactive-streams|spring-boot", "version": "5.0.1"}, "os": {"type": "Darwin", "name": "Mac OS X", "architecture": "x86_64", "version": "15.3"}, "platform": "Java/Oracle Corporation/21+35-2513"} created with settings MongoClientSettings{readPreference=primary, writeConcern=WriteConcern{w=null, wTimeout=null ms, journal=null}, retryWrites=true, retryReads=true, readConcern=ReadConcern{level=null}, credential=null, transportSettings=NettyTransportSettings{eventLoopGroup=io.netty.channel.nio.NioEventLoopGroup@1de398c3, socketChannelClass=null, allocator=null, sslContext=null}, commandListeners=[], codecRegistry=ProvidersCodecRegistry{codecProviders=[ValueCodecProvider{}, BsonValueCodecProvider{}, DBRefCodecProvider{}, DBObjectCodecProvider{}, DocumentCodecProvider{}, CollectionCodecProvider{}, IterableCodecProvider{}, MapCodecProvider{}, GeoJsonCodecProvider{}, GridFSFileCodecProvider{}, Jsr310CodecProvider{}, JsonObjectCodecProvider{}, BsonCodecProvider{}, EnumCodecProvider{}, com.mongodb.client.model.mql.ExpressionCodecProvider@dc24732, com.mongodb.Jep395RecordCodecProvider@44a1ae4e, com.mongodb.KotlinCodecProvider@377d55]}, loggerSettings=LoggerSettings{maxDocumentLength=1000}, clusterSettings={hosts=[localhost:27017], srvServiceName=mongodb, mode=SINGLE, requiredClusterType=UNKNOWN, requiredReplicaSetName='null', serverSelector='null', clusterListeners='[]', serverSelectionTimeout='30000 ms', localThreshold='15 ms'}, socketSettings=SocketSettings{connectTimeoutMS=10000, readTimeoutMS=0, receiveBufferSize=0, proxySettings=ProxySettings{host=null, port=null, username=null, password=null}}, heartbeatSocketSettings=SocketSettings{connectTimeoutMS=10000, readTimeoutMS=10000, receiveBufferSize=0, proxySettings=ProxySettings{host=null, port=null, username=null, password=null}}, connectionPoolSettings=ConnectionPoolSettings{maxSize=100, minSize=0, maxWaitTimeMS=120000, maxConnectionLifeTimeMS=0, maxConnectionIdleTimeMS=0, maintenanceInitialDelayMS=0, maintenanceFrequencyMS=60000, connectionPoolListeners=[], maxConnecting=2}, serverSettings=ServerSettings{heartbeatFrequencyMS=10000, minHeartbeatFrequencyMS=500, serverListeners='[]', serverMonitorListeners='[]'}, sslSettings=SslSettings{enabled=false, invalidHostNameAllowed=false, context=null}, applicationName='null', compressorList=[], uuidRepresentation=JAVA_LEGACY, serverApi=null, autoEncryptionSettings=null, dnsClient=null, inetAddressResolver=null, contextProvider=null}
2025-06-20T00:30:07.297+03:00  INFO 6692 --- [cluster-ClusterId{value='6854815f7750986dc26d0ef8', description='null'}-localhost:27017] org.mongodb.driver.cluster               : Exception in monitor thread while connecting to server localhost:27017

com.mongodb.MongoSocketOpenException: Exception opening socket
	at com.mongodb.internal.connection.netty.NettyStream$OpenChannelFutureListener.lambda$operationComplete$1(NettyStream.java:527) ~[mongodb-driver-core-5.0.1.jar:na]
	at com.mongodb.internal.Locks.lambda$withLock$0(Locks.java:33) ~[mongodb-driver-core-5.0.1.jar:na]
	at com.mongodb.internal.Locks.checkedWithLock(Locks.java:45) ~[mongodb-driver-core-5.0.1.jar:na]
	at com.mongodb.internal.Locks.withLock(Locks.java:39) ~[mongodb-driver-core-5.0.1.jar:na]
	at com.mongodb.internal.Locks.withLock(Locks.java:32) ~[mongodb-driver-core-5.0.1.jar:na]
	at com.mongodb.internal.connection.netty.NettyStream$OpenChannelFutureListener.operationComplete(NettyStream.java:514) ~[mongodb-driver-core-5.0.1.jar:na]
	at com.mongodb.internal.connection.netty.NettyStream$OpenChannelFutureListener.operationComplete(NettyStream.java:500) ~[mongodb-driver-core-5.0.1.jar:na]
	at io.netty.util.concurrent.DefaultPromise.notifyListener0(DefaultPromise.java:590) ~[netty-common-4.1.113.Final.jar:4.1.113.Final]
	at io.netty.util.concurrent.DefaultPromise.notifyListeners0(DefaultPromise.java:583) ~[netty-common-4.1.113.Final.jar:4.1.113.Final]
	at io.netty.util.concurrent.DefaultPromise.notifyListenersNow(DefaultPromise.java:559) ~[netty-common-4.1.113.Final.jar:4.1.113.Final]
	at io.netty.util.concurrent.DefaultPromise.notifyListeners(DefaultPromise.java:492) ~[netty-common-4.1.113.Final.jar:4.1.113.Final]
	at io.netty.util.concurrent.DefaultPromise.setValue0(DefaultPromise.java:636) ~[netty-common-4.1.113.Final.jar:4.1.113.Final]
	at io.netty.util.concurrent.DefaultPromise.setFailure0(DefaultPromise.java:629) ~[netty-common-4.1.113.Final.jar:4.1.113.Final]
	at io.netty.util.concurrent.DefaultPromise.tryFailure(DefaultPromise.java:118) ~[netty-common-4.1.113.Final.jar:4.1.113.Final]
	at io.netty.channel.nio.AbstractNioChannel$AbstractNioUnsafe.fulfillConnectPromise(AbstractNioChannel.java:326) ~[netty-transport-4.1.113.Final.jar:4.1.113.Final]
	at io.netty.channel.nio.AbstractNioChannel$AbstractNioUnsafe.finishConnect(AbstractNioChannel.java:342) ~[netty-transport-4.1.113.Final.jar:4.1.113.Final]
	at io.netty.channel.nio.NioEventLoop.processSelectedKey(NioEventLoop.java:776) ~[netty-transport-4.1.113.Final.jar:4.1.113.Final]
	at io.netty.channel.nio.NioEventLoop.processSelectedKeysOptimized(NioEventLoop.java:724) ~[netty-transport-4.1.113.Final.jar:4.1.113.Final]
	at io.netty.channel.nio.NioEventLoop.processSelectedKeys(NioEventLoop.java:650) ~[netty-transport-4.1.113.Final.jar:4.1.113.Final]
	at io.netty.channel.nio.NioEventLoop.run(NioEventLoop.java:562) ~[netty-transport-4.1.113.Final.jar:4.1.113.Final]
	at io.netty.util.concurrent.SingleThreadEventExecutor$4.run(SingleThreadEventExecutor.java:997) ~[netty-common-4.1.113.Final.jar:4.1.113.Final]
	at io.netty.util.internal.ThreadExecutorMap$2.run(ThreadExecutorMap.java:74) ~[netty-common-4.1.113.Final.jar:4.1.113.Final]
	at io.netty.util.concurrent.FastThreadLocalRunnable.run(FastThreadLocalRunnable.java:30) ~[netty-common-4.1.113.Final.jar:4.1.113.Final]
	at java.base/java.lang.Thread.run(Thread.java:1583) ~[na:na]
Caused by: io.netty.channel.AbstractChannel$AnnotatedConnectException: Connection refused: localhost/[0:0:0:0:0:0:0:1]:27017
Caused by: java.net.ConnectException: Connection refused
	at java.base/sun.nio.ch.Net.pollConnect(Native Method) ~[na:na]
	at java.base/sun.nio.ch.Net.pollConnectNow(Net.java:682) ~[na:na]
	at java.base/sun.nio.ch.SocketChannelImpl.finishConnect(SocketChannelImpl.java:973) ~[na:na]
	at io.netty.channel.socket.nio.NioSocketChannel.doFinishConnect(NioSocketChannel.java:336) ~[netty-transport-4.1.113.Final.jar:4.1.113.Final]
	at io.netty.channel.nio.AbstractNioChannel$AbstractNioUnsafe.finishConnect(AbstractNioChannel.java:339) ~[netty-transport-4.1.113.Final.jar:4.1.113.Final]
	at io.netty.channel.nio.NioEventLoop.processSelectedKey(NioEventLoop.java:776) ~[netty-transport-4.1.113.Final.jar:4.1.113.Final]
	at io.netty.channel.nio.NioEventLoop.processSelectedKeysOptimized(NioEventLoop.java:724) ~[netty-transport-4.1.113.Final.jar:4.1.113.Final]
	at io.netty.channel.nio.NioEventLoop.processSelectedKeys(NioEventLoop.java:650) ~[netty-transport-4.1.113.Final.jar:4.1.113.Final]
	at io.netty.channel.nio.NioEventLoop.run(NioEventLoop.java:562) ~[netty-transport-4.1.113.Final.jar:4.1.113.Final]
	at io.netty.util.concurrent.SingleThreadEventExecutor$4.run(SingleThreadEventExecutor.java:997) ~[netty-common-4.1.113.Final.jar:4.1.113.Final]
	at io.netty.util.internal.ThreadExecutorMap$2.run(ThreadExecutorMap.java:74) ~[netty-common-4.1.113.Final.jar:4.1.113.Final]
	at io.netty.util.concurrent.FastThreadLocalRunnable.run(FastThreadLocalRunnable.java:30) ~[netty-common-4.1.113.Final.jar:4.1.113.Final]
	at java.base/java.lang.Thread.run(Thread.java:1583) ~[na:na]

2025-06-20T00:30:07.844+03:00  INFO 6692 --- [main] o.a.k.clients.admin.AdminClientConfig    : AdminClientConfig values: 
	auto.include.jmx.reporter = true
	bootstrap.controllers = []
	bootstrap.servers = [PLAINTEXT://localhost:50106]
	client.dns.lookup = use_all_dns_ips
	client.id = 
	connections.max.idle.ms = 300000
	default.api.timeout.ms = 60000
	enable.metrics.push = true
	metadata.max.age.ms = 300000
	metric.reporters = []
	metrics.num.samples = 2
	metrics.recording.level = INFO
	metrics.sample.window.ms = 30000
	receive.buffer.bytes = 65536
	reconnect.backoff.max.ms = 1000
	reconnect.backoff.ms = 50
	request.timeout.ms = 30000
	retries = 2147483647
	retry.backoff.max.ms = 1000
	retry.backoff.ms = 100
	sasl.client.callback.handler.class = null
	sasl.jaas.config = null
	sasl.kerberos.kinit.cmd = /usr/bin/kinit
	sasl.kerberos.min.time.before.relogin = 60000
	sasl.kerberos.service.name = null
	sasl.kerberos.ticket.renew.jitter = 0.05
	sasl.kerberos.ticket.renew.window.factor = 0.8
	sasl.login.callback.handler.class = null
	sasl.login.class = null
	sasl.login.connect.timeout.ms = null
	sasl.login.read.timeout.ms = null
	sasl.login.refresh.buffer.seconds = 300
	sasl.login.refresh.min.period.seconds = 60
	sasl.login.refresh.window.factor = 0.8
	sasl.login.refresh.window.jitter = 0.05
	sasl.login.retry.backoff.max.ms = 10000
	sasl.login.retry.backoff.ms = 100
	sasl.mechanism = GSSAPI
	sasl.oauthbearer.clock.skew.seconds = 30
	sasl.oauthbearer.expected.audience = null
	sasl.oauthbearer.expected.issuer = null
	sasl.oauthbearer.jwks.endpoint.refresh.ms = 3600000
	sasl.oauthbearer.jwks.endpoint.retry.backoff.max.ms = 10000
	sasl.oauthbearer.jwks.endpoint.retry.backoff.ms = 100
	sasl.oauthbearer.jwks.endpoint.url = null
	sasl.oauthbearer.scope.claim.name = scope
	sasl.oauthbearer.sub.claim.name = sub
	sasl.oauthbearer.token.endpoint.url = null
	security.protocol = PLAINTEXT
	security.providers = null
	send.buffer.bytes = 131072
	socket.connection.setup.timeout.max.ms = 30000
	socket.connection.setup.timeout.ms = 10000
	ssl.cipher.suites = null
	ssl.enabled.protocols = [TLSv1.2, TLSv1.3]
	ssl.endpoint.identification.algorithm = https
	ssl.engine.factory.class = null
	ssl.key.password = null
	ssl.keymanager.algorithm = SunX509
	ssl.keystore.certificate.chain = null
	ssl.keystore.key = null
	ssl.keystore.location = null
	ssl.keystore.password = null
	ssl.keystore.type = JKS
	ssl.protocol = TLSv1.3
	ssl.provider = null
	ssl.secure.random.implementation = null
	ssl.trustmanager.algorithm = PKIX
	ssl.truststore.certificates = null
	ssl.truststore.location = null
	ssl.truststore.password = null
	ssl.truststore.type = JKS

2025-06-20T00:30:07.864+03:00  INFO 6692 --- [main] o.a.kafka.common.utils.AppInfoParser     : Kafka version: 3.7.1
2025-06-20T00:30:07.865+03:00  INFO 6692 --- [main] o.a.kafka.common.utils.AppInfoParser     : Kafka commitId: e2494e6ffb89f828
2025-06-20T00:30:07.865+03:00  INFO 6692 --- [main] o.a.kafka.common.utils.AppInfoParser     : Kafka startTimeMs: 1750368607864
2025-06-20T00:30:08.066+03:00  INFO 6692 --- [kafka-admin-client-thread | adminclient-1] o.a.kafka.common.utils.AppInfoParser     : App info kafka.admin.client for adminclient-1 unregistered
2025-06-20T00:30:08.071+03:00  INFO 6692 --- [kafka-admin-client-thread | adminclient-1] o.apache.kafka.common.metrics.Metrics    : Metrics scheduler closed
2025-06-20T00:30:08.072+03:00  INFO 6692 --- [kafka-admin-client-thread | adminclient-1] o.apache.kafka.common.metrics.Metrics    : Closing reporter org.apache.kafka.common.metrics.JmxReporter
2025-06-20T00:30:08.074+03:00  INFO 6692 --- [kafka-admin-client-thread | adminclient-1] o.apache.kafka.common.metrics.Metrics    : Metrics reporters closed
2025-06-20T00:30:08.158+03:00  INFO 6692 --- [main] com.maria.service.BidServiceTest         : Started BidServiceTest in 7.095 seconds (process running for 18.53)
2025-06-20T00:30:09.693+03:00  INFO 6692 --- [main] o.a.k.clients.producer.ProducerConfig    : ProducerConfig values: 
	acks = -1
	auto.include.jmx.reporter = true
	batch.size = 16384
	bootstrap.servers = [localhost:9092]
	buffer.memory = 33554432
	client.dns.lookup = use_all_dns_ips
	client.id = producer-1
	compression.type = none
	connections.max.idle.ms = 540000
	delivery.timeout.ms = 120000
	enable.idempotence = true
	enable.metrics.push = true
	interceptor.classes = []
	key.serializer = class org.springframework.kafka.support.serializer.JsonSerializer
	linger.ms = 0
	max.block.ms = 60000
	max.in.flight.requests.per.connection = 5
	max.request.size = 1048576
	metadata.max.age.ms = 300000
	metadata.max.idle.ms = 300000
	metric.reporters = []
	metrics.num.samples = 2
	metrics.recording.level = INFO
	metrics.sample.window.ms = 30000
	partitioner.adaptive.partitioning.enable = true
	partitioner.availability.timeout.ms = 0
	partitioner.class = null
	partitioner.ignore.keys = false
	receive.buffer.bytes = 32768
	reconnect.backoff.max.ms = 1000
	reconnect.backoff.ms = 50
	request.timeout.ms = 30000
	retries = 2147483647
	retry.backoff.max.ms = 1000
	retry.backoff.ms = 100
	sasl.client.callback.handler.class = null
	sasl.jaas.config = null
	sasl.kerberos.kinit.cmd = /usr/bin/kinit
	sasl.kerberos.min.time.before.relogin = 60000
	sasl.kerberos.service.name = null
	sasl.kerberos.ticket.renew.jitter = 0.05
	sasl.kerberos.ticket.renew.window.factor = 0.8
	sasl.login.callback.handler.class = null
	sasl.login.class = null
	sasl.login.connect.timeout.ms = null
	sasl.login.read.timeout.ms = null
	sasl.login.refresh.buffer.seconds = 300
	sasl.login.refresh.min.period.seconds = 60
	sasl.login.refresh.window.factor = 0.8
	sasl.login.refresh.window.jitter = 0.05
	sasl.login.retry.backoff.max.ms = 10000
	sasl.login.retry.backoff.ms = 100
	sasl.mechanism = GSSAPI
	sasl.oauthbearer.clock.skew.seconds = 30
	sasl.oauthbearer.expected.audience = null
	sasl.oauthbearer.expected.issuer = null
	sasl.oauthbearer.jwks.endpoint.refresh.ms = 3600000
	sasl.oauthbearer.jwks.endpoint.retry.backoff.max.ms = 10000
	sasl.oauthbearer.jwks.endpoint.retry.backoff.ms = 100
	sasl.oauthbearer.jwks.endpoint.url = null
	sasl.oauthbearer.scope.claim.name = scope
	sasl.oauthbearer.sub.claim.name = sub
	sasl.oauthbearer.token.endpoint.url = null
	security.protocol = PLAINTEXT
	security.providers = null
	send.buffer.bytes = 131072
	socket.connection.setup.timeout.max.ms = 30000
	socket.connection.setup.timeout.ms = 10000
	ssl.cipher.suites = null
	ssl.enabled.protocols = [TLSv1.2, TLSv1.3]
	ssl.endpoint.identification.algorithm = https
	ssl.engine.factory.class = null
	ssl.key.password = null
	ssl.keymanager.algorithm = SunX509
	ssl.keystore.certificate.chain = null
	ssl.keystore.key = null
	ssl.keystore.location = null
	ssl.keystore.password = null
	ssl.keystore.type = JKS
	ssl.protocol = TLSv1.3
	ssl.provider = null
	ssl.secure.random.implementation = null
	ssl.trustmanager.algorithm = PKIX
	ssl.truststore.certificates = null
	ssl.truststore.location = null
	ssl.truststore.password = null
	ssl.truststore.type = JKS
	transaction.timeout.ms = 60000
	transactional.id = null
	value.serializer = class org.springframework.kafka.support.serializer.JsonSerializer

2025-06-20T00:30:09.695+03:00  INFO 6692 --- [main] o.a.k.c.t.i.KafkaMetricsCollector        : initializing Kafka metrics collector
2025-06-20T00:30:09.706+03:00  INFO 6692 --- [main] o.a.k.clients.producer.KafkaProducer     : [Producer clientId=producer-1] Instantiated an idempotent producer.
2025-06-20T00:30:09.722+03:00  INFO 6692 --- [main] o.a.kafka.common.utils.AppInfoParser     : Kafka version: 3.7.1
2025-06-20T00:30:09.723+03:00  INFO 6692 --- [main] o.a.kafka.common.utils.AppInfoParser     : Kafka commitId: e2494e6ffb89f828
2025-06-20T00:30:09.723+03:00  INFO 6692 --- [main] o.a.kafka.common.utils.AppInfoParser     : Kafka startTimeMs: 1750368609722
2025-06-20T00:30:09.741+03:00  INFO 6692 --- [kafka-producer-network-thread | producer-1] org.apache.kafka.clients.Metadata        : [Producer clientId=producer-1] Cluster ID: 57X2_FiZTHyXgIN_cYpJ3A
2025-06-20T00:30:09.742+03:00  INFO 6692 --- [kafka-producer-network-thread | producer-1] o.a.k.c.p.internals.TransactionManager   : [Producer clientId=producer-1] ProducerId set to 29002 with epoch 0
2025-06-20T00:30:30.214+03:00  INFO 6692 --- [main] o.a.k.clients.consumer.ConsumerConfig    : ConsumerConfig values: 
	allow.auto.create.topics = true
	auto.commit.interval.ms = 5000
	auto.include.jmx.reporter = true
	auto.offset.reset = latest
	bootstrap.servers = [localhost:9092]
	check.crcs = true
	client.dns.lookup = use_all_dns_ips
	client.id = consumer-bid-consumer-group-2
	client.rack = 
	connections.max.idle.ms = 540000
	default.api.timeout.ms = 60000
	enable.auto.commit = false
	enable.metrics.push = true
	exclude.internal.topics = true
	fetch.max.bytes = 52428800
	fetch.max.wait.ms = 500
	fetch.min.bytes = 1
	group.id = bid-consumer-group
	group.instance.id = null
	group.protocol = classic
	group.remote.assignor = null
	heartbeat.interval.ms = 3000
	interceptor.classes = []
	internal.leave.group.on.close = true
	internal.throw.on.fetch.stable.offset.unsupported = false
	isolation.level = read_uncommitted
	key.deserializer = class org.apache.kafka.common.serialization.StringDeserializer
	max.partition.fetch.bytes = 1048576
	max.poll.interval.ms = 300000
	max.poll.records = 500
	metadata.max.age.ms = 300000
	metric.reporters = []
	metrics.num.samples = 2
	metrics.recording.level = INFO
	metrics.sample.window.ms = 30000
	partition.assignment.strategy = [class org.apache.kafka.clients.consumer.RangeAssignor, class org.apache.kafka.clients.consumer.CooperativeStickyAssignor]
	receive.buffer.bytes = 65536
	reconnect.backoff.max.ms = 1000
	reconnect.backoff.ms = 50
	request.timeout.ms = 30000
	retry.backoff.max.ms = 1000
	retry.backoff.ms = 100
	sasl.client.callback.handler.class = null
	sasl.jaas.config = null
	sasl.kerberos.kinit.cmd = /usr/bin/kinit
	sasl.kerberos.min.time.before.relogin = 60000
	sasl.kerberos.service.name = null
	sasl.kerberos.ticket.renew.jitter = 0.05
	sasl.kerberos.ticket.renew.window.factor = 0.8
	sasl.login.callback.handler.class = null
	sasl.login.class = null
	sasl.login.connect.timeout.ms = null
	sasl.login.read.timeout.ms = null
	sasl.login.refresh.buffer.seconds = 300
	sasl.login.refresh.min.period.seconds = 60
	sasl.login.refresh.window.factor = 0.8
	sasl.login.refresh.window.jitter = 0.05
	sasl.login.retry.backoff.max.ms = 10000
	sasl.login.retry.backoff.ms = 100
	sasl.mechanism = GSSAPI
	sasl.oauthbearer.clock.skew.seconds = 30
	sasl.oauthbearer.expected.audience = null
	sasl.oauthbearer.expected.issuer = null
	sasl.oauthbearer.jwks.endpoint.refresh.ms = 3600000
	sasl.oauthbearer.jwks.endpoint.retry.backoff.max.ms = 10000
	sasl.oauthbearer.jwks.endpoint.retry.backoff.ms = 100
	sasl.oauthbearer.jwks.endpoint.url = null
	sasl.oauthbearer.scope.claim.name = scope
	sasl.oauthbearer.sub.claim.name = sub
	sasl.oauthbearer.token.endpoint.url = null
	security.protocol = PLAINTEXT
	security.providers = null
	send.buffer.bytes = 131072
	session.timeout.ms = 45000
	socket.connection.setup.timeout.max.ms = 30000
	socket.connection.setup.timeout.ms = 10000
	ssl.cipher.suites = null
	ssl.enabled.protocols = [TLSv1.2, TLSv1.3]
	ssl.endpoint.identification.algorithm = https
	ssl.engine.factory.class = null
	ssl.key.password = null
	ssl.keymanager.algorithm = SunX509
	ssl.keystore.certificate.chain = null
	ssl.keystore.key = null
	ssl.keystore.location = null
	ssl.keystore.password = null
	ssl.keystore.type = JKS
	ssl.protocol = TLSv1.3
	ssl.provider = null
	ssl.secure.random.implementation = null
	ssl.trustmanager.algorithm = PKIX
	ssl.truststore.certificates = null
	ssl.truststore.location = null
	ssl.truststore.password = null
	ssl.truststore.type = JKS
	value.deserializer = class org.springframework.kafka.support.serializer.JsonDeserializer

2025-06-20T00:30:30.230+03:00  INFO 6692 --- [main] o.a.k.c.t.i.KafkaMetricsCollector        : initializing Kafka metrics collector
2025-06-20T00:30:30.277+03:00  INFO 6692 --- [main] o.a.kafka.common.utils.AppInfoParser     : Kafka version: 3.7.1
2025-06-20T00:30:30.278+03:00  INFO 6692 --- [main] o.a.kafka.common.utils.AppInfoParser     : Kafka commitId: e2494e6ffb89f828
2025-06-20T00:30:30.278+03:00  INFO 6692 --- [main] o.a.kafka.common.utils.AppInfoParser     : Kafka startTimeMs: 1750368630277
2025-06-20T00:30:30.281+03:00  INFO 6692 --- [reactive-kafka-bid-consumer-group-2] o.a.k.c.c.internals.LegacyKafkaConsumer  : [Consumer clientId=consumer-bid-consumer-group-2, groupId=bid-consumer-group] Subscribed to topic(s): new-bid-events
2025-06-20T00:30:30.330+03:00  INFO 6692 --- [reactive-kafka-bid-consumer-group-2] org.apache.kafka.clients.Metadata        : [Consumer clientId=consumer-bid-consumer-group-2, groupId=bid-consumer-group] Cluster ID: 57X2_FiZTHyXgIN_cYpJ3A
2025-06-20T00:30:30.332+03:00  INFO 6692 --- [reactive-kafka-bid-consumer-group-2] o.a.k.c.c.internals.ConsumerCoordinator  : [Consumer clientId=consumer-bid-consumer-group-2, groupId=bid-consumer-group] Discovered group coordinator macbookair.lan:9092 (id: 2147483647 rack: null)
2025-06-20T00:30:30.335+03:00  INFO 6692 --- [reactive-kafka-bid-consumer-group-2] o.a.k.c.c.internals.ConsumerCoordinator  : [Consumer clientId=consumer-bid-consumer-group-2, groupId=bid-consumer-group] (Re-)joining group
2025-06-20T00:30:30.355+03:00  INFO 6692 --- [reactive-kafka-bid-consumer-group-2] o.a.k.c.c.internals.ConsumerCoordinator  : [Consumer clientId=consumer-bid-consumer-group-2, groupId=bid-consumer-group] Request joining group due to: need to re-join with the given member-id: consumer-bid-consumer-group-2-382bd3ed-ca1b-40e0-ab59-71f2e010a626
2025-06-20T00:30:30.357+03:00  INFO 6692 --- [reactive-kafka-bid-consumer-group-2] o.a.k.c.c.internals.ConsumerCoordinator  : [Consumer clientId=consumer-bid-consumer-group-2, groupId=bid-consumer-group] (Re-)joining group
2025-06-20T00:30:30.360+03:00  INFO 6692 --- [reactive-kafka-bid-consumer-group-2] o.a.k.c.c.internals.ConsumerCoordinator  : [Consumer clientId=consumer-bid-consumer-group-2, groupId=bid-consumer-group] Successfully joined group with generation Generation{generationId=300, memberId='consumer-bid-consumer-group-2-382bd3ed-ca1b-40e0-ab59-71f2e010a626', protocol='range'}
2025-06-20T00:30:30.362+03:00  INFO 6692 --- [reactive-kafka-bid-consumer-group-2] o.a.k.c.c.internals.ConsumerCoordinator  : [Consumer clientId=consumer-bid-consumer-group-2, groupId=bid-consumer-group] Finished assignment for group at generation 300: {consumer-bid-consumer-group-2-382bd3ed-ca1b-40e0-ab59-71f2e010a626=Assignment(partitions=[new-bid-events-0])}
2025-06-20T00:30:30.370+03:00  INFO 6692 --- [reactive-kafka-bid-consumer-group-2] o.a.k.c.c.internals.ConsumerCoordinator  : [Consumer clientId=consumer-bid-consumer-group-2, groupId=bid-consumer-group] Successfully synced group in generation Generation{generationId=300, memberId='consumer-bid-consumer-group-2-382bd3ed-ca1b-40e0-ab59-71f2e010a626', protocol='range'}
2025-06-20T00:30:30.373+03:00  INFO 6692 --- [reactive-kafka-bid-consumer-group-2] o.a.k.c.c.internals.ConsumerCoordinator  : [Consumer clientId=consumer-bid-consumer-group-2, groupId=bid-consumer-group] Notifying assignor about the new Assignment(partitions=[new-bid-events-0])
2025-06-20T00:30:30.378+03:00  INFO 6692 --- [reactive-kafka-bid-consumer-group-2] k.c.c.i.ConsumerRebalanceListenerInvoker : [Consumer clientId=consumer-bid-consumer-group-2, groupId=bid-consumer-group] Adding newly assigned partitions: new-bid-events-0
2025-06-20T00:30:30.383+03:00  INFO 6692 --- [reactive-kafka-bid-consumer-group-2] o.a.k.c.c.internals.ConsumerUtils        : Setting offset for partition new-bid-events-0 to the committed offset FetchPosition{offset=86, offsetEpoch=Optional.empty, currentLeader=LeaderAndEpoch{leader=Optional[macbookair.lan:9092 (id: 0 rack: null)], epoch=0}}
2025-06-20T00:30:30.409+03:00  INFO 6692 --- [reactor-tcp-nio-1] com.maria.service.BidServiceImpl         : Bid successfully saved, auction id: 2, bid amount: 250
2025-06-20T00:30:30.412+03:00  INFO 6692 --- [reactor-tcp-nio-1] o.a.k.clients.producer.ProducerConfig    : ProducerConfig values: 
	acks = -1
	auto.include.jmx.reporter = true
	batch.size = 16384
	bootstrap.servers = [localhost:9092]
	buffer.memory = 33554432
	client.dns.lookup = use_all_dns_ips
	client.id = producer-2
	compression.type = none
	connections.max.idle.ms = 540000
	delivery.timeout.ms = 120000
	enable.idempotence = true
	enable.metrics.push = true
	interceptor.classes = []
	key.serializer = class org.springframework.kafka.support.serializer.JsonSerializer
	linger.ms = 0
	max.block.ms = 60000
	max.in.flight.requests.per.connection = 5
	max.request.size = 1048576
	metadata.max.age.ms = 300000
	metadata.max.idle.ms = 300000
	metric.reporters = []
	metrics.num.samples = 2
	metrics.recording.level = INFO
	metrics.sample.window.ms = 30000
	partitioner.adaptive.partitioning.enable = true
	partitioner.availability.timeout.ms = 0
	partitioner.class = null
	partitioner.ignore.keys = false
	receive.buffer.bytes = 32768
	reconnect.backoff.max.ms = 1000
	reconnect.backoff.ms = 50
	request.timeout.ms = 30000
	retries = 2147483647
	retry.backoff.max.ms = 1000
	retry.backoff.ms = 100
	sasl.client.callback.handler.class = null
	sasl.jaas.config = null
	sasl.kerberos.kinit.cmd = /usr/bin/kinit
	sasl.kerberos.min.time.before.relogin = 60000
	sasl.kerberos.service.name = null
	sasl.kerberos.ticket.renew.jitter = 0.05
	sasl.kerberos.ticket.renew.window.factor = 0.8
	sasl.login.callback.handler.class = null
	sasl.login.class = null
	sasl.login.connect.timeout.ms = null
	sasl.login.read.timeout.ms = null
	sasl.login.refresh.buffer.seconds = 300
	sasl.login.refresh.min.period.seconds = 60
	sasl.login.refresh.window.factor = 0.8
	sasl.login.refresh.window.jitter = 0.05
	sasl.login.retry.backoff.max.ms = 10000
	sasl.login.retry.backoff.ms = 100
	sasl.mechanism = GSSAPI
	sasl.oauthbearer.clock.skew.seconds = 30
	sasl.oauthbearer.expected.audience = null
	sasl.oauthbearer.expected.issuer = null
	sasl.oauthbearer.jwks.endpoint.refresh.ms = 3600000
	sasl.oauthbearer.jwks.endpoint.retry.backoff.max.ms = 10000
	sasl.oauthbearer.jwks.endpoint.retry.backoff.ms = 100
	sasl.oauthbearer.jwks.endpoint.url = null
	sasl.oauthbearer.scope.claim.name = scope
	sasl.oauthbearer.sub.claim.name = sub
	sasl.oauthbearer.token.endpoint.url = null
	security.protocol = PLAINTEXT
	security.providers = null
	send.buffer.bytes = 131072
	socket.connection.setup.timeout.max.ms = 30000
	socket.connection.setup.timeout.ms = 10000
	ssl.cipher.suites = null
	ssl.enabled.protocols = [TLSv1.2, TLSv1.3]
	ssl.endpoint.identification.algorithm = https
	ssl.engine.factory.class = null
	ssl.key.password = null
	ssl.keymanager.algorithm = SunX509
	ssl.keystore.certificate.chain = null
	ssl.keystore.key = null
	ssl.keystore.location = null
	ssl.keystore.password = null
	ssl.keystore.type = JKS
	ssl.protocol = TLSv1.3
	ssl.provider = null
	ssl.secure.random.implementation = null
	ssl.trustmanager.algorithm = PKIX
	ssl.truststore.certificates = null
	ssl.truststore.location = null
	ssl.truststore.password = null
	ssl.truststore.type = JKS
	transaction.timeout.ms = 60000
	transactional.id = null
	value.serializer = class org.springframework.kafka.support.serializer.JsonSerializer

2025-06-20T00:30:30.413+03:00  INFO 6692 --- [reactor-tcp-nio-1] o.a.k.c.t.i.KafkaMetricsCollector        : initializing Kafka metrics collector
2025-06-20T00:30:30.417+03:00  INFO 6692 --- [reactor-tcp-nio-1] o.a.k.clients.producer.KafkaProducer     : [Producer clientId=producer-2] Instantiated an idempotent producer.
2025-06-20T00:30:30.426+03:00  INFO 6692 --- [reactor-tcp-nio-1] o.a.kafka.common.utils.AppInfoParser     : Kafka version: 3.7.1
2025-06-20T00:30:30.426+03:00  INFO 6692 --- [reactor-tcp-nio-1] o.a.kafka.common.utils.AppInfoParser     : Kafka commitId: e2494e6ffb89f828
2025-06-20T00:30:30.426+03:00  INFO 6692 --- [reactor-tcp-nio-1] o.a.kafka.common.utils.AppInfoParser     : Kafka startTimeMs: 1750368630425
2025-06-20T00:30:30.428+03:00  INFO 6692 --- [reactive-kafka-bid-consumer-group-2] k.c.c.i.ConsumerRebalanceListenerInvoker : [Consumer clientId=consumer-bid-consumer-group-2, groupId=bid-consumer-group] Revoke previously assigned partitions new-bid-events-0
2025-06-20T00:30:30.431+03:00  INFO 6692 --- [reactive-kafka-bid-consumer-group-2] o.a.k.c.c.internals.ConsumerCoordinator  : [Consumer clientId=consumer-bid-consumer-group-2, groupId=bid-consumer-group] Member consumer-bid-consumer-group-2-382bd3ed-ca1b-40e0-ab59-71f2e010a626 sending LeaveGroup request to coordinator macbookair.lan:9092 (id: 2147483647 rack: null) due to the consumer is being closed
2025-06-20T00:30:30.433+03:00  INFO 6692 --- [reactive-kafka-bid-consumer-group-2] o.a.k.c.c.internals.ConsumerCoordinator  : [Consumer clientId=consumer-bid-consumer-group-2, groupId=bid-consumer-group] Resetting generation and member id due to: consumer pro-actively leaving the group
2025-06-20T00:30:30.433+03:00  INFO 6692 --- [reactive-kafka-bid-consumer-group-2] o.a.k.c.c.internals.ConsumerCoordinator  : [Consumer clientId=consumer-bid-consumer-group-2, groupId=bid-consumer-group] Request joining group due to: consumer pro-actively leaving the group
2025-06-20T00:30:30.436+03:00  INFO 6692 --- [kafka-producer-network-thread | producer-2] org.apache.kafka.clients.Metadata        : [Producer clientId=producer-2] Cluster ID: 57X2_FiZTHyXgIN_cYpJ3A
2025-06-20T00:30:30.436+03:00  INFO 6692 --- [kafka-producer-network-thread | producer-2] o.a.k.c.p.internals.TransactionManager   : [Producer clientId=producer-2] ProducerId set to 29003 with epoch 0
2025-06-20T00:30:30.471+03:00  INFO 6692 --- [kafka-producer-network-thread | producer-2] com.maria.service.BidServiceImpl         : Bid successfully saved, auction id: 2, bid amount: 250
2025-06-20T00:30:30.473+03:00  INFO 6692 --- [reactive-kafka-bid-consumer-group-2] o.a.kafka.clients.FetchSessionHandler    : [Consumer clientId=consumer-bid-consumer-group-2, groupId=bid-consumer-group] Node 0 sent an invalid full fetch response with extraIds=(6slyoi-pQFqfRXqWHJ5VrQ), response=()
2025-06-20T00:30:30.481+03:00  INFO 6692 --- [reactive-kafka-bid-consumer-group-2] o.apache.kafka.common.metrics.Metrics    : Metrics scheduler closed
2025-06-20T00:30:30.481+03:00  INFO 6692 --- [reactive-kafka-bid-consumer-group-2] o.apache.kafka.common.metrics.Metrics    : Closing reporter org.apache.kafka.common.metrics.JmxReporter
2025-06-20T00:30:30.481+03:00  INFO 6692 --- [reactive-kafka-bid-consumer-group-2] o.apache.kafka.common.metrics.Metrics    : Closing reporter org.apache.kafka.common.telemetry.internals.ClientTelemetryReporter
2025-06-20T00:30:30.482+03:00  INFO 6692 --- [reactive-kafka-bid-consumer-group-2] o.apache.kafka.common.metrics.Metrics    : Metrics reporters closed
2025-06-20T00:30:30.504+03:00  INFO 6692 --- [reactive-kafka-bid-consumer-group-2] o.a.kafka.common.utils.AppInfoParser     : App info kafka.consumer for consumer-bid-consumer-group-2 unregistered
2025-06-20T00:53:37.150+03:00  INFO 7278 --- [main] com.maria.service.BidServiceTest         : Starting BidServiceTest using Java 21 with PID 7278 (started by mryhnwbyzqy in /Users/mryhnwbyzqy/Desktop/Auction/BidService)
2025-06-20T00:53:37.153+03:00  INFO 7278 --- [main] com.maria.service.BidServiceTest         : The following 1 profile is active: "integration-test"
2025-06-20T00:53:38.968+03:00  INFO 7278 --- [main] .s.d.r.c.RepositoryConfigurationDelegate : Multiple Spring Data modules found, entering strict repository configuration mode
2025-06-20T00:53:38.973+03:00  INFO 7278 --- [main] .s.d.r.c.RepositoryConfigurationDelegate : Bootstrapping Spring Data Reactive MongoDB repositories in DEFAULT mode.
2025-06-20T00:53:39.053+03:00  INFO 7278 --- [main] .RepositoryConfigurationExtensionSupport : Spring Data Reactive MongoDB - Could not safely identify store assignment for repository candidate interface com.maria.repository.BidRepository; If you want this repository to be a Reactive MongoDB repository, consider annotating your entities with one of these annotations: org.springframework.data.mongodb.core.mapping.Document (preferred), or consider extending one of the following types with your repository: org.springframework.data.mongodb.repository.ReactiveMongoRepository
2025-06-20T00:53:39.054+03:00  INFO 7278 --- [main] .s.d.r.c.RepositoryConfigurationDelegate : Finished Spring Data repository scanning in 75 ms. Found 0 Reactive MongoDB repository interfaces.
2025-06-20T00:53:39.092+03:00  INFO 7278 --- [main] .s.d.r.c.RepositoryConfigurationDelegate : Multiple Spring Data modules found, entering strict repository configuration mode
2025-06-20T00:53:39.093+03:00  INFO 7278 --- [main] .s.d.r.c.RepositoryConfigurationDelegate : Bootstrapping Spring Data R2DBC repositories in DEFAULT mode.
2025-06-20T00:53:39.206+03:00  INFO 7278 --- [main] .s.d.r.c.RepositoryConfigurationDelegate : Finished Spring Data repository scanning in 112 ms. Found 1 R2DBC repository interface.
2025-06-20T00:53:39.269+03:00  INFO 7278 --- [main] .s.d.r.c.RepositoryConfigurationDelegate : Multiple Spring Data modules found, entering strict repository configuration mode
2025-06-20T00:53:39.272+03:00  INFO 7278 --- [main] .s.d.r.c.RepositoryConfigurationDelegate : Bootstrapping Spring Data Redis repositories in DEFAULT mode.
2025-06-20T00:53:39.303+03:00  INFO 7278 --- [main] .RepositoryConfigurationExtensionSupport : Spring Data Redis - Could not safely identify store assignment for repository candidate interface com.maria.repository.BidRepository; If you want this repository to be a Redis repository, consider annotating your entities with one of these annotations: org.springframework.data.redis.core.RedisHash (preferred), or consider extending one of the following types with your repository: org.springframework.data.keyvalue.repository.KeyValueRepository
2025-06-20T00:53:39.305+03:00  INFO 7278 --- [main] .s.d.r.c.RepositoryConfigurationDelegate : Finished Spring Data repository scanning in 24 ms. Found 0 Redis repository interfaces.
2025-06-20T00:53:40.768+03:00  INFO 7278 --- [main] o.a.k.clients.consumer.ConsumerConfig    : ConsumerConfig values: 
	allow.auto.create.topics = true
	auto.commit.interval.ms = 5000
	auto.include.jmx.reporter = true
	auto.offset.reset = latest
	bootstrap.servers = [localhost:9092]
	check.crcs = true
	client.dns.lookup = use_all_dns_ips
	client.id = consumer-auction-consumer-group-1
	client.rack = 
	connections.max.idle.ms = 540000
	default.api.timeout.ms = 60000
	enable.auto.commit = false
	enable.metrics.push = true
	exclude.internal.topics = true
	fetch.max.bytes = 52428800
	fetch.max.wait.ms = 500
	fetch.min.bytes = 1
	group.id = auction-consumer-group
	group.instance.id = null
	group.protocol = classic
	group.remote.assignor = null
	heartbeat.interval.ms = 3000
	interceptor.classes = []
	internal.leave.group.on.close = true
	internal.throw.on.fetch.stable.offset.unsupported = false
	isolation.level = read_uncommitted
	key.deserializer = class org.apache.kafka.common.serialization.StringDeserializer
	max.partition.fetch.bytes = 1048576
	max.poll.interval.ms = 300000
	max.poll.records = 500
	metadata.max.age.ms = 300000
	metric.reporters = []
	metrics.num.samples = 2
	metrics.recording.level = INFO
	metrics.sample.window.ms = 30000
	partition.assignment.strategy = [class org.apache.kafka.clients.consumer.RangeAssignor, class org.apache.kafka.clients.consumer.CooperativeStickyAssignor]
	receive.buffer.bytes = 65536
	reconnect.backoff.max.ms = 1000
	reconnect.backoff.ms = 50
	request.timeout.ms = 30000
	retry.backoff.max.ms = 1000
	retry.backoff.ms = 100
	sasl.client.callback.handler.class = null
	sasl.jaas.config = null
	sasl.kerberos.kinit.cmd = /usr/bin/kinit
	sasl.kerberos.min.time.before.relogin = 60000
	sasl.kerberos.service.name = null
	sasl.kerberos.ticket.renew.jitter = 0.05
	sasl.kerberos.ticket.renew.window.factor = 0.8
	sasl.login.callback.handler.class = null
	sasl.login.class = null
	sasl.login.connect.timeout.ms = null
	sasl.login.read.timeout.ms = null
	sasl.login.refresh.buffer.seconds = 300
	sasl.login.refresh.min.period.seconds = 60
	sasl.login.refresh.window.factor = 0.8
	sasl.login.refresh.window.jitter = 0.05
	sasl.login.retry.backoff.max.ms = 10000
	sasl.login.retry.backoff.ms = 100
	sasl.mechanism = GSSAPI
	sasl.oauthbearer.clock.skew.seconds = 30
	sasl.oauthbearer.expected.audience = null
	sasl.oauthbearer.expected.issuer = null
	sasl.oauthbearer.jwks.endpoint.refresh.ms = 3600000
	sasl.oauthbearer.jwks.endpoint.retry.backoff.max.ms = 10000
	sasl.oauthbearer.jwks.endpoint.retry.backoff.ms = 100
	sasl.oauthbearer.jwks.endpoint.url = null
	sasl.oauthbearer.scope.claim.name = scope
	sasl.oauthbearer.sub.claim.name = sub
	sasl.oauthbearer.token.endpoint.url = null
	security.protocol = PLAINTEXT
	security.providers = null
	send.buffer.bytes = 131072
	session.timeout.ms = 45000
	socket.connection.setup.timeout.max.ms = 30000
	socket.connection.setup.timeout.ms = 10000
	ssl.cipher.suites = null
	ssl.enabled.protocols = [TLSv1.2, TLSv1.3]
	ssl.endpoint.identification.algorithm = https
	ssl.engine.factory.class = null
	ssl.key.password = null
	ssl.keymanager.algorithm = SunX509
	ssl.keystore.certificate.chain = null
	ssl.keystore.key = null
	ssl.keystore.location = null
	ssl.keystore.password = null
	ssl.keystore.type = JKS
	ssl.protocol = TLSv1.3
	ssl.provider = null
	ssl.secure.random.implementation = null
	ssl.trustmanager.algorithm = PKIX
	ssl.truststore.certificates = null
	ssl.truststore.location = null
	ssl.truststore.password = null
	ssl.truststore.type = JKS
	value.deserializer = class org.springframework.kafka.support.serializer.JsonDeserializer

2025-06-20T00:53:40.804+03:00  INFO 7278 --- [main] o.a.k.c.t.i.KafkaMetricsCollector        : initializing Kafka metrics collector
2025-06-20T00:53:41.174+03:00  INFO 7278 --- [main] o.a.kafka.common.utils.AppInfoParser     : Kafka version: 3.7.1
2025-06-20T00:53:41.175+03:00  INFO 7278 --- [main] o.a.kafka.common.utils.AppInfoParser     : Kafka commitId: e2494e6ffb89f828
2025-06-20T00:53:41.175+03:00  INFO 7278 --- [main] o.a.kafka.common.utils.AppInfoParser     : Kafka startTimeMs: 1750370021172
2025-06-20T00:53:41.197+03:00  INFO 7278 --- [reactive-kafka-auction-consumer-group-1] o.a.k.c.c.internals.LegacyKafkaConsumer  : [Consumer clientId=consumer-auction-consumer-group-1, groupId=auction-consumer-group] Subscribed to topic(s): delete-auction-events
2025-06-20T00:53:41.957+03:00  INFO 7278 --- [reactive-kafka-auction-consumer-group-1] org.apache.kafka.clients.Metadata        : [Consumer clientId=consumer-auction-consumer-group-1, groupId=auction-consumer-group] Cluster ID: 57X2_FiZTHyXgIN_cYpJ3A
2025-06-20T00:53:41.967+03:00  INFO 7278 --- [reactive-kafka-auction-consumer-group-1] o.a.k.c.c.internals.ConsumerCoordinator  : [Consumer clientId=consumer-auction-consumer-group-1, groupId=auction-consumer-group] Discovered group coordinator macbookair.lan:9092 (id: 2147483647 rack: null)
2025-06-20T00:53:42.077+03:00  INFO 7278 --- [reactive-kafka-auction-consumer-group-1] o.a.k.c.c.internals.ConsumerCoordinator  : [Consumer clientId=consumer-auction-consumer-group-1, groupId=auction-consumer-group] (Re-)joining group
2025-06-20T00:53:42.109+03:00  INFO 7278 --- [reactive-kafka-auction-consumer-group-1] o.a.k.c.c.internals.ConsumerCoordinator  : [Consumer clientId=consumer-auction-consumer-group-1, groupId=auction-consumer-group] Request joining group due to: need to re-join with the given member-id: consumer-auction-consumer-group-1-992903c3-da1a-4248-8564-563eed3f12ce
2025-06-20T00:53:42.111+03:00  INFO 7278 --- [reactive-kafka-auction-consumer-group-1] o.a.k.c.c.internals.ConsumerCoordinator  : [Consumer clientId=consumer-auction-consumer-group-1, groupId=auction-consumer-group] (Re-)joining group
2025-06-20T00:53:42.123+03:00  INFO 7278 --- [reactive-kafka-auction-consumer-group-1] o.a.k.c.c.internals.ConsumerCoordinator  : [Consumer clientId=consumer-auction-consumer-group-1, groupId=auction-consumer-group] Successfully joined group with generation Generation{generationId=60, memberId='consumer-auction-consumer-group-1-992903c3-da1a-4248-8564-563eed3f12ce', protocol='range'}
2025-06-20T00:53:42.137+03:00  INFO 7278 --- [reactive-kafka-auction-consumer-group-1] o.a.k.c.c.internals.ConsumerCoordinator  : [Consumer clientId=consumer-auction-consumer-group-1, groupId=auction-consumer-group] Finished assignment for group at generation 60: {consumer-auction-consumer-group-1-992903c3-da1a-4248-8564-563eed3f12ce=Assignment(partitions=[delete-auction-events-0])}
2025-06-20T00:53:42.202+03:00  INFO 7278 --- [reactive-kafka-auction-consumer-group-1] o.a.k.c.c.internals.ConsumerCoordinator  : [Consumer clientId=consumer-auction-consumer-group-1, groupId=auction-consumer-group] Successfully synced group in generation Generation{generationId=60, memberId='consumer-auction-consumer-group-1-992903c3-da1a-4248-8564-563eed3f12ce', protocol='range'}
2025-06-20T00:53:42.207+03:00  INFO 7278 --- [reactive-kafka-auction-consumer-group-1] o.a.k.c.c.internals.ConsumerCoordinator  : [Consumer clientId=consumer-auction-consumer-group-1, groupId=auction-consumer-group] Notifying assignor about the new Assignment(partitions=[delete-auction-events-0])
2025-06-20T00:53:42.215+03:00  INFO 7278 --- [reactive-kafka-auction-consumer-group-1] k.c.c.i.ConsumerRebalanceListenerInvoker : [Consumer clientId=consumer-auction-consumer-group-1, groupId=auction-consumer-group] Adding newly assigned partitions: delete-auction-events-0
2025-06-20T00:53:42.232+03:00  INFO 7278 --- [reactive-kafka-auction-consumer-group-1] o.a.k.c.c.internals.ConsumerUtils        : Setting offset for partition delete-auction-events-0 to the committed offset FetchPosition{offset=32, offsetEpoch=Optional.empty, currentLeader=LeaderAndEpoch{leader=Optional[macbookair.lan:9092 (id: 0 rack: null)], epoch=0}}
2025-06-20T00:53:43.739+03:00  INFO 7278 --- [main] org.mongodb.driver.client                : MongoClient with metadata {"driver": {"name": "mongo-java-driver|reactive-streams|spring-boot", "version": "5.0.1"}, "os": {"type": "Darwin", "name": "Mac OS X", "architecture": "x86_64", "version": "15.3"}, "platform": "Java/Oracle Corporation/21+35-2513"} created with settings MongoClientSettings{readPreference=primary, writeConcern=WriteConcern{w=null, wTimeout=null ms, journal=null}, retryWrites=true, retryReads=true, readConcern=ReadConcern{level=null}, credential=null, transportSettings=NettyTransportSettings{eventLoopGroup=io.netty.channel.nio.NioEventLoopGroup@6ce24203, socketChannelClass=null, allocator=null, sslContext=null}, commandListeners=[], codecRegistry=ProvidersCodecRegistry{codecProviders=[ValueCodecProvider{}, BsonValueCodecProvider{}, DBRefCodecProvider{}, DBObjectCodecProvider{}, DocumentCodecProvider{}, CollectionCodecProvider{}, IterableCodecProvider{}, MapCodecProvider{}, GeoJsonCodecProvider{}, GridFSFileCodecProvider{}, Jsr310CodecProvider{}, JsonObjectCodecProvider{}, BsonCodecProvider{}, EnumCodecProvider{}, com.mongodb.client.model.mql.ExpressionCodecProvider@4cc28ad0, com.mongodb.Jep395RecordCodecProvider@29811d4d, com.mongodb.KotlinCodecProvider@28f081ad]}, loggerSettings=LoggerSettings{maxDocumentLength=1000}, clusterSettings={hosts=[localhost:27017], srvServiceName=mongodb, mode=SINGLE, requiredClusterType=UNKNOWN, requiredReplicaSetName='null', serverSelector='null', clusterListeners='[]', serverSelectionTimeout='30000 ms', localThreshold='15 ms'}, socketSettings=SocketSettings{connectTimeoutMS=10000, readTimeoutMS=0, receiveBufferSize=0, proxySettings=ProxySettings{host=null, port=null, username=null, password=null}}, heartbeatSocketSettings=SocketSettings{connectTimeoutMS=10000, readTimeoutMS=10000, receiveBufferSize=0, proxySettings=ProxySettings{host=null, port=null, username=null, password=null}}, connectionPoolSettings=ConnectionPoolSettings{maxSize=100, minSize=0, maxWaitTimeMS=120000, maxConnectionLifeTimeMS=0, maxConnectionIdleTimeMS=0, maintenanceInitialDelayMS=0, maintenanceFrequencyMS=60000, connectionPoolListeners=[], maxConnecting=2}, serverSettings=ServerSettings{heartbeatFrequencyMS=10000, minHeartbeatFrequencyMS=500, serverListeners='[]', serverMonitorListeners='[]'}, sslSettings=SslSettings{enabled=false, invalidHostNameAllowed=false, context=null}, applicationName='null', compressorList=[], uuidRepresentation=JAVA_LEGACY, serverApi=null, autoEncryptionSettings=null, dnsClient=null, inetAddressResolver=null, contextProvider=null}
2025-06-20T00:53:43.890+03:00  INFO 7278 --- [cluster-ClusterId{value='685486e7d65b2d368451e060', description='null'}-localhost:27017] org.mongodb.driver.cluster               : Monitor thread successfully connected to server with description ServerDescription{address=localhost:27017, type=STANDALONE, state=CONNECTED, ok=true, minWireVersion=0, maxWireVersion=25, maxDocumentSize=16777216, logicalSessionTimeoutMinutes=30, roundTripTimeNanos=104805000}
2025-06-20T00:53:44.591+03:00  INFO 7278 --- [main] o.a.k.clients.admin.AdminClientConfig    : AdminClientConfig values: 
	auto.include.jmx.reporter = true
	bootstrap.controllers = []
	bootstrap.servers = [PLAINTEXT://localhost:50256]
	client.dns.lookup = use_all_dns_ips
	client.id = 
	connections.max.idle.ms = 300000
	default.api.timeout.ms = 60000
	enable.metrics.push = true
	metadata.max.age.ms = 300000
	metric.reporters = []
	metrics.num.samples = 2
	metrics.recording.level = INFO
	metrics.sample.window.ms = 30000
	receive.buffer.bytes = 65536
	reconnect.backoff.max.ms = 1000
	reconnect.backoff.ms = 50
	request.timeout.ms = 30000
	retries = 2147483647
	retry.backoff.max.ms = 1000
	retry.backoff.ms = 100
	sasl.client.callback.handler.class = null
	sasl.jaas.config = null
	sasl.kerberos.kinit.cmd = /usr/bin/kinit
	sasl.kerberos.min.time.before.relogin = 60000
	sasl.kerberos.service.name = null
	sasl.kerberos.ticket.renew.jitter = 0.05
	sasl.kerberos.ticket.renew.window.factor = 0.8
	sasl.login.callback.handler.class = null
	sasl.login.class = null
	sasl.login.connect.timeout.ms = null
	sasl.login.read.timeout.ms = null
	sasl.login.refresh.buffer.seconds = 300
	sasl.login.refresh.min.period.seconds = 60
	sasl.login.refresh.window.factor = 0.8
	sasl.login.refresh.window.jitter = 0.05
	sasl.login.retry.backoff.max.ms = 10000
	sasl.login.retry.backoff.ms = 100
	sasl.mechanism = GSSAPI
	sasl.oauthbearer.clock.skew.seconds = 30
	sasl.oauthbearer.expected.audience = null
	sasl.oauthbearer.expected.issuer = null
	sasl.oauthbearer.jwks.endpoint.refresh.ms = 3600000
	sasl.oauthbearer.jwks.endpoint.retry.backoff.max.ms = 10000
	sasl.oauthbearer.jwks.endpoint.retry.backoff.ms = 100
	sasl.oauthbearer.jwks.endpoint.url = null
	sasl.oauthbearer.scope.claim.name = scope
	sasl.oauthbearer.sub.claim.name = sub
	sasl.oauthbearer.token.endpoint.url = null
	security.protocol = PLAINTEXT
	security.providers = null
	send.buffer.bytes = 131072
	socket.connection.setup.timeout.max.ms = 30000
	socket.connection.setup.timeout.ms = 10000
	ssl.cipher.suites = null
	ssl.enabled.protocols = [TLSv1.2, TLSv1.3]
	ssl.endpoint.identification.algorithm = https
	ssl.engine.factory.class = null
	ssl.key.password = null
	ssl.keymanager.algorithm = SunX509
	ssl.keystore.certificate.chain = null
	ssl.keystore.key = null
	ssl.keystore.location = null
	ssl.keystore.password = null
	ssl.keystore.type = JKS
	ssl.protocol = TLSv1.3
	ssl.provider = null
	ssl.secure.random.implementation = null
	ssl.trustmanager.algorithm = PKIX
	ssl.truststore.certificates = null
	ssl.truststore.location = null
	ssl.truststore.password = null
	ssl.truststore.type = JKS

2025-06-20T00:53:44.629+03:00  INFO 7278 --- [main] o.a.kafka.common.utils.AppInfoParser     : Kafka version: 3.7.1
2025-06-20T00:53:44.630+03:00  INFO 7278 --- [main] o.a.kafka.common.utils.AppInfoParser     : Kafka commitId: e2494e6ffb89f828
2025-06-20T00:53:44.630+03:00  INFO 7278 --- [main] o.a.kafka.common.utils.AppInfoParser     : Kafka startTimeMs: 1750370024629
2025-06-20T00:53:44.967+03:00  INFO 7278 --- [kafka-admin-client-thread | adminclient-1] o.a.kafka.common.utils.AppInfoParser     : App info kafka.admin.client for adminclient-1 unregistered
2025-06-20T00:53:44.982+03:00  INFO 7278 --- [kafka-admin-client-thread | adminclient-1] o.apache.kafka.common.metrics.Metrics    : Metrics scheduler closed
2025-06-20T00:53:44.983+03:00  INFO 7278 --- [kafka-admin-client-thread | adminclient-1] o.apache.kafka.common.metrics.Metrics    : Closing reporter org.apache.kafka.common.metrics.JmxReporter
2025-06-20T00:53:44.984+03:00  INFO 7278 --- [kafka-admin-client-thread | adminclient-1] o.apache.kafka.common.metrics.Metrics    : Metrics reporters closed
2025-06-20T00:53:45.108+03:00  INFO 7278 --- [main] com.maria.service.BidServiceTest         : Started BidServiceTest in 8.638 seconds (process running for 31.935)
2025-06-20T00:53:48.099+03:00  INFO 7278 --- [main] o.a.k.clients.producer.ProducerConfig    : ProducerConfig values: 
	acks = -1
	auto.include.jmx.reporter = true
	batch.size = 16384
	bootstrap.servers = [localhost:9092]
	buffer.memory = 33554432
	client.dns.lookup = use_all_dns_ips
	client.id = producer-1
	compression.type = none
	connections.max.idle.ms = 540000
	delivery.timeout.ms = 120000
	enable.idempotence = true
	enable.metrics.push = true
	interceptor.classes = []
	key.serializer = class org.springframework.kafka.support.serializer.JsonSerializer
	linger.ms = 0
	max.block.ms = 60000
	max.in.flight.requests.per.connection = 5
	max.request.size = 1048576
	metadata.max.age.ms = 300000
	metadata.max.idle.ms = 300000
	metric.reporters = []
	metrics.num.samples = 2
	metrics.recording.level = INFO
	metrics.sample.window.ms = 30000
	partitioner.adaptive.partitioning.enable = true
	partitioner.availability.timeout.ms = 0
	partitioner.class = null
	partitioner.ignore.keys = false
	receive.buffer.bytes = 32768
	reconnect.backoff.max.ms = 1000
	reconnect.backoff.ms = 50
	request.timeout.ms = 30000
	retries = 2147483647
	retry.backoff.max.ms = 1000
	retry.backoff.ms = 100
	sasl.client.callback.handler.class = null
	sasl.jaas.config = null
	sasl.kerberos.kinit.cmd = /usr/bin/kinit
	sasl.kerberos.min.time.before.relogin = 60000
	sasl.kerberos.service.name = null
	sasl.kerberos.ticket.renew.jitter = 0.05
	sasl.kerberos.ticket.renew.window.factor = 0.8
	sasl.login.callback.handler.class = null
	sasl.login.class = null
	sasl.login.connect.timeout.ms = null
	sasl.login.read.timeout.ms = null
	sasl.login.refresh.buffer.seconds = 300
	sasl.login.refresh.min.period.seconds = 60
	sasl.login.refresh.window.factor = 0.8
	sasl.login.refresh.window.jitter = 0.05
	sasl.login.retry.backoff.max.ms = 10000
	sasl.login.retry.backoff.ms = 100
	sasl.mechanism = GSSAPI
	sasl.oauthbearer.clock.skew.seconds = 30
	sasl.oauthbearer.expected.audience = null
	sasl.oauthbearer.expected.issuer = null
	sasl.oauthbearer.jwks.endpoint.refresh.ms = 3600000
	sasl.oauthbearer.jwks.endpoint.retry.backoff.max.ms = 10000
	sasl.oauthbearer.jwks.endpoint.retry.backoff.ms = 100
	sasl.oauthbearer.jwks.endpoint.url = null
	sasl.oauthbearer.scope.claim.name = scope
	sasl.oauthbearer.sub.claim.name = sub
	sasl.oauthbearer.token.endpoint.url = null
	security.protocol = PLAINTEXT
	security.providers = null
	send.buffer.bytes = 131072
	socket.connection.setup.timeout.max.ms = 30000
	socket.connection.setup.timeout.ms = 10000
	ssl.cipher.suites = null
	ssl.enabled.protocols = [TLSv1.2, TLSv1.3]
	ssl.endpoint.identification.algorithm = https
	ssl.engine.factory.class = null
	ssl.key.password = null
	ssl.keymanager.algorithm = SunX509
	ssl.keystore.certificate.chain = null
	ssl.keystore.key = null
	ssl.keystore.location = null
	ssl.keystore.password = null
	ssl.keystore.type = JKS
	ssl.protocol = TLSv1.3
	ssl.provider = null
	ssl.secure.random.implementation = null
	ssl.trustmanager.algorithm = PKIX
	ssl.truststore.certificates = null
	ssl.truststore.location = null
	ssl.truststore.password = null
	ssl.truststore.type = JKS
	transaction.timeout.ms = 60000
	transactional.id = null
	value.serializer = class org.springframework.kafka.support.serializer.JsonSerializer

2025-06-20T00:53:48.103+03:00  INFO 7278 --- [main] o.a.k.c.t.i.KafkaMetricsCollector        : initializing Kafka metrics collector
2025-06-20T00:53:48.131+03:00  INFO 7278 --- [main] o.a.k.clients.producer.KafkaProducer     : [Producer clientId=producer-1] Instantiated an idempotent producer.
2025-06-20T00:53:48.196+03:00  INFO 7278 --- [main] o.a.kafka.common.utils.AppInfoParser     : Kafka version: 3.7.1
2025-06-20T00:53:48.196+03:00  INFO 7278 --- [main] o.a.kafka.common.utils.AppInfoParser     : Kafka commitId: e2494e6ffb89f828
2025-06-20T00:53:48.196+03:00  INFO 7278 --- [main] o.a.kafka.common.utils.AppInfoParser     : Kafka startTimeMs: 1750370028196
2025-06-20T00:53:48.237+03:00  INFO 7278 --- [kafka-producer-network-thread | producer-1] org.apache.kafka.clients.Metadata        : [Producer clientId=producer-1] Cluster ID: 57X2_FiZTHyXgIN_cYpJ3A
2025-06-20T00:53:48.284+03:00  INFO 7278 --- [kafka-producer-network-thread | producer-1] o.a.k.c.p.internals.TransactionManager   : [Producer clientId=producer-1] ProducerId set to 29004 with epoch 0
2025-06-20T00:54:08.860+03:00  INFO 7278 --- [main] o.a.k.clients.consumer.ConsumerConfig    : ConsumerConfig values: 
	allow.auto.create.topics = true
	auto.commit.interval.ms = 5000
	auto.include.jmx.reporter = true
	auto.offset.reset = latest
	bootstrap.servers = [localhost:9092]
	check.crcs = true
	client.dns.lookup = use_all_dns_ips
	client.id = consumer-bid-consumer-group-2
	client.rack = 
	connections.max.idle.ms = 540000
	default.api.timeout.ms = 60000
	enable.auto.commit = false
	enable.metrics.push = true
	exclude.internal.topics = true
	fetch.max.bytes = 52428800
	fetch.max.wait.ms = 500
	fetch.min.bytes = 1
	group.id = bid-consumer-group
	group.instance.id = null
	group.protocol = classic
	group.remote.assignor = null
	heartbeat.interval.ms = 3000
	interceptor.classes = []
	internal.leave.group.on.close = true
	internal.throw.on.fetch.stable.offset.unsupported = false
	isolation.level = read_uncommitted
	key.deserializer = class org.apache.kafka.common.serialization.StringDeserializer
	max.partition.fetch.bytes = 1048576
	max.poll.interval.ms = 300000
	max.poll.records = 500
	metadata.max.age.ms = 300000
	metric.reporters = []
	metrics.num.samples = 2
	metrics.recording.level = INFO
	metrics.sample.window.ms = 30000
	partition.assignment.strategy = [class org.apache.kafka.clients.consumer.RangeAssignor, class org.apache.kafka.clients.consumer.CooperativeStickyAssignor]
	receive.buffer.bytes = 65536
	reconnect.backoff.max.ms = 1000
	reconnect.backoff.ms = 50
	request.timeout.ms = 30000
	retry.backoff.max.ms = 1000
	retry.backoff.ms = 100
	sasl.client.callback.handler.class = null
	sasl.jaas.config = null
	sasl.kerberos.kinit.cmd = /usr/bin/kinit
	sasl.kerberos.min.time.before.relogin = 60000
	sasl.kerberos.service.name = null
	sasl.kerberos.ticket.renew.jitter = 0.05
	sasl.kerberos.ticket.renew.window.factor = 0.8
	sasl.login.callback.handler.class = null
	sasl.login.class = null
	sasl.login.connect.timeout.ms = null
	sasl.login.read.timeout.ms = null
	sasl.login.refresh.buffer.seconds = 300
	sasl.login.refresh.min.period.seconds = 60
	sasl.login.refresh.window.factor = 0.8
	sasl.login.refresh.window.jitter = 0.05
	sasl.login.retry.backoff.max.ms = 10000
	sasl.login.retry.backoff.ms = 100
	sasl.mechanism = GSSAPI
	sasl.oauthbearer.clock.skew.seconds = 30
	sasl.oauthbearer.expected.audience = null
	sasl.oauthbearer.expected.issuer = null
	sasl.oauthbearer.jwks.endpoint.refresh.ms = 3600000
	sasl.oauthbearer.jwks.endpoint.retry.backoff.max.ms = 10000
	sasl.oauthbearer.jwks.endpoint.retry.backoff.ms = 100
	sasl.oauthbearer.jwks.endpoint.url = null
	sasl.oauthbearer.scope.claim.name = scope
	sasl.oauthbearer.sub.claim.name = sub
	sasl.oauthbearer.token.endpoint.url = null
	security.protocol = PLAINTEXT
	security.providers = null
	send.buffer.bytes = 131072
	session.timeout.ms = 45000
	socket.connection.setup.timeout.max.ms = 30000
	socket.connection.setup.timeout.ms = 10000
	ssl.cipher.suites = null
	ssl.enabled.protocols = [TLSv1.2, TLSv1.3]
	ssl.endpoint.identification.algorithm = https
	ssl.engine.factory.class = null
	ssl.key.password = null
	ssl.keymanager.algorithm = SunX509
	ssl.keystore.certificate.chain = null
	ssl.keystore.key = null
	ssl.keystore.location = null
	ssl.keystore.password = null
	ssl.keystore.type = JKS
	ssl.protocol = TLSv1.3
	ssl.provider = null
	ssl.secure.random.implementation = null
	ssl.trustmanager.algorithm = PKIX
	ssl.truststore.certificates = null
	ssl.truststore.location = null
	ssl.truststore.password = null
	ssl.truststore.type = JKS
	value.deserializer = class org.springframework.kafka.support.serializer.JsonDeserializer

2025-06-20T00:54:08.874+03:00  INFO 7278 --- [main] o.a.k.c.t.i.KafkaMetricsCollector        : initializing Kafka metrics collector
2025-06-20T00:54:08.938+03:00  INFO 7278 --- [main] o.a.kafka.common.utils.AppInfoParser     : Kafka version: 3.7.1
2025-06-20T00:54:08.939+03:00  INFO 7278 --- [main] o.a.kafka.common.utils.AppInfoParser     : Kafka commitId: e2494e6ffb89f828
2025-06-20T00:54:08.939+03:00  INFO 7278 --- [main] o.a.kafka.common.utils.AppInfoParser     : Kafka startTimeMs: 1750370048938
2025-06-20T00:54:08.943+03:00  INFO 7278 --- [reactive-kafka-bid-consumer-group-2] o.a.k.c.c.internals.LegacyKafkaConsumer  : [Consumer clientId=consumer-bid-consumer-group-2, groupId=bid-consumer-group] Subscribed to topic(s): new-bid-events
2025-06-20T00:54:08.989+03:00  INFO 7278 --- [reactive-kafka-bid-consumer-group-2] org.apache.kafka.clients.Metadata        : [Consumer clientId=consumer-bid-consumer-group-2, groupId=bid-consumer-group] Cluster ID: 57X2_FiZTHyXgIN_cYpJ3A
2025-06-20T00:54:08.992+03:00  INFO 7278 --- [reactive-kafka-bid-consumer-group-2] o.a.k.c.c.internals.ConsumerCoordinator  : [Consumer clientId=consumer-bid-consumer-group-2, groupId=bid-consumer-group] Discovered group coordinator macbookair.lan:9092 (id: 2147483647 rack: null)
2025-06-20T00:54:08.994+03:00  INFO 7278 --- [reactive-kafka-bid-consumer-group-2] o.a.k.c.c.internals.ConsumerCoordinator  : [Consumer clientId=consumer-bid-consumer-group-2, groupId=bid-consumer-group] (Re-)joining group
2025-06-20T00:54:09.012+03:00  INFO 7278 --- [reactive-kafka-bid-consumer-group-2] o.a.k.c.c.internals.ConsumerCoordinator  : [Consumer clientId=consumer-bid-consumer-group-2, groupId=bid-consumer-group] Request joining group due to: need to re-join with the given member-id: consumer-bid-consumer-group-2-b546e08b-4cd6-4ab2-9426-c6516caa6bc5
2025-06-20T00:54:09.015+03:00  INFO 7278 --- [reactive-kafka-bid-consumer-group-2] o.a.k.c.c.internals.ConsumerCoordinator  : [Consumer clientId=consumer-bid-consumer-group-2, groupId=bid-consumer-group] (Re-)joining group
2025-06-20T00:54:09.024+03:00  INFO 7278 --- [reactive-kafka-bid-consumer-group-2] o.a.k.c.c.internals.ConsumerCoordinator  : [Consumer clientId=consumer-bid-consumer-group-2, groupId=bid-consumer-group] Successfully joined group with generation Generation{generationId=302, memberId='consumer-bid-consumer-group-2-b546e08b-4cd6-4ab2-9426-c6516caa6bc5', protocol='range'}
2025-06-20T00:54:09.028+03:00  INFO 7278 --- [reactive-kafka-bid-consumer-group-2] o.a.k.c.c.internals.ConsumerCoordinator  : [Consumer clientId=consumer-bid-consumer-group-2, groupId=bid-consumer-group] Finished assignment for group at generation 302: {consumer-bid-consumer-group-2-b546e08b-4cd6-4ab2-9426-c6516caa6bc5=Assignment(partitions=[new-bid-events-0])}
2025-06-20T00:54:09.034+03:00  INFO 7278 --- [reactive-kafka-bid-consumer-group-2] o.a.k.c.c.internals.ConsumerCoordinator  : [Consumer clientId=consumer-bid-consumer-group-2, groupId=bid-consumer-group] Successfully synced group in generation Generation{generationId=302, memberId='consumer-bid-consumer-group-2-b546e08b-4cd6-4ab2-9426-c6516caa6bc5', protocol='range'}
2025-06-20T00:54:09.036+03:00  INFO 7278 --- [reactive-kafka-bid-consumer-group-2] o.a.k.c.c.internals.ConsumerCoordinator  : [Consumer clientId=consumer-bid-consumer-group-2, groupId=bid-consumer-group] Notifying assignor about the new Assignment(partitions=[new-bid-events-0])
2025-06-20T00:54:09.037+03:00  INFO 7278 --- [reactive-kafka-bid-consumer-group-2] k.c.c.i.ConsumerRebalanceListenerInvoker : [Consumer clientId=consumer-bid-consumer-group-2, groupId=bid-consumer-group] Adding newly assigned partitions: new-bid-events-0
2025-06-20T00:54:09.043+03:00  INFO 7278 --- [reactive-kafka-bid-consumer-group-2] o.a.k.c.c.internals.ConsumerUtils        : Setting offset for partition new-bid-events-0 to the committed offset FetchPosition{offset=86, offsetEpoch=Optional.empty, currentLeader=LeaderAndEpoch{leader=Optional[macbookair.lan:9092 (id: 0 rack: null)], epoch=0}}
2025-06-20T00:54:09.110+03:00  INFO 7278 --- [reactor-tcp-nio-8] com.maria.service.BidServiceImpl         : Bid successfully saved, auction id: 2, bid amount: 250
2025-06-20T00:54:09.114+03:00  INFO 7278 --- [reactor-tcp-nio-8] o.a.k.clients.producer.ProducerConfig    : ProducerConfig values: 
	acks = -1
	auto.include.jmx.reporter = true
	batch.size = 16384
	bootstrap.servers = [localhost:9092]
	buffer.memory = 33554432
	client.dns.lookup = use_all_dns_ips
	client.id = producer-2
	compression.type = none
	connections.max.idle.ms = 540000
	delivery.timeout.ms = 120000
	enable.idempotence = true
	enable.metrics.push = true
	interceptor.classes = []
	key.serializer = class org.springframework.kafka.support.serializer.JsonSerializer
	linger.ms = 0
	max.block.ms = 60000
	max.in.flight.requests.per.connection = 5
	max.request.size = 1048576
	metadata.max.age.ms = 300000
	metadata.max.idle.ms = 300000
	metric.reporters = []
	metrics.num.samples = 2
	metrics.recording.level = INFO
	metrics.sample.window.ms = 30000
	partitioner.adaptive.partitioning.enable = true
	partitioner.availability.timeout.ms = 0
	partitioner.class = null
	partitioner.ignore.keys = false
	receive.buffer.bytes = 32768
	reconnect.backoff.max.ms = 1000
	reconnect.backoff.ms = 50
	request.timeout.ms = 30000
	retries = 2147483647
	retry.backoff.max.ms = 1000
	retry.backoff.ms = 100
	sasl.client.callback.handler.class = null
	sasl.jaas.config = null
	sasl.kerberos.kinit.cmd = /usr/bin/kinit
	sasl.kerberos.min.time.before.relogin = 60000
	sasl.kerberos.service.name = null
	sasl.kerberos.ticket.renew.jitter = 0.05
	sasl.kerberos.ticket.renew.window.factor = 0.8
	sasl.login.callback.handler.class = null
	sasl.login.class = null
	sasl.login.connect.timeout.ms = null
	sasl.login.read.timeout.ms = null
	sasl.login.refresh.buffer.seconds = 300
	sasl.login.refresh.min.period.seconds = 60
	sasl.login.refresh.window.factor = 0.8
	sasl.login.refresh.window.jitter = 0.05
	sasl.login.retry.backoff.max.ms = 10000
	sasl.login.retry.backoff.ms = 100
	sasl.mechanism = GSSAPI
	sasl.oauthbearer.clock.skew.seconds = 30
	sasl.oauthbearer.expected.audience = null
	sasl.oauthbearer.expected.issuer = null
	sasl.oauthbearer.jwks.endpoint.refresh.ms = 3600000
	sasl.oauthbearer.jwks.endpoint.retry.backoff.max.ms = 10000
	sasl.oauthbearer.jwks.endpoint.retry.backoff.ms = 100
	sasl.oauthbearer.jwks.endpoint.url = null
	sasl.oauthbearer.scope.claim.name = scope
	sasl.oauthbearer.sub.claim.name = sub
	sasl.oauthbearer.token.endpoint.url = null
	security.protocol = PLAINTEXT
	security.providers = null
	send.buffer.bytes = 131072
	socket.connection.setup.timeout.max.ms = 30000
	socket.connection.setup.timeout.ms = 10000
	ssl.cipher.suites = null
	ssl.enabled.protocols = [TLSv1.2, TLSv1.3]
	ssl.endpoint.identification.algorithm = https
	ssl.engine.factory.class = null
	ssl.key.password = null
	ssl.keymanager.algorithm = SunX509
	ssl.keystore.certificate.chain = null
	ssl.keystore.key = null
	ssl.keystore.location = null
	ssl.keystore.password = null
	ssl.keystore.type = JKS
	ssl.protocol = TLSv1.3
	ssl.provider = null
	ssl.secure.random.implementation = null
	ssl.trustmanager.algorithm = PKIX
	ssl.truststore.certificates = null
	ssl.truststore.location = null
	ssl.truststore.password = null
	ssl.truststore.type = JKS
	transaction.timeout.ms = 60000
	transactional.id = null
	value.serializer = class org.springframework.kafka.support.serializer.JsonSerializer

2025-06-20T00:54:09.117+03:00  INFO 7278 --- [reactive-kafka-bid-consumer-group-2] k.c.c.i.ConsumerRebalanceListenerInvoker : [Consumer clientId=consumer-bid-consumer-group-2, groupId=bid-consumer-group] Revoke previously assigned partitions new-bid-events-0
2025-06-20T00:54:09.119+03:00  INFO 7278 --- [reactor-tcp-nio-8] o.a.k.c.t.i.KafkaMetricsCollector        : initializing Kafka metrics collector
2025-06-20T00:54:09.121+03:00  INFO 7278 --- [reactive-kafka-bid-consumer-group-2] o.a.k.c.c.internals.ConsumerCoordinator  : [Consumer clientId=consumer-bid-consumer-group-2, groupId=bid-consumer-group] Member consumer-bid-consumer-group-2-b546e08b-4cd6-4ab2-9426-c6516caa6bc5 sending LeaveGroup request to coordinator macbookair.lan:9092 (id: 2147483647 rack: null) due to the consumer is being closed
2025-06-20T00:54:09.122+03:00  INFO 7278 --- [reactive-kafka-bid-consumer-group-2] o.a.k.c.c.internals.ConsumerCoordinator  : [Consumer clientId=consumer-bid-consumer-group-2, groupId=bid-consumer-group] Resetting generation and member id due to: consumer pro-actively leaving the group
2025-06-20T00:54:09.123+03:00  INFO 7278 --- [reactive-kafka-bid-consumer-group-2] o.a.k.c.c.internals.ConsumerCoordinator  : [Consumer clientId=consumer-bid-consumer-group-2, groupId=bid-consumer-group] Request joining group due to: consumer pro-actively leaving the group
2025-06-20T00:54:09.122+03:00  INFO 7278 --- [reactor-tcp-nio-8] o.a.k.clients.producer.KafkaProducer     : [Producer clientId=producer-2] Instantiated an idempotent producer.
2025-06-20T00:54:09.136+03:00  INFO 7278 --- [reactor-tcp-nio-8] o.a.kafka.common.utils.AppInfoParser     : Kafka version: 3.7.1
2025-06-20T00:54:09.137+03:00  INFO 7278 --- [reactor-tcp-nio-8] o.a.kafka.common.utils.AppInfoParser     : Kafka commitId: e2494e6ffb89f828
2025-06-20T00:54:09.138+03:00  INFO 7278 --- [reactor-tcp-nio-8] o.a.kafka.common.utils.AppInfoParser     : Kafka startTimeMs: 1750370049135
2025-06-20T00:54:09.158+03:00  INFO 7278 --- [kafka-producer-network-thread | producer-2] org.apache.kafka.clients.Metadata        : [Producer clientId=producer-2] Cluster ID: 57X2_FiZTHyXgIN_cYpJ3A
2025-06-20T00:54:09.160+03:00  INFO 7278 --- [kafka-producer-network-thread | producer-2] o.a.k.c.p.internals.TransactionManager   : [Producer clientId=producer-2] ProducerId set to 29005 with epoch 0
2025-06-20T00:54:09.196+03:00  INFO 7278 --- [kafka-producer-network-thread | producer-2] com.maria.service.BidServiceImpl         : Bid successfully saved, auction id: 2, bid amount: 250
2025-06-20T00:54:09.198+03:00  INFO 7278 --- [reactive-kafka-bid-consumer-group-2] o.a.kafka.clients.FetchSessionHandler    : [Consumer clientId=consumer-bid-consumer-group-2, groupId=bid-consumer-group] Node 0 sent an invalid full fetch response with extraIds=(6slyoi-pQFqfRXqWHJ5VrQ), response=()
2025-06-20T00:54:09.203+03:00  INFO 7278 --- [reactive-kafka-bid-consumer-group-2] o.apache.kafka.common.metrics.Metrics    : Metrics scheduler closed
2025-06-20T00:54:09.204+03:00  INFO 7278 --- [reactive-kafka-bid-consumer-group-2] o.apache.kafka.common.metrics.Metrics    : Closing reporter org.apache.kafka.common.metrics.JmxReporter
2025-06-20T00:54:09.204+03:00  INFO 7278 --- [reactive-kafka-bid-consumer-group-2] o.apache.kafka.common.metrics.Metrics    : Closing reporter org.apache.kafka.common.telemetry.internals.ClientTelemetryReporter
2025-06-20T00:54:09.204+03:00  INFO 7278 --- [reactive-kafka-bid-consumer-group-2] o.apache.kafka.common.metrics.Metrics    : Metrics reporters closed
2025-06-20T00:54:09.215+03:00  INFO 7278 --- [reactive-kafka-bid-consumer-group-2] o.a.kafka.common.utils.AppInfoParser     : App info kafka.consumer for consumer-bid-consumer-group-2 unregistered
